<?xml version="1.0" encoding="UTF-8"?>
<!-- Generated by org.testng.reporters.JUnitXMLReporter -->
<testsuite hostname="LAPTOP-PATGFM90" ignored="0" name="Test" tests="330" failures="0" timestamp="2022-06-05T23:22:47 IST" time="100.857" errors="0">
  <testcase name="pdfScreenShot" time="1.191" classname="PESMCOE.PublicationScreenShot.PdfScreenShot"/>
  <testcase name="pdfScreenShot" time="0.834" classname="PESMCOE.PublicationScreenShot.PdfScreenShot"/>
  <testcase name="pdfScreenShot" time="0.595" classname="PESMCOE.PublicationScreenShot.PdfScreenShot"/>
  <testcase name="pdfScreenShot" time="1.939" classname="PESMCOE.PublicationScreenShot.PdfScreenShot"/>
  <testcase name="pdfScreenShot" time="0.329" classname="PESMCOE.PublicationScreenShot.PdfScreenShot"/>
  <testcase name="pdfScreenShot" time="0.201" classname="PESMCOE.PublicationScreenShot.PdfScreenShot"/>
  <testcase name="pdfScreenShot" time="0.605" classname="PESMCOE.PublicationScreenShot.PdfScreenShot"/>
  <testcase name="pdfScreenShot" time="0.338" classname="PESMCOE.PublicationScreenShot.PdfScreenShot"/>
  <testcase name="pdfScreenShot" time="0.161" classname="PESMCOE.PublicationScreenShot.PdfScreenShot"/>
  <testcase name="pdfScreenShot" time="0.278" classname="PESMCOE.PublicationScreenShot.PdfScreenShot"/>
  <testcase name="pdfScreenShot" time="0.369" classname="PESMCOE.PublicationScreenShot.PdfScreenShot"/>
  <testcase name="pdfScreenShot" time="0.251" classname="PESMCOE.PublicationScreenShot.PdfScreenShot"/>
  <testcase name="pdfScreenShot" time="0.236" classname="PESMCOE.PublicationScreenShot.PdfScreenShot"/>
  <testcase name="pdfScreenShot" time="0.291" classname="PESMCOE.PublicationScreenShot.PdfScreenShot"/>
  <testcase name="pdfScreenShot" time="0.166" classname="PESMCOE.PublicationScreenShot.PdfScreenShot"/>
  <testcase name="pdfScreenShot" time="0.132" classname="PESMCOE.PublicationScreenShot.PdfScreenShot"/>
  <testcase name="pdfScreenShot" time="0.213" classname="PESMCOE.PublicationScreenShot.PdfScreenShot"/>
  <testcase name="pdfScreenShot" time="0.241" classname="PESMCOE.PublicationScreenShot.PdfScreenShot"/>
  <testcase name="pdfScreenShot" time="0.227" classname="PESMCOE.PublicationScreenShot.PdfScreenShot"/>
  <testcase name="pdfScreenShot" time="0.245" classname="PESMCOE.PublicationScreenShot.PdfScreenShot"/>
  <testcase name="pdfScreenShot" time="0.143" classname="PESMCOE.PublicationScreenShot.PdfScreenShot"/>
  <testcase name="pdfScreenShot" time="0.137" classname="PESMCOE.PublicationScreenShot.PdfScreenShot"/>
  <testcase name="pdfScreenShot" time="1.565" classname="PESMCOE.PublicationScreenShot.PdfScreenShot"/>
  <testcase name="pdfScreenShot" time="0.213" classname="PESMCOE.PublicationScreenShot.PdfScreenShot"/>
  <testcase name="pdfScreenShot" time="0.15" classname="PESMCOE.PublicationScreenShot.PdfScreenShot"/>
  <testcase name="pdfScreenShot" time="0.18" classname="PESMCOE.PublicationScreenShot.PdfScreenShot"/>
  <testcase name="pdfScreenShot" time="0.172" classname="PESMCOE.PublicationScreenShot.PdfScreenShot"/>
  <testcase name="pdfScreenShot" time="0.287" classname="PESMCOE.PublicationScreenShot.PdfScreenShot"/>
  <testcase name="pdfScreenShot" time="0.156" classname="PESMCOE.PublicationScreenShot.PdfScreenShot"/>
  <testcase name="pdfScreenShot" time="0.149" classname="PESMCOE.PublicationScreenShot.PdfScreenShot"/>
  <testcase name="pdfScreenShot" time="0.195" classname="PESMCOE.PublicationScreenShot.PdfScreenShot"/>
  <testcase name="pdfScreenShot" time="0.337" classname="PESMCOE.PublicationScreenShot.PdfScreenShot"/>
  <testcase name="pdfScreenShot" time="0.304" classname="PESMCOE.PublicationScreenShot.PdfScreenShot"/>
  <testcase name="pdfScreenShot" time="0.31" classname="PESMCOE.PublicationScreenShot.PdfScreenShot"/>
  <testcase name="pdfScreenShot" time="0.335" classname="PESMCOE.PublicationScreenShot.PdfScreenShot"/>
  <testcase name="pdfScreenShot" time="0.216" classname="PESMCOE.PublicationScreenShot.PdfScreenShot"/>
  <testcase name="pdfScreenShot" time="0.201" classname="PESMCOE.PublicationScreenShot.PdfScreenShot"/>
  <testcase name="pdfScreenShot" time="0.196" classname="PESMCOE.PublicationScreenShot.PdfScreenShot"/>
  <testcase name="pdfScreenShot" time="0.179" classname="PESMCOE.PublicationScreenShot.PdfScreenShot"/>
  <testcase name="pdfScreenShot" time="0.275" classname="PESMCOE.PublicationScreenShot.PdfScreenShot"/>
  <testcase name="pdfScreenShot" time="0.131" classname="PESMCOE.PublicationScreenShot.PdfScreenShot"/>
  <testcase name="pdfScreenShot" time="0.218" classname="PESMCOE.PublicationScreenShot.PdfScreenShot"/>
  <testcase name="pdfScreenShot" time="0.189" classname="PESMCOE.PublicationScreenShot.PdfScreenShot"/>
  <testcase name="pdfScreenShot" time="0.39" classname="PESMCOE.PublicationScreenShot.PdfScreenShot"/>
  <testcase name="pdfScreenShot" time="0.421" classname="PESMCOE.PublicationScreenShot.PdfScreenShot"/>
  <testcase name="pdfScreenShot" time="0.515" classname="PESMCOE.PublicationScreenShot.PdfScreenShot"/>
  <testcase name="pdfScreenShot" time="0.216" classname="PESMCOE.PublicationScreenShot.PdfScreenShot"/>
  <testcase name="pdfScreenShot" time="0.244" classname="PESMCOE.PublicationScreenShot.PdfScreenShot"/>
  <testcase name="pdfScreenShot" time="0.331" classname="PESMCOE.PublicationScreenShot.PdfScreenShot"/>
  <testcase name="pdfScreenShot" time="0.596" classname="PESMCOE.PublicationScreenShot.PdfScreenShot"/>
  <testcase name="pdfScreenShot" time="1.3" classname="PESMCOE.PublicationScreenShot.PdfScreenShot"/>
  <testcase name="pdfScreenShot" time="0.569" classname="PESMCOE.PublicationScreenShot.PdfScreenShot"/>
  <testcase name="pdfScreenShot" time="0.647" classname="PESMCOE.PublicationScreenShot.PdfScreenShot"/>
  <testcase name="pdfScreenShot" time="0.141" classname="PESMCOE.PublicationScreenShot.PdfScreenShot"/>
  <testcase name="pdfScreenShot" time="0.171" classname="PESMCOE.PublicationScreenShot.PdfScreenShot"/>
  <testcase name="pdfScreenShot" time="0.173" classname="PESMCOE.PublicationScreenShot.PdfScreenShot"/>
  <testcase name="pdfScreenShot" time="4.775" classname="PESMCOE.PublicationScreenShot.PdfScreenShot"/>
  <testcase name="pdfScreenShot" time="1.042" classname="PESMCOE.PublicationScreenShot.PdfScreenShot"/>
  <testcase name="pdfScreenShot" time="0.6" classname="PESMCOE.PublicationScreenShot.PdfScreenShot"/>
  <testcase name="pdfScreenShot" time="0.255" classname="PESMCOE.PublicationScreenShot.PdfScreenShot"/>
  <testcase name="pdfScreenShot" time="0.241" classname="PESMCOE.PublicationScreenShot.PdfScreenShot"/>
  <testcase name="pdfScreenShot" time="0.138" classname="PESMCOE.PublicationScreenShot.PdfScreenShot"/>
  <testcase name="pdfScreenShot" time="0.219" classname="PESMCOE.PublicationScreenShot.PdfScreenShot"/>
  <testcase name="pdfScreenShot" time="0.129" classname="PESMCOE.PublicationScreenShot.PdfScreenShot"/>
  <testcase name="pdfScreenShot" time="0.188" classname="PESMCOE.PublicationScreenShot.PdfScreenShot"/>
  <testcase name="pdfScreenShot" time="1.689" classname="PESMCOE.PublicationScreenShot.PdfScreenShot"/>
  <testcase name="pdfScreenShot" time="0.219" classname="PESMCOE.PublicationScreenShot.PdfScreenShot"/>
  <testcase name="pdfScreenShot" time="0.241" classname="PESMCOE.PublicationScreenShot.PdfScreenShot"/>
  <testcase name="pdfScreenShot" time="0.152" classname="PESMCOE.PublicationScreenShot.PdfScreenShot"/>
  <testcase name="pdfScreenShot" time="0.253" classname="PESMCOE.PublicationScreenShot.PdfScreenShot"/>
  <testcase name="pdfScreenShot" time="0.892" classname="PESMCOE.PublicationScreenShot.PdfScreenShot"/>
  <testcase name="pdfScreenShot" time="1.174" classname="PESMCOE.PublicationScreenShot.PdfScreenShot"/>
  <testcase name="pdfScreenShot" time="0.527" classname="PESMCOE.PublicationScreenShot.PdfScreenShot"/>
  <testcase name="pdfScreenShot" time="0.35" classname="PESMCOE.PublicationScreenShot.PdfScreenShot"/>
  <testcase name="pdfScreenShot" time="0.936" classname="PESMCOE.PublicationScreenShot.PdfScreenShot"/>
  <testcase name="pdfScreenShot" time="1.0" classname="PESMCOE.PublicationScreenShot.PdfScreenShot"/>
  <testcase name="pdfScreenShot" time="0.178" classname="PESMCOE.PublicationScreenShot.PdfScreenShot"/>
  <testcase name="pdfScreenShot" time="0.162" classname="PESMCOE.PublicationScreenShot.PdfScreenShot"/>
  <testcase name="pdfScreenShot" time="0.364" classname="PESMCOE.PublicationScreenShot.PdfScreenShot"/>
  <testcase name="pdfScreenShot" time="0.669" classname="PESMCOE.PublicationScreenShot.PdfScreenShot"/>
  <testcase name="pdfScreenShot" time="0.217" classname="PESMCOE.PublicationScreenShot.PdfScreenShot"/>
  <testcase name="pdfScreenShot" time="0.209" classname="PESMCOE.PublicationScreenShot.PdfScreenShot"/>
  <testcase name="pdfScreenShot" time="0.381" classname="PESMCOE.PublicationScreenShot.PdfScreenShot"/>
  <testcase name="pdfScreenShot" time="0.242" classname="PESMCOE.PublicationScreenShot.PdfScreenShot"/>
  <testcase name="pdfScreenShot" time="0.168" classname="PESMCOE.PublicationScreenShot.PdfScreenShot"/>
  <testcase name="pdfScreenShot" time="0.187" classname="PESMCOE.PublicationScreenShot.PdfScreenShot"/>
  <testcase name="pdfScreenShot" time="0.124" classname="PESMCOE.PublicationScreenShot.PdfScreenShot"/>
  <testcase name="pdfScreenShot" time="0.197" classname="PESMCOE.PublicationScreenShot.PdfScreenShot"/>
  <testcase name="pdfScreenShot" time="0.154" classname="PESMCOE.PublicationScreenShot.PdfScreenShot"/>
  <testcase name="pdfScreenShot" time="0.141" classname="PESMCOE.PublicationScreenShot.PdfScreenShot"/>
  <testcase name="pdfScreenShot" time="0.408" classname="PESMCOE.PublicationScreenShot.PdfScreenShot"/>
  <testcase name="pdfScreenShot" time="0.429" classname="PESMCOE.PublicationScreenShot.PdfScreenShot"/>
  <testcase name="pdfScreenShot" time="0.084" classname="PESMCOE.PublicationScreenShot.PdfScreenShot"/>
  <testcase name="pdfScreenShot" time="0.137" classname="PESMCOE.PublicationScreenShot.PdfScreenShot"/>
  <testcase name="pdfScreenShot" time="0.333" classname="PESMCOE.PublicationScreenShot.PdfScreenShot"/>
  <testcase name="pdfScreenShot" time="0.124" classname="PESMCOE.PublicationScreenShot.PdfScreenShot"/>
  <testcase name="pdfScreenShot" time="0.15" classname="PESMCOE.PublicationScreenShot.PdfScreenShot"/>
  <testcase name="pdfScreenShot" time="0.2" classname="PESMCOE.PublicationScreenShot.PdfScreenShot"/>
  <testcase name="pdfScreenShot" time="0.284" classname="PESMCOE.PublicationScreenShot.PdfScreenShot"/>
  <testcase name="pdfScreenShot" time="0.13" classname="PESMCOE.PublicationScreenShot.PdfScreenShot"/>
  <testcase name="pdfScreenShot" time="0.116" classname="PESMCOE.PublicationScreenShot.PdfScreenShot"/>
  <testcase name="pdfScreenShot" time="0.127" classname="PESMCOE.PublicationScreenShot.PdfScreenShot"/>
  <testcase name="pdfScreenShot" time="0.149" classname="PESMCOE.PublicationScreenShot.PdfScreenShot"/>
  <testcase name="pdfScreenShot" time="0.127" classname="PESMCOE.PublicationScreenShot.PdfScreenShot"/>
  <testcase name="pdfScreenShot" time="0.256" classname="PESMCOE.PublicationScreenShot.PdfScreenShot"/>
  <testcase name="pdfScreenShot" time="0.054" classname="PESMCOE.PublicationScreenShot.PdfScreenShot"/>
  <testcase name="pdfScreenShot" time="0.419" classname="PESMCOE.PublicationScreenShot.PdfScreenShot"/>
  <testcase name="pdfScreenShot" time="1.335" classname="PESMCOE.PublicationScreenShot.PdfScreenShot"/>
  <testcase name="pdfScreenShot" time="0.216" classname="PESMCOE.PublicationScreenShot.PdfScreenShot"/>
  <testcase name="pdfScreenShot" time="0.189" classname="PESMCOE.PublicationScreenShot.PdfScreenShot"/>
  <testcase name="pdfScreenShot" time="0.148" classname="PESMCOE.PublicationScreenShot.PdfScreenShot"/>
  <testcase name="pdfScreenShot" time="0.522" classname="PESMCOE.PublicationScreenShot.PdfScreenShot"/>
  <testcase name="pdfScreenShot" time="0.282" classname="PESMCOE.PublicationScreenShot.PdfScreenShot"/>
  <testcase name="pdfScreenShot" time="0.063" classname="PESMCOE.PublicationScreenShot.PdfScreenShot"/>
  <testcase name="pdfScreenShot" time="0.605" classname="PESMCOE.PublicationScreenShot.PdfScreenShot"/>
  <testcase name="pdfScreenShot" time="0.222" classname="PESMCOE.PublicationScreenShot.PdfScreenShot"/>
  <testcase name="pdfScreenShot" time="0.216" classname="PESMCOE.PublicationScreenShot.PdfScreenShot"/>
  <testcase name="pdfScreenShot" time="0.247" classname="PESMCOE.PublicationScreenShot.PdfScreenShot"/>
  <testcase name="pdfScreenShot" time="0.143" classname="PESMCOE.PublicationScreenShot.PdfScreenShot"/>
  <testcase name="pdfScreenShot" time="0.125" classname="PESMCOE.PublicationScreenShot.PdfScreenShot"/>
  <testcase name="pdfScreenShot" time="0.073" classname="PESMCOE.PublicationScreenShot.PdfScreenShot"/>
  <testcase name="pdfScreenShot" time="0.281" classname="PESMCOE.PublicationScreenShot.PdfScreenShot"/>
  <testcase name="pdfScreenShot" time="0.209" classname="PESMCOE.PublicationScreenShot.PdfScreenShot"/>
  <testcase name="pdfScreenShot" time="0.193" classname="PESMCOE.PublicationScreenShot.PdfScreenShot"/>
  <testcase name="pdfScreenShot" time="0.224" classname="PESMCOE.PublicationScreenShot.PdfScreenShot"/>
  <testcase name="pdfScreenShot" time="0.372" classname="PESMCOE.PublicationScreenShot.PdfScreenShot"/>
  <testcase name="pdfScreenShot" time="0.527" classname="PESMCOE.PublicationScreenShot.PdfScreenShot"/>
  <testcase name="pdfScreenShot" time="0.049" classname="PESMCOE.PublicationScreenShot.PdfScreenShot"/>
  <testcase name="pdfScreenShot" time="0.27" classname="PESMCOE.PublicationScreenShot.PdfScreenShot"/>
  <testcase name="pdfScreenShot" time="0.907" classname="PESMCOE.PublicationScreenShot.PdfScreenShot"/>
  <testcase name="pdfScreenShot" time="0.496" classname="PESMCOE.PublicationScreenShot.PdfScreenShot"/>
  <testcase name="pdfScreenShot" time="0.545" classname="PESMCOE.PublicationScreenShot.PdfScreenShot"/>
  <testcase name="pdfScreenShot" time="0.156" classname="PESMCOE.PublicationScreenShot.PdfScreenShot"/>
  <testcase name="pdfScreenShot" time="0.139" classname="PESMCOE.PublicationScreenShot.PdfScreenShot"/>
  <testcase name="pdfScreenShot" time="0.091" classname="PESMCOE.PublicationScreenShot.PdfScreenShot"/>
  <testcase name="pdfScreenShot" time="0.237" classname="PESMCOE.PublicationScreenShot.PdfScreenShot"/>
  <testcase name="pdfScreenShot" time="0.201" classname="PESMCOE.PublicationScreenShot.PdfScreenShot"/>
  <testcase name="pdfScreenShot" time="0.197" classname="PESMCOE.PublicationScreenShot.PdfScreenShot"/>
  <testcase name="pdfScreenShot" time="0.376" classname="PESMCOE.PublicationScreenShot.PdfScreenShot"/>
  <testcase name="pdfScreenShot" time="0.238" classname="PESMCOE.PublicationScreenShot.PdfScreenShot"/>
  <testcase name="pdfScreenShot" time="0.107" classname="PESMCOE.PublicationScreenShot.PdfScreenShot"/>
  <testcase name="pdfScreenShot" time="0.116" classname="PESMCOE.PublicationScreenShot.PdfScreenShot"/>
  <testcase name="pdfScreenShot" time="0.178" classname="PESMCOE.PublicationScreenShot.PdfScreenShot"/>
  <testcase name="pdfScreenShot" time="0.12" classname="PESMCOE.PublicationScreenShot.PdfScreenShot"/>
  <testcase name="pdfScreenShot" time="0.143" classname="PESMCOE.PublicationScreenShot.PdfScreenShot"/>
  <testcase name="pdfScreenShot" time="0.069" classname="PESMCOE.PublicationScreenShot.PdfScreenShot"/>
  <testcase name="pdfScreenShot" time="0.083" classname="PESMCOE.PublicationScreenShot.PdfScreenShot"/>
  <testcase name="pdfScreenShot" time="0.155" classname="PESMCOE.PublicationScreenShot.PdfScreenShot"/>
  <testcase name="pdfScreenShot" time="0.067" classname="PESMCOE.PublicationScreenShot.PdfScreenShot"/>
  <testcase name="pdfScreenShot" time="0.199" classname="PESMCOE.PublicationScreenShot.PdfScreenShot"/>
  <testcase name="pdfScreenShot" time="0.248" classname="PESMCOE.PublicationScreenShot.PdfScreenShot"/>
  <testcase name="pdfScreenShot" time="0.186" classname="PESMCOE.PublicationScreenShot.PdfScreenShot"/>
  <testcase name="pdfScreenShot" time="0.235" classname="PESMCOE.PublicationScreenShot.PdfScreenShot"/>
  <testcase name="pdfScreenShot" time="0.176" classname="PESMCOE.PublicationScreenShot.PdfScreenShot"/>
  <testcase name="pdfScreenShot" time="0.209" classname="PESMCOE.PublicationScreenShot.PdfScreenShot"/>
  <testcase name="pdfScreenShot" time="0.185" classname="PESMCOE.PublicationScreenShot.PdfScreenShot"/>
  <testcase name="pdfScreenShot" time="0.244" classname="PESMCOE.PublicationScreenShot.PdfScreenShot"/>
  <testcase name="pdfScreenShot" time="0.105" classname="PESMCOE.PublicationScreenShot.PdfScreenShot"/>
  <testcase name="pdfScreenShot" time="0.259" classname="PESMCOE.PublicationScreenShot.PdfScreenShot"/>
  <testcase name="pdfScreenShot" time="0.235" classname="PESMCOE.PublicationScreenShot.PdfScreenShot"/>
  <testcase name="pdfScreenShot" time="0.298" classname="PESMCOE.PublicationScreenShot.PdfScreenShot"/>
  <testcase name="pdfScreenShot" time="0.41" classname="PESMCOE.PublicationScreenShot.PdfScreenShot"/>
  <testcase name="pdfScreenShot" time="0.108" classname="PESMCOE.PublicationScreenShot.PdfScreenShot"/>
  <testcase name="pdfScreenShot" time="0.097" classname="PESMCOE.PublicationScreenShot.PdfScreenShot"/>
  <testcase name="pdfScreenShot" time="0.33" classname="PESMCOE.PublicationScreenShot.PdfScreenShot"/>
  <testcase name="pdfScreenShot" time="1.649" classname="PESMCOE.PublicationScreenShot.PdfScreenShot"/>
  <testcase name="pdfScreenShot" time="0.467" classname="PESMCOE.PublicationScreenShot.PdfScreenShot"/>
  <testcase name="pdfScreenShot" time="0.13" classname="PESMCOE.PublicationScreenShot.PdfScreenShot"/>
  <testcase name="pdfScreenShot" time="0.062" classname="PESMCOE.PublicationScreenShot.PdfScreenShot"/>
  <testcase name="pdfScreenShot" time="0.193" classname="PESMCOE.PublicationScreenShot.PdfScreenShot"/>
  <testcase name="pdfScreenShot" time="0.624" classname="PESMCOE.PublicationScreenShot.PdfScreenShot"/>
  <testcase name="pdfScreenShot" time="0.259" classname="PESMCOE.PublicationScreenShot.PdfScreenShot"/>
  <testcase name="pdfScreenShot" time="1.119" classname="PESMCOE.PublicationScreenShot.PdfScreenShot"/>
  <testcase name="pdfScreenShot" time="0.408" classname="PESMCOE.PublicationScreenShot.PdfScreenShot"/>
  <testcase name="pdfScreenShot" time="0.214" classname="PESMCOE.PublicationScreenShot.PdfScreenShot"/>
  <testcase name="pdfScreenShot" time="0.501" classname="PESMCOE.PublicationScreenShot.PdfScreenShot"/>
  <testcase name="pdfScreenShot" time="0.077" classname="PESMCOE.PublicationScreenShot.PdfScreenShot"/>
  <testcase name="pdfScreenShot" time="0.225" classname="PESMCOE.PublicationScreenShot.PdfScreenShot"/>
  <testcase name="pdfScreenShot" time="0.274" classname="PESMCOE.PublicationScreenShot.PdfScreenShot"/>
  <testcase name="pdfScreenShot" time="0.31" classname="PESMCOE.PublicationScreenShot.PdfScreenShot"/>
  <testcase name="pdfScreenShot" time="0.292" classname="PESMCOE.PublicationScreenShot.PdfScreenShot"/>
  <testcase name="pdfScreenShot" time="0.375" classname="PESMCOE.PublicationScreenShot.PdfScreenShot"/>
  <testcase name="pdfScreenShot" time="0.159" classname="PESMCOE.PublicationScreenShot.PdfScreenShot"/>
  <testcase name="pdfScreenShot" time="0.128" classname="PESMCOE.PublicationScreenShot.PdfScreenShot"/>
  <testcase name="pdfScreenShot" time="0.36" classname="PESMCOE.PublicationScreenShot.PdfScreenShot"/>
  <testcase name="pdfScreenShot" time="0.087" classname="PESMCOE.PublicationScreenShot.PdfScreenShot"/>
  <testcase name="pdfScreenShot" time="0.181" classname="PESMCOE.PublicationScreenShot.PdfScreenShot"/>
  <testcase name="pdfScreenShot" time="0.152" classname="PESMCOE.PublicationScreenShot.PdfScreenShot"/>
  <testcase name="pdfScreenShot" time="0.199" classname="PESMCOE.PublicationScreenShot.PdfScreenShot"/>
  <testcase name="pdfScreenShot" time="0.16" classname="PESMCOE.PublicationScreenShot.PdfScreenShot"/>
  <testcase name="pdfScreenShot" time="0.134" classname="PESMCOE.PublicationScreenShot.PdfScreenShot"/>
  <testcase name="pdfScreenShot" time="0.233" classname="PESMCOE.PublicationScreenShot.PdfScreenShot"/>
  <testcase name="pdfScreenShot" time="0.119" classname="PESMCOE.PublicationScreenShot.PdfScreenShot"/>
  <testcase name="pdfScreenShot" time="0.188" classname="PESMCOE.PublicationScreenShot.PdfScreenShot"/>
  <testcase name="pdfScreenShot" time="0.193" classname="PESMCOE.PublicationScreenShot.PdfScreenShot"/>
  <testcase name="pdfScreenShot" time="0.092" classname="PESMCOE.PublicationScreenShot.PdfScreenShot"/>
  <testcase name="pdfScreenShot" time="0.141" classname="PESMCOE.PublicationScreenShot.PdfScreenShot"/>
  <testcase name="pdfScreenShot" time="0.251" classname="PESMCOE.PublicationScreenShot.PdfScreenShot"/>
  <testcase name="pdfScreenShot" time="0.257" classname="PESMCOE.PublicationScreenShot.PdfScreenShot"/>
  <testcase name="pdfScreenShot" time="0.641" classname="PESMCOE.PublicationScreenShot.PdfScreenShot"/>
  <testcase name="pdfScreenShot" time="0.327" classname="PESMCOE.PublicationScreenShot.PdfScreenShot"/>
  <testcase name="pdfScreenShot" time="0.223" classname="PESMCOE.PublicationScreenShot.PdfScreenShot"/>
  <testcase name="pdfScreenShot" time="0.246" classname="PESMCOE.PublicationScreenShot.PdfScreenShot"/>
  <testcase name="pdfScreenShot" time="0.155" classname="PESMCOE.PublicationScreenShot.PdfScreenShot"/>
  <testcase name="pdfScreenShot" time="0.18" classname="PESMCOE.PublicationScreenShot.PdfScreenShot"/>
  <testcase name="pdfScreenShot" time="0.094" classname="PESMCOE.PublicationScreenShot.PdfScreenShot"/>
  <testcase name="pdfScreenShot" time="0.178" classname="PESMCOE.PublicationScreenShot.PdfScreenShot"/>
  <testcase name="pdfScreenShot" time="0.082" classname="PESMCOE.PublicationScreenShot.PdfScreenShot"/>
  <testcase name="pdfScreenShot" time="0.11" classname="PESMCOE.PublicationScreenShot.PdfScreenShot"/>
  <testcase name="pdfScreenShot" time="0.131" classname="PESMCOE.PublicationScreenShot.PdfScreenShot"/>
  <testcase name="pdfScreenShot" time="0.074" classname="PESMCOE.PublicationScreenShot.PdfScreenShot"/>
  <testcase name="pdfScreenShot" time="0.38" classname="PESMCOE.PublicationScreenShot.PdfScreenShot"/>
  <testcase name="pdfScreenShot" time="0.155" classname="PESMCOE.PublicationScreenShot.PdfScreenShot"/>
  <testcase name="pdfScreenShot" time="0.167" classname="PESMCOE.PublicationScreenShot.PdfScreenShot"/>
  <testcase name="pdfScreenShot" time="0.397" classname="PESMCOE.PublicationScreenShot.PdfScreenShot"/>
  <testcase name="pdfScreenShot" time="0.573" classname="PESMCOE.PublicationScreenShot.PdfScreenShot"/>
  <testcase name="pdfScreenShot" time="0.592" classname="PESMCOE.PublicationScreenShot.PdfScreenShot"/>
  <testcase name="pdfScreenShot" time="0.19" classname="PESMCOE.PublicationScreenShot.PdfScreenShot"/>
  <testcase name="pdfScreenShot" time="0.535" classname="PESMCOE.PublicationScreenShot.PdfScreenShot"/>
  <testcase name="pdfScreenShot" time="0.7" classname="PESMCOE.PublicationScreenShot.PdfScreenShot"/>
  <testcase name="pdfScreenShot" time="0.272" classname="PESMCOE.PublicationScreenShot.PdfScreenShot"/>
  <testcase name="pdfScreenShot" time="1.331" classname="PESMCOE.PublicationScreenShot.PdfScreenShot"/>
  <testcase name="pdfScreenShot" time="0.243" classname="PESMCOE.PublicationScreenShot.PdfScreenShot"/>
  <testcase name="pdfScreenShot" time="0.104" classname="PESMCOE.PublicationScreenShot.PdfScreenShot"/>
  <testcase name="pdfScreenShot" time="0.138" classname="PESMCOE.PublicationScreenShot.PdfScreenShot"/>
  <testcase name="pdfScreenShot" time="0.158" classname="PESMCOE.PublicationScreenShot.PdfScreenShot"/>
  <testcase name="pdfScreenShot" time="0.154" classname="PESMCOE.PublicationScreenShot.PdfScreenShot"/>
  <testcase name="pdfScreenShot" time="0.095" classname="PESMCOE.PublicationScreenShot.PdfScreenShot"/>
  <testcase name="pdfScreenShot" time="0.079" classname="PESMCOE.PublicationScreenShot.PdfScreenShot"/>
  <testcase name="pdfScreenShot" time="0.238" classname="PESMCOE.PublicationScreenShot.PdfScreenShot"/>
  <testcase name="pdfScreenShot" time="0.249" classname="PESMCOE.PublicationScreenShot.PdfScreenShot"/>
  <testcase name="pdfScreenShot" time="0.163" classname="PESMCOE.PublicationScreenShot.PdfScreenShot"/>
  <testcase name="pdfScreenShot" time="0.111" classname="PESMCOE.PublicationScreenShot.PdfScreenShot"/>
  <testcase name="pdfScreenShot" time="0.058" classname="PESMCOE.PublicationScreenShot.PdfScreenShot"/>
  <testcase name="pdfScreenShot" time="0.129" classname="PESMCOE.PublicationScreenShot.PdfScreenShot"/>
  <testcase name="pdfScreenShot" time="0.146" classname="PESMCOE.PublicationScreenShot.PdfScreenShot"/>
  <testcase name="pdfScreenShot" time="0.136" classname="PESMCOE.PublicationScreenShot.PdfScreenShot"/>
  <testcase name="pdfScreenShot" time="0.134" classname="PESMCOE.PublicationScreenShot.PdfScreenShot"/>
  <testcase name="pdfScreenShot" time="0.311" classname="PESMCOE.PublicationScreenShot.PdfScreenShot"/>
  <testcase name="pdfScreenShot" time="0.083" classname="PESMCOE.PublicationScreenShot.PdfScreenShot"/>
  <testcase name="pdfScreenShot" time="0.115" classname="PESMCOE.PublicationScreenShot.PdfScreenShot"/>
  <testcase name="pdfScreenShot" time="0.162" classname="PESMCOE.PublicationScreenShot.PdfScreenShot"/>
  <testcase name="pdfScreenShot" time="0.443" classname="PESMCOE.PublicationScreenShot.PdfScreenShot"/>
  <testcase name="pdfScreenShot" time="0.231" classname="PESMCOE.PublicationScreenShot.PdfScreenShot"/>
  <testcase name="pdfScreenShot" time="0.121" classname="PESMCOE.PublicationScreenShot.PdfScreenShot"/>
  <testcase name="pdfScreenShot" time="0.218" classname="PESMCOE.PublicationScreenShot.PdfScreenShot"/>
  <testcase name="pdfScreenShot" time="0.565" classname="PESMCOE.PublicationScreenShot.PdfScreenShot"/>
  <testcase name="pdfScreenShot" time="0.442" classname="PESMCOE.PublicationScreenShot.PdfScreenShot"/>
  <testcase name="pdfScreenShot" time="0.475" classname="PESMCOE.PublicationScreenShot.PdfScreenShot"/>
  <testcase name="pdfScreenShot" time="0.233" classname="PESMCOE.PublicationScreenShot.PdfScreenShot"/>
  <testcase name="pdfScreenShot" time="0.13" classname="PESMCOE.PublicationScreenShot.PdfScreenShot"/>
  <testcase name="pdfScreenShot" time="0.115" classname="PESMCOE.PublicationScreenShot.PdfScreenShot"/>
  <testcase name="pdfScreenShot" time="0.118" classname="PESMCOE.PublicationScreenShot.PdfScreenShot"/>
  <testcase name="pdfScreenShot" time="0.118" classname="PESMCOE.PublicationScreenShot.PdfScreenShot"/>
  <testcase name="pdfScreenShot" time="0.142" classname="PESMCOE.PublicationScreenShot.PdfScreenShot"/>
  <testcase name="pdfScreenShot" time="0.166" classname="PESMCOE.PublicationScreenShot.PdfScreenShot"/>
  <testcase name="pdfScreenShot" time="0.08" classname="PESMCOE.PublicationScreenShot.PdfScreenShot"/>
  <testcase name="pdfScreenShot" time="0.146" classname="PESMCOE.PublicationScreenShot.PdfScreenShot"/>
  <testcase name="pdfScreenShot" time="0.433" classname="PESMCOE.PublicationScreenShot.PdfScreenShot"/>
  <testcase name="pdfScreenShot" time="0.309" classname="PESMCOE.PublicationScreenShot.PdfScreenShot"/>
  <testcase name="pdfScreenShot" time="0.589" classname="PESMCOE.PublicationScreenShot.PdfScreenShot"/>
  <testcase name="pdfScreenShot" time="0.149" classname="PESMCOE.PublicationScreenShot.PdfScreenShot"/>
  <testcase name="pdfScreenShot" time="0.19" classname="PESMCOE.PublicationScreenShot.PdfScreenShot"/>
  <testcase name="pdfScreenShot" time="0.235" classname="PESMCOE.PublicationScreenShot.PdfScreenShot"/>
  <testcase name="pdfScreenShot" time="0.381" classname="PESMCOE.PublicationScreenShot.PdfScreenShot"/>
  <testcase name="pdfScreenShot" time="0.352" classname="PESMCOE.PublicationScreenShot.PdfScreenShot"/>
  <testcase name="pdfScreenShot" time="0.435" classname="PESMCOE.PublicationScreenShot.PdfScreenShot"/>
  <testcase name="pdfScreenShot" time="0.365" classname="PESMCOE.PublicationScreenShot.PdfScreenShot"/>
  <testcase name="pdfScreenShot" time="0.288" classname="PESMCOE.PublicationScreenShot.PdfScreenShot"/>
  <testcase name="pdfScreenShot" time="0.141" classname="PESMCOE.PublicationScreenShot.PdfScreenShot"/>
  <testcase name="pdfScreenShot" time="0.414" classname="PESMCOE.PublicationScreenShot.PdfScreenShot"/>
  <testcase name="pdfScreenShot" time="0.423" classname="PESMCOE.PublicationScreenShot.PdfScreenShot"/>
  <testcase name="pdfScreenShot" time="0.476" classname="PESMCOE.PublicationScreenShot.PdfScreenShot"/>
  <testcase name="pdfScreenShot" time="0.311" classname="PESMCOE.PublicationScreenShot.PdfScreenShot"/>
  <testcase name="pdfScreenShot" time="0.62" classname="PESMCOE.PublicationScreenShot.PdfScreenShot"/>
  <testcase name="pdfScreenShot" time="0.187" classname="PESMCOE.PublicationScreenShot.PdfScreenShot"/>
  <testcase name="pdfScreenShot" time="0.2" classname="PESMCOE.PublicationScreenShot.PdfScreenShot"/>
  <testcase name="pdfScreenShot" time="0.211" classname="PESMCOE.PublicationScreenShot.PdfScreenShot"/>
  <testcase name="pdfScreenShot" time="0.138" classname="PESMCOE.PublicationScreenShot.PdfScreenShot"/>
  <testcase name="pdfScreenShot" time="0.091" classname="PESMCOE.PublicationScreenShot.PdfScreenShot"/>
  <testcase name="pdfScreenShot" time="0.166" classname="PESMCOE.PublicationScreenShot.PdfScreenShot"/>
  <testcase name="pdfScreenShot" time="0.161" classname="PESMCOE.PublicationScreenShot.PdfScreenShot"/>
  <testcase name="pdfScreenShot" time="0.086" classname="PESMCOE.PublicationScreenShot.PdfScreenShot"/>
  <testcase name="pdfScreenShot" time="0.117" classname="PESMCOE.PublicationScreenShot.PdfScreenShot"/>
  <testcase name="pdfScreenShot" time="0.15" classname="PESMCOE.PublicationScreenShot.PdfScreenShot"/>
  <testcase name="pdfScreenShot" time="0.121" classname="PESMCOE.PublicationScreenShot.PdfScreenShot"/>
  <testcase name="pdfScreenShot" time="0.152" classname="PESMCOE.PublicationScreenShot.PdfScreenShot"/>
  <testcase name="pdfScreenShot" time="0.145" classname="PESMCOE.PublicationScreenShot.PdfScreenShot"/>
  <testcase name="pdfScreenShot" time="0.243" classname="PESMCOE.PublicationScreenShot.PdfScreenShot"/>
  <testcase name="pdfScreenShot" time="0.145" classname="PESMCOE.PublicationScreenShot.PdfScreenShot"/>
  <testcase name="pdfScreenShot" time="0.204" classname="PESMCOE.PublicationScreenShot.PdfScreenShot"/>
  <testcase name="pdfScreenShot" time="0.353" classname="PESMCOE.PublicationScreenShot.PdfScreenShot"/>
  <testcase name="pdfScreenShot" time="0.22" classname="PESMCOE.PublicationScreenShot.PdfScreenShot"/>
  <testcase name="pdfScreenShot" time="0.204" classname="PESMCOE.PublicationScreenShot.PdfScreenShot"/>
  <testcase name="pdfScreenShot" time="0.272" classname="PESMCOE.PublicationScreenShot.PdfScreenShot"/>
  <testcase name="pdfScreenShot" time="0.247" classname="PESMCOE.PublicationScreenShot.PdfScreenShot"/>
  <testcase name="pdfScreenShot" time="0.355" classname="PESMCOE.PublicationScreenShot.PdfScreenShot"/>
  <testcase name="pdfScreenShot" time="0.233" classname="PESMCOE.PublicationScreenShot.PdfScreenShot"/>
  <testcase name="pdfScreenShot" time="0.402" classname="PESMCOE.PublicationScreenShot.PdfScreenShot"/>
  <testcase name="pdfScreenShot" time="0.113" classname="PESMCOE.PublicationScreenShot.PdfScreenShot"/>
  <testcase name="pdfScreenShot" time="0.119" classname="PESMCOE.PublicationScreenShot.PdfScreenShot"/>
  <testcase name="pdfScreenShot" time="0.193" classname="PESMCOE.PublicationScreenShot.PdfScreenShot"/>
  <testcase name="pdfScreenShot" time="0.327" classname="PESMCOE.PublicationScreenShot.PdfScreenShot"/>
  <testcase name="pdfScreenShot" time="0.145" classname="PESMCOE.PublicationScreenShot.PdfScreenShot"/>
  <testcase name="pdfScreenShot" time="0.079" classname="PESMCOE.PublicationScreenShot.PdfScreenShot"/>
  <testcase name="pdfScreenShot" time="0.188" classname="PESMCOE.PublicationScreenShot.PdfScreenShot"/>
  <testcase name="pdfScreenShot" time="0.167" classname="PESMCOE.PublicationScreenShot.PdfScreenShot"/>
  <testcase name="pdfScreenShot" time="0.178" classname="PESMCOE.PublicationScreenShot.PdfScreenShot"/>
  <testcase name="pdfScreenShot" time="0.198" classname="PESMCOE.PublicationScreenShot.PdfScreenShot"/>
  <testcase name="pdfScreenShot" time="0.506" classname="PESMCOE.PublicationScreenShot.PdfScreenShot"/>
  <testcase name="pdfScreenShot" time="0.284" classname="PESMCOE.PublicationScreenShot.PdfScreenShot"/>
  <testcase name="pdfScreenShot" time="0.255" classname="PESMCOE.PublicationScreenShot.PdfScreenShot"/>
  <testcase name="pdfScreenShot" time="0.133" classname="PESMCOE.PublicationScreenShot.PdfScreenShot"/>
  <testcase name="pdfScreenShot" time="0.15" classname="PESMCOE.PublicationScreenShot.PdfScreenShot"/>
  <testcase name="pdfScreenShot" time="0.14" classname="PESMCOE.PublicationScreenShot.PdfScreenShot"/>
  <testcase name="pdfScreenShot" time="0.174" classname="PESMCOE.PublicationScreenShot.PdfScreenShot"/>
  <testcase name="pdfScreenShot" time="0.16" classname="PESMCOE.PublicationScreenShot.PdfScreenShot"/>
  <testcase name="pdfScreenShot" time="0.146" classname="PESMCOE.PublicationScreenShot.PdfScreenShot"/>
  <testcase name="pdfScreenShot" time="0.169" classname="PESMCOE.PublicationScreenShot.PdfScreenShot"/>
  <testcase name="pdfScreenShot" time="0.142" classname="PESMCOE.PublicationScreenShot.PdfScreenShot"/>
  <testcase name="pdfScreenShot" time="0.162" classname="PESMCOE.PublicationScreenShot.PdfScreenShot"/>
  <testcase name="pdfScreenShot" time="0.171" classname="PESMCOE.PublicationScreenShot.PdfScreenShot"/>
  <testcase name="pdfScreenShot" time="0.111" classname="PESMCOE.PublicationScreenShot.PdfScreenShot"/>
  <testcase name="pdfScreenShot" time="0.301" classname="PESMCOE.PublicationScreenShot.PdfScreenShot"/>
  <testcase name="pdfScreenShot" time="0.502" classname="PESMCOE.PublicationScreenShot.PdfScreenShot"/>
  <testcase name="pdfScreenShot" time="0.251" classname="PESMCOE.PublicationScreenShot.PdfScreenShot"/>
  <testcase name="pdfScreenShot" time="0.38" classname="PESMCOE.PublicationScreenShot.PdfScreenShot"/>
  <testcase name="pdfScreenShot" time="0.235" classname="PESMCOE.PublicationScreenShot.PdfScreenShot"/>
  <testcase name="pdfScreenShot" time="0.157" classname="PESMCOE.PublicationScreenShot.PdfScreenShot"/>
  <testcase name="pdfScreenShot" time="0.138" classname="PESMCOE.PublicationScreenShot.PdfScreenShot"/>
</testsuite> <!-- Test -->
