<?xml version="1.0" encoding="UTF-8"?>
<!-- Generated by org.testng.reporters.JUnitXMLReporter -->
<testsuite ignored="0" hostname="NBP" failures="0" tests="361" name="Test" time="546.653" errors="0" timestamp="2022-06-07T11:51:03 IST">
  <testcase classname="PESMCOE.PublicationScreenShot.PdfScreenShot" name="pdfScreenShot" time="2.644"/>
  <testcase classname="PESMCOE.PublicationScreenShot.PdfScreenShot" name="pdfScreenShot" time="3.751"/>
  <testcase classname="PESMCOE.PublicationScreenShot.PdfScreenShot" name="pdfScreenShot" time="1.15"/>
  <testcase classname="PESMCOE.PublicationScreenShot.PdfScreenShot" name="pdfScreenShot" time="1.028"/>
  <testcase classname="PESMCOE.PublicationScreenShot.PdfScreenShot" name="pdfScreenShot" time="2.157"/>
  <testcase classname="PESMCOE.PublicationScreenShot.PdfScreenShot" name="pdfScreenShot" time="10.03"/>
  <testcase classname="PESMCOE.PublicationScreenShot.PdfScreenShot" name="pdfScreenShot" time="0.793"/>
  <testcase classname="PESMCOE.PublicationScreenShot.PdfScreenShot" name="pdfScreenShot" time="1.109"/>
  <testcase classname="PESMCOE.PublicationScreenShot.PdfScreenShot" name="pdfScreenShot" time="2.621"/>
  <testcase classname="PESMCOE.PublicationScreenShot.PdfScreenShot" name="pdfScreenShot" time="2.202"/>
  <testcase classname="PESMCOE.PublicationScreenShot.PdfScreenShot" name="pdfScreenShot" time="11.445"/>
  <testcase classname="PESMCOE.PublicationScreenShot.PdfScreenShot" name="pdfScreenShot" time="2.041"/>
  <testcase classname="PESMCOE.PublicationScreenShot.PdfScreenShot" name="pdfScreenShot" time="2.486"/>
  <testcase classname="PESMCOE.PublicationScreenShot.PdfScreenShot" name="pdfScreenShot" time="1.49"/>
  <testcase classname="PESMCOE.PublicationScreenShot.PdfScreenShot" name="pdfScreenShot" time="1.905"/>
  <testcase classname="PESMCOE.PublicationScreenShot.PdfScreenShot" name="pdfScreenShot" time="1.689"/>
  <testcase classname="PESMCOE.PublicationScreenShot.PdfScreenShot" name="pdfScreenShot" time="1.532"/>
  <testcase classname="PESMCOE.PublicationScreenShot.PdfScreenShot" name="pdfScreenShot" time="1.192"/>
  <testcase classname="PESMCOE.PublicationScreenShot.PdfScreenShot" name="pdfScreenShot" time="2.776"/>
  <testcase classname="PESMCOE.PublicationScreenShot.PdfScreenShot" name="pdfScreenShot" time="1.724"/>
  <testcase classname="PESMCOE.PublicationScreenShot.PdfScreenShot" name="pdfScreenShot" time="1.928"/>
  <testcase classname="PESMCOE.PublicationScreenShot.PdfScreenShot" name="pdfScreenShot" time="1.224"/>
  <testcase classname="PESMCOE.PublicationScreenShot.PdfScreenShot" name="pdfScreenShot" time="1.275"/>
  <testcase classname="PESMCOE.PublicationScreenShot.PdfScreenShot" name="pdfScreenShot" time="0.773"/>
  <testcase classname="PESMCOE.PublicationScreenShot.PdfScreenShot" name="pdfScreenShot" time="1.71"/>
  <testcase classname="PESMCOE.PublicationScreenShot.PdfScreenShot" name="pdfScreenShot" time="2.546"/>
  <testcase classname="PESMCOE.PublicationScreenShot.PdfScreenShot" name="pdfScreenShot" time="0.523"/>
  <testcase classname="PESMCOE.PublicationScreenShot.PdfScreenShot" name="pdfScreenShot" time="0.894"/>
  <testcase classname="PESMCOE.PublicationScreenShot.PdfScreenShot" name="pdfScreenShot" time="0.669"/>
  <testcase classname="PESMCOE.PublicationScreenShot.PdfScreenShot" name="pdfScreenShot" time="1.822"/>
  <testcase classname="PESMCOE.PublicationScreenShot.PdfScreenShot" name="pdfScreenShot" time="0.877"/>
  <testcase classname="PESMCOE.PublicationScreenShot.PdfScreenShot" name="pdfScreenShot" time="1.078"/>
  <testcase classname="PESMCOE.PublicationScreenShot.PdfScreenShot" name="pdfScreenShot" time="0.632"/>
  <testcase classname="PESMCOE.PublicationScreenShot.PdfScreenShot" name="pdfScreenShot" time="0.885"/>
  <testcase classname="PESMCOE.PublicationScreenShot.PdfScreenShot" name="pdfScreenShot" time="0.706"/>
  <testcase classname="PESMCOE.PublicationScreenShot.PdfScreenShot" name="pdfScreenShot" time="0.65"/>
  <testcase classname="PESMCOE.PublicationScreenShot.PdfScreenShot" name="pdfScreenShot" time="1.803"/>
  <testcase classname="PESMCOE.PublicationScreenShot.PdfScreenShot" name="pdfScreenShot" time="0.436"/>
  <testcase classname="PESMCOE.PublicationScreenShot.PdfScreenShot" name="pdfScreenShot" time="1.078"/>
  <testcase classname="PESMCOE.PublicationScreenShot.PdfScreenShot" name="pdfScreenShot" time="1.126"/>
  <testcase classname="PESMCOE.PublicationScreenShot.PdfScreenShot" name="pdfScreenShot" time="1.247"/>
  <testcase classname="PESMCOE.PublicationScreenShot.PdfScreenShot" name="pdfScreenShot" time="0.517"/>
  <testcase classname="PESMCOE.PublicationScreenShot.PdfScreenShot" name="pdfScreenShot" time="2.538"/>
  <testcase classname="PESMCOE.PublicationScreenShot.PdfScreenShot" name="pdfScreenShot" time="6.192"/>
  <testcase classname="PESMCOE.PublicationScreenShot.PdfScreenShot" name="pdfScreenShot" time="2.93"/>
  <testcase classname="PESMCOE.PublicationScreenShot.PdfScreenShot" name="pdfScreenShot" time="0.874"/>
  <testcase classname="PESMCOE.PublicationScreenShot.PdfScreenShot" name="pdfScreenShot" time="0.614"/>
  <testcase classname="PESMCOE.PublicationScreenShot.PdfScreenShot" name="pdfScreenShot" time="0.518"/>
  <testcase classname="PESMCOE.PublicationScreenShot.PdfScreenShot" name="pdfScreenShot" time="1.433"/>
  <testcase classname="PESMCOE.PublicationScreenShot.PdfScreenShot" name="pdfScreenShot" time="0.658"/>
  <testcase classname="PESMCOE.PublicationScreenShot.PdfScreenShot" name="pdfScreenShot" time="2.081"/>
  <testcase classname="PESMCOE.PublicationScreenShot.PdfScreenShot" name="pdfScreenShot" time="1.683"/>
  <testcase classname="PESMCOE.PublicationScreenShot.PdfScreenShot" name="pdfScreenShot" time="2.624"/>
  <testcase classname="PESMCOE.PublicationScreenShot.PdfScreenShot" name="pdfScreenShot" time="3.428"/>
  <testcase classname="PESMCOE.PublicationScreenShot.PdfScreenShot" name="pdfScreenShot" time="0.928"/>
  <testcase classname="PESMCOE.PublicationScreenShot.PdfScreenShot" name="pdfScreenShot" time="5.993"/>
  <testcase classname="PESMCOE.PublicationScreenShot.PdfScreenShot" name="pdfScreenShot" time="0.678"/>
  <testcase classname="PESMCOE.PublicationScreenShot.PdfScreenShot" name="pdfScreenShot" time="0.641"/>
  <testcase classname="PESMCOE.PublicationScreenShot.PdfScreenShot" name="pdfScreenShot" time="0.805"/>
  <testcase classname="PESMCOE.PublicationScreenShot.PdfScreenShot" name="pdfScreenShot" time="11.63"/>
  <testcase classname="PESMCOE.PublicationScreenShot.PdfScreenShot" name="pdfScreenShot" time="1.318"/>
  <testcase classname="PESMCOE.PublicationScreenShot.PdfScreenShot" name="pdfScreenShot" time="0.88"/>
  <testcase classname="PESMCOE.PublicationScreenShot.PdfScreenShot" name="pdfScreenShot" time="2.042"/>
  <testcase classname="PESMCOE.PublicationScreenShot.PdfScreenShot" name="pdfScreenShot" time="2.201"/>
  <testcase classname="PESMCOE.PublicationScreenShot.PdfScreenShot" name="pdfScreenShot" time="0.879"/>
  <testcase classname="PESMCOE.PublicationScreenShot.PdfScreenShot" name="pdfScreenShot" time="0.448"/>
  <testcase classname="PESMCOE.PublicationScreenShot.PdfScreenShot" name="pdfScreenShot" time="0.868"/>
  <testcase classname="PESMCOE.PublicationScreenShot.PdfScreenShot" name="pdfScreenShot" time="0.407"/>
  <testcase classname="PESMCOE.PublicationScreenShot.PdfScreenShot" name="pdfScreenShot" time="2.757"/>
  <testcase classname="PESMCOE.PublicationScreenShot.PdfScreenShot" name="pdfScreenShot" time="0.76"/>
  <testcase classname="PESMCOE.PublicationScreenShot.PdfScreenShot" name="pdfScreenShot" time="3.713"/>
  <testcase classname="PESMCOE.PublicationScreenShot.PdfScreenShot" name="pdfScreenShot" time="0.858"/>
  <testcase classname="PESMCOE.PublicationScreenShot.PdfScreenShot" name="pdfScreenShot" time="0.865"/>
  <testcase classname="PESMCOE.PublicationScreenShot.PdfScreenShot" name="pdfScreenShot" time="0.933"/>
  <testcase classname="PESMCOE.PublicationScreenShot.PdfScreenShot" name="pdfScreenShot" time="2.201"/>
  <testcase classname="PESMCOE.PublicationScreenShot.PdfScreenShot" name="pdfScreenShot" time="5.053"/>
  <testcase classname="PESMCOE.PublicationScreenShot.PdfScreenShot" name="pdfScreenShot" time="0.75"/>
  <testcase classname="PESMCOE.PublicationScreenShot.PdfScreenShot" name="pdfScreenShot" time="1.032"/>
  <testcase classname="PESMCOE.PublicationScreenShot.PdfScreenShot" name="pdfScreenShot" time="1.383"/>
  <testcase classname="PESMCOE.PublicationScreenShot.PdfScreenShot" name="pdfScreenShot" time="3.165"/>
  <testcase classname="PESMCOE.PublicationScreenShot.PdfScreenShot" name="pdfScreenShot" time="1.126"/>
  <testcase classname="PESMCOE.PublicationScreenShot.PdfScreenShot" name="pdfScreenShot" time="1.331"/>
  <testcase classname="PESMCOE.PublicationScreenShot.PdfScreenShot" name="pdfScreenShot" time="1.179"/>
  <testcase classname="PESMCOE.PublicationScreenShot.PdfScreenShot" name="pdfScreenShot" time="0.859"/>
  <testcase classname="PESMCOE.PublicationScreenShot.PdfScreenShot" name="pdfScreenShot" time="0.737"/>
  <testcase classname="PESMCOE.PublicationScreenShot.PdfScreenShot" name="pdfScreenShot" time="0.997"/>
  <testcase classname="PESMCOE.PublicationScreenShot.PdfScreenShot" name="pdfScreenShot" time="0.292"/>
  <testcase classname="PESMCOE.PublicationScreenShot.PdfScreenShot" name="pdfScreenShot" time="1.313"/>
  <testcase classname="PESMCOE.PublicationScreenShot.PdfScreenShot" name="pdfScreenShot" time="0.408"/>
  <testcase classname="PESMCOE.PublicationScreenShot.PdfScreenShot" name="pdfScreenShot" time="0.663"/>
  <testcase classname="PESMCOE.PublicationScreenShot.PdfScreenShot" name="pdfScreenShot" time="1.029"/>
  <testcase classname="PESMCOE.PublicationScreenShot.PdfScreenShot" name="pdfScreenShot" time="0.993"/>
  <testcase classname="PESMCOE.PublicationScreenShot.PdfScreenShot" name="pdfScreenShot" time="1.142"/>
  <testcase classname="PESMCOE.PublicationScreenShot.PdfScreenShot" name="pdfScreenShot" time="1.891"/>
  <testcase classname="PESMCOE.PublicationScreenShot.PdfScreenShot" name="pdfScreenShot" time="1.393"/>
  <testcase classname="PESMCOE.PublicationScreenShot.PdfScreenShot" name="pdfScreenShot" time="0.933"/>
  <testcase classname="PESMCOE.PublicationScreenShot.PdfScreenShot" name="pdfScreenShot" time="2.851"/>
  <testcase classname="PESMCOE.PublicationScreenShot.PdfScreenShot" name="pdfScreenShot" time="1.096"/>
  <testcase classname="PESMCOE.PublicationScreenShot.PdfScreenShot" name="pdfScreenShot" time="0.839"/>
  <testcase classname="PESMCOE.PublicationScreenShot.PdfScreenShot" name="pdfScreenShot" time="1.337"/>
  <testcase classname="PESMCOE.PublicationScreenShot.PdfScreenShot" name="pdfScreenShot" time="1.361"/>
  <testcase classname="PESMCOE.PublicationScreenShot.PdfScreenShot" name="pdfScreenShot" time="1.869"/>
  <testcase classname="PESMCOE.PublicationScreenShot.PdfScreenShot" name="pdfScreenShot" time="1.185"/>
  <testcase classname="PESMCOE.PublicationScreenShot.PdfScreenShot" name="pdfScreenShot" time="0.651"/>
  <testcase classname="PESMCOE.PublicationScreenShot.PdfScreenShot" name="pdfScreenShot" time="0.928"/>
  <testcase classname="PESMCOE.PublicationScreenShot.PdfScreenShot" name="pdfScreenShot" time="0.523"/>
  <testcase classname="PESMCOE.PublicationScreenShot.PdfScreenShot" name="pdfScreenShot" time="0.673"/>
  <testcase classname="PESMCOE.PublicationScreenShot.PdfScreenShot" name="pdfScreenShot" time="0.67"/>
  <testcase classname="PESMCOE.PublicationScreenShot.PdfScreenShot" name="pdfScreenShot" time="0.985"/>
  <testcase classname="PESMCOE.PublicationScreenShot.PdfScreenShot" name="pdfScreenShot" time="1.004"/>
  <testcase classname="PESMCOE.PublicationScreenShot.PdfScreenShot" name="pdfScreenShot" time="1.789"/>
  <testcase classname="PESMCOE.PublicationScreenShot.PdfScreenShot" name="pdfScreenShot" time="0.499"/>
  <testcase classname="PESMCOE.PublicationScreenShot.PdfScreenShot" name="pdfScreenShot" time="0.444"/>
  <testcase classname="PESMCOE.PublicationScreenShot.PdfScreenShot" name="pdfScreenShot" time="0.911"/>
  <testcase classname="PESMCOE.PublicationScreenShot.PdfScreenShot" name="pdfScreenShot" time="2.428"/>
  <testcase classname="PESMCOE.PublicationScreenShot.PdfScreenShot" name="pdfScreenShot" time="1.7"/>
  <testcase classname="PESMCOE.PublicationScreenShot.PdfScreenShot" name="pdfScreenShot" time="2.462"/>
  <testcase classname="PESMCOE.PublicationScreenShot.PdfScreenShot" name="pdfScreenShot" time="1.995"/>
  <testcase classname="PESMCOE.PublicationScreenShot.PdfScreenShot" name="pdfScreenShot" time="4.046"/>
  <testcase classname="PESMCOE.PublicationScreenShot.PdfScreenShot" name="pdfScreenShot" time="0.631"/>
  <testcase classname="PESMCOE.PublicationScreenShot.PdfScreenShot" name="pdfScreenShot" time="1.211"/>
  <testcase classname="PESMCOE.PublicationScreenShot.PdfScreenShot" name="pdfScreenShot" time="1.268"/>
  <testcase classname="PESMCOE.PublicationScreenShot.PdfScreenShot" name="pdfScreenShot" time="0.521"/>
  <testcase classname="PESMCOE.PublicationScreenShot.PdfScreenShot" name="pdfScreenShot" time="0.478"/>
  <testcase classname="PESMCOE.PublicationScreenShot.PdfScreenShot" name="pdfScreenShot" time="0.62"/>
  <testcase classname="PESMCOE.PublicationScreenShot.PdfScreenShot" name="pdfScreenShot" time="0.817"/>
  <testcase classname="PESMCOE.PublicationScreenShot.PdfScreenShot" name="pdfScreenShot" time="0.667"/>
  <testcase classname="PESMCOE.PublicationScreenShot.PdfScreenShot" name="pdfScreenShot" time="1.009"/>
  <testcase classname="PESMCOE.PublicationScreenShot.PdfScreenShot" name="pdfScreenShot" time="1.404"/>
  <testcase classname="PESMCOE.PublicationScreenShot.PdfScreenShot" name="pdfScreenShot" time="1.625"/>
  <testcase classname="PESMCOE.PublicationScreenShot.PdfScreenShot" name="pdfScreenShot" time="0.731"/>
  <testcase classname="PESMCOE.PublicationScreenShot.PdfScreenShot" name="pdfScreenShot" time="1.301"/>
  <testcase classname="PESMCOE.PublicationScreenShot.PdfScreenShot" name="pdfScreenShot" time="1.315"/>
  <testcase classname="PESMCOE.PublicationScreenShot.PdfScreenShot" name="pdfScreenShot" time="0.889"/>
  <testcase classname="PESMCOE.PublicationScreenShot.PdfScreenShot" name="pdfScreenShot" time="0.691"/>
  <testcase classname="PESMCOE.PublicationScreenShot.PdfScreenShot" name="pdfScreenShot" time="0.481"/>
  <testcase classname="PESMCOE.PublicationScreenShot.PdfScreenShot" name="pdfScreenShot" time="0.443"/>
  <testcase classname="PESMCOE.PublicationScreenShot.PdfScreenShot" name="pdfScreenShot" time="0.55"/>
  <testcase classname="PESMCOE.PublicationScreenShot.PdfScreenShot" name="pdfScreenShot" time="2.375"/>
  <testcase classname="PESMCOE.PublicationScreenShot.PdfScreenShot" name="pdfScreenShot" time="1.117"/>
  <testcase classname="PESMCOE.PublicationScreenShot.PdfScreenShot" name="pdfScreenShot" time="2.235"/>
  <testcase classname="PESMCOE.PublicationScreenShot.PdfScreenShot" name="pdfScreenShot" time="0.597"/>
  <testcase classname="PESMCOE.PublicationScreenShot.PdfScreenShot" name="pdfScreenShot" time="1.919"/>
  <testcase classname="PESMCOE.PublicationScreenShot.PdfScreenShot" name="pdfScreenShot" time="0.824"/>
  <testcase classname="PESMCOE.PublicationScreenShot.PdfScreenShot" name="pdfScreenShot" time="1.552"/>
  <testcase classname="PESMCOE.PublicationScreenShot.PdfScreenShot" name="pdfScreenShot" time="0.342"/>
  <testcase classname="PESMCOE.PublicationScreenShot.PdfScreenShot" name="pdfScreenShot" time="0.422"/>
  <testcase classname="PESMCOE.PublicationScreenShot.PdfScreenShot" name="pdfScreenShot" time="1.059"/>
  <testcase classname="PESMCOE.PublicationScreenShot.PdfScreenShot" name="pdfScreenShot" time="0.414"/>
  <testcase classname="PESMCOE.PublicationScreenShot.PdfScreenShot" name="pdfScreenShot" time="1.17"/>
  <testcase classname="PESMCOE.PublicationScreenShot.PdfScreenShot" name="pdfScreenShot" time="1.257"/>
  <testcase classname="PESMCOE.PublicationScreenShot.PdfScreenShot" name="pdfScreenShot" time="1.14"/>
  <testcase classname="PESMCOE.PublicationScreenShot.PdfScreenShot" name="pdfScreenShot" time="1.003"/>
  <testcase classname="PESMCOE.PublicationScreenShot.PdfScreenShot" name="pdfScreenShot" time="1.026"/>
  <testcase classname="PESMCOE.PublicationScreenShot.PdfScreenShot" name="pdfScreenShot" time="0.885"/>
  <testcase classname="PESMCOE.PublicationScreenShot.PdfScreenShot" name="pdfScreenShot" time="1.744"/>
  <testcase classname="PESMCOE.PublicationScreenShot.PdfScreenShot" name="pdfScreenShot" time="0.869"/>
  <testcase classname="PESMCOE.PublicationScreenShot.PdfScreenShot" name="pdfScreenShot" time="1.446"/>
  <testcase classname="PESMCOE.PublicationScreenShot.PdfScreenShot" name="pdfScreenShot" time="0.668"/>
  <testcase classname="PESMCOE.PublicationScreenShot.PdfScreenShot" name="pdfScreenShot" time="0.783"/>
  <testcase classname="PESMCOE.PublicationScreenShot.PdfScreenShot" name="pdfScreenShot" time="0.773"/>
  <testcase classname="PESMCOE.PublicationScreenShot.PdfScreenShot" name="pdfScreenShot" time="0.823"/>
  <testcase classname="PESMCOE.PublicationScreenShot.PdfScreenShot" name="pdfScreenShot" time="0.524"/>
  <testcase classname="PESMCOE.PublicationScreenShot.PdfScreenShot" name="pdfScreenShot" time="0.938"/>
  <testcase classname="PESMCOE.PublicationScreenShot.PdfScreenShot" name="pdfScreenShot" time="1.433"/>
  <testcase classname="PESMCOE.PublicationScreenShot.PdfScreenShot" name="pdfScreenShot" time="0.459"/>
  <testcase classname="PESMCOE.PublicationScreenShot.PdfScreenShot" name="pdfScreenShot" time="0.55"/>
  <testcase classname="PESMCOE.PublicationScreenShot.PdfScreenShot" name="pdfScreenShot" time="0.641"/>
  <testcase classname="PESMCOE.PublicationScreenShot.PdfScreenShot" name="pdfScreenShot" time="0.603"/>
  <testcase classname="PESMCOE.PublicationScreenShot.PdfScreenShot" name="pdfScreenShot" time="0.993"/>
  <testcase classname="PESMCOE.PublicationScreenShot.PdfScreenShot" name="pdfScreenShot" time="1.113"/>
  <testcase classname="PESMCOE.PublicationScreenShot.PdfScreenShot" name="pdfScreenShot" time="0.588"/>
  <testcase classname="PESMCOE.PublicationScreenShot.PdfScreenShot" name="pdfScreenShot" time="0.922"/>
  <testcase classname="PESMCOE.PublicationScreenShot.PdfScreenShot" name="pdfScreenShot" time="0.898"/>
  <testcase classname="PESMCOE.PublicationScreenShot.PdfScreenShot" name="pdfScreenShot" time="1.326"/>
  <testcase classname="PESMCOE.PublicationScreenShot.PdfScreenShot" name="pdfScreenShot" time="0.897"/>
  <testcase classname="PESMCOE.PublicationScreenShot.PdfScreenShot" name="pdfScreenShot" time="3.344"/>
  <testcase classname="PESMCOE.PublicationScreenShot.PdfScreenShot" name="pdfScreenShot" time="2.285"/>
  <testcase classname="PESMCOE.PublicationScreenShot.PdfScreenShot" name="pdfScreenShot" time="0.8"/>
  <testcase classname="PESMCOE.PublicationScreenShot.PdfScreenShot" name="pdfScreenShot" time="0.917"/>
  <testcase classname="PESMCOE.PublicationScreenShot.PdfScreenShot" name="pdfScreenShot" time="1.24"/>
  <testcase classname="PESMCOE.PublicationScreenShot.PdfScreenShot" name="pdfScreenShot" time="5.662"/>
  <testcase classname="PESMCOE.PublicationScreenShot.PdfScreenShot" name="pdfScreenShot" time="1.173"/>
  <testcase classname="PESMCOE.PublicationScreenShot.PdfScreenShot" name="pdfScreenShot" time="2.621"/>
  <testcase classname="PESMCOE.PublicationScreenShot.PdfScreenShot" name="pdfScreenShot" time="4.432"/>
  <testcase classname="PESMCOE.PublicationScreenShot.PdfScreenShot" name="pdfScreenShot" time="1.83"/>
  <testcase classname="PESMCOE.PublicationScreenShot.PdfScreenShot" name="pdfScreenShot" time="0.624"/>
  <testcase classname="PESMCOE.PublicationScreenShot.PdfScreenShot" name="pdfScreenShot" time="0.949"/>
  <testcase classname="PESMCOE.PublicationScreenShot.PdfScreenShot" name="pdfScreenShot" time="6.679"/>
  <testcase classname="PESMCOE.PublicationScreenShot.PdfScreenShot" name="pdfScreenShot" time="1.005"/>
  <testcase classname="PESMCOE.PublicationScreenShot.PdfScreenShot" name="pdfScreenShot" time="1.251"/>
  <testcase classname="PESMCOE.PublicationScreenShot.PdfScreenShot" name="pdfScreenShot" time="1.802"/>
  <testcase classname="PESMCOE.PublicationScreenShot.PdfScreenShot" name="pdfScreenShot" time="1.126"/>
  <testcase classname="PESMCOE.PublicationScreenShot.PdfScreenShot" name="pdfScreenShot" time="1.081"/>
  <testcase classname="PESMCOE.PublicationScreenShot.PdfScreenShot" name="pdfScreenShot" time="6.57"/>
  <testcase classname="PESMCOE.PublicationScreenShot.PdfScreenShot" name="pdfScreenShot" time="1.154"/>
  <testcase classname="PESMCOE.PublicationScreenShot.PdfScreenShot" name="pdfScreenShot" time="0.65"/>
  <testcase classname="PESMCOE.PublicationScreenShot.PdfScreenShot" name="pdfScreenShot" time="1.1"/>
  <testcase classname="PESMCOE.PublicationScreenShot.PdfScreenShot" name="pdfScreenShot" time="0.967"/>
  <testcase classname="PESMCOE.PublicationScreenShot.PdfScreenShot" name="pdfScreenShot" time="0.797"/>
  <testcase classname="PESMCOE.PublicationScreenShot.PdfScreenShot" name="pdfScreenShot" time="1.555"/>
  <testcase classname="PESMCOE.PublicationScreenShot.PdfScreenShot" name="pdfScreenShot" time="0.645"/>
  <testcase classname="PESMCOE.PublicationScreenShot.PdfScreenShot" name="pdfScreenShot" time="1.135"/>
  <testcase classname="PESMCOE.PublicationScreenShot.PdfScreenShot" name="pdfScreenShot" time="1.036"/>
  <testcase classname="PESMCOE.PublicationScreenShot.PdfScreenShot" name="pdfScreenShot" time="0.742"/>
  <testcase classname="PESMCOE.PublicationScreenShot.PdfScreenShot" name="pdfScreenShot" time="0.701"/>
  <testcase classname="PESMCOE.PublicationScreenShot.PdfScreenShot" name="pdfScreenShot" time="1.423"/>
  <testcase classname="PESMCOE.PublicationScreenShot.PdfScreenShot" name="pdfScreenShot" time="5.883"/>
  <testcase classname="PESMCOE.PublicationScreenShot.PdfScreenShot" name="pdfScreenShot" time="1.186"/>
  <testcase classname="PESMCOE.PublicationScreenShot.PdfScreenShot" name="pdfScreenShot" time="0.503"/>
  <testcase classname="PESMCOE.PublicationScreenShot.PdfScreenShot" name="pdfScreenShot" time="0.958"/>
  <testcase classname="PESMCOE.PublicationScreenShot.PdfScreenShot" name="pdfScreenShot" time="0.618"/>
  <testcase classname="PESMCOE.PublicationScreenShot.PdfScreenShot" name="pdfScreenShot" time="2.711"/>
  <testcase classname="PESMCOE.PublicationScreenShot.PdfScreenShot" name="pdfScreenShot" time="1.201"/>
  <testcase classname="PESMCOE.PublicationScreenShot.PdfScreenShot" name="pdfScreenShot" time="1.14"/>
  <testcase classname="PESMCOE.PublicationScreenShot.PdfScreenShot" name="pdfScreenShot" time="1.193"/>
  <testcase classname="PESMCOE.PublicationScreenShot.PdfScreenShot" name="pdfScreenShot" time="1.029"/>
  <testcase classname="PESMCOE.PublicationScreenShot.PdfScreenShot" name="pdfScreenShot" time="0.801"/>
  <testcase classname="PESMCOE.PublicationScreenShot.PdfScreenShot" name="pdfScreenShot" time="0.584"/>
  <testcase classname="PESMCOE.PublicationScreenShot.PdfScreenShot" name="pdfScreenShot" time="0.655"/>
  <testcase classname="PESMCOE.PublicationScreenShot.PdfScreenShot" name="pdfScreenShot" time="0.896"/>
  <testcase classname="PESMCOE.PublicationScreenShot.PdfScreenShot" name="pdfScreenShot" time="1.694"/>
  <testcase classname="PESMCOE.PublicationScreenShot.PdfScreenShot" name="pdfScreenShot" time="0.884"/>
  <testcase classname="PESMCOE.PublicationScreenShot.PdfScreenShot" name="pdfScreenShot" time="0.164"/>
  <testcase classname="PESMCOE.PublicationScreenShot.PdfScreenShot" name="pdfScreenShot" time="0.484"/>
  <testcase classname="PESMCOE.PublicationScreenShot.PdfScreenShot" name="pdfScreenShot" time="0.927"/>
  <testcase classname="PESMCOE.PublicationScreenShot.PdfScreenShot" name="pdfScreenShot" time="1.308"/>
  <testcase classname="PESMCOE.PublicationScreenShot.PdfScreenShot" name="pdfScreenShot" time="2.545"/>
  <testcase classname="PESMCOE.PublicationScreenShot.PdfScreenShot" name="pdfScreenShot" time="0.554"/>
  <testcase classname="PESMCOE.PublicationScreenShot.PdfScreenShot" name="pdfScreenShot" time="0.491"/>
  <testcase classname="PESMCOE.PublicationScreenShot.PdfScreenShot" name="pdfScreenShot" time="0.773"/>
  <testcase classname="PESMCOE.PublicationScreenShot.PdfScreenShot" name="pdfScreenShot" time="0.697"/>
  <testcase classname="PESMCOE.PublicationScreenShot.PdfScreenShot" name="pdfScreenShot" time="1.762"/>
  <testcase classname="PESMCOE.PublicationScreenShot.PdfScreenShot" name="pdfScreenShot" time="2.407"/>
  <testcase classname="PESMCOE.PublicationScreenShot.PdfScreenShot" name="pdfScreenShot" time="1.386"/>
  <testcase classname="PESMCOE.PublicationScreenShot.PdfScreenShot" name="pdfScreenShot" time="0.633"/>
  <testcase classname="PESMCOE.PublicationScreenShot.PdfScreenShot" name="pdfScreenShot" time="0.894"/>
  <testcase classname="PESMCOE.PublicationScreenShot.PdfScreenShot" name="pdfScreenShot" time="1.604"/>
  <testcase classname="PESMCOE.PublicationScreenShot.PdfScreenShot" name="pdfScreenShot" time="0.949"/>
  <testcase classname="PESMCOE.PublicationScreenShot.PdfScreenShot" name="pdfScreenShot" time="1.866"/>
  <testcase classname="PESMCOE.PublicationScreenShot.PdfScreenShot" name="pdfScreenShot" time="1.194"/>
  <testcase classname="PESMCOE.PublicationScreenShot.PdfScreenShot" name="pdfScreenShot" time="0.649"/>
  <testcase classname="PESMCOE.PublicationScreenShot.PdfScreenShot" name="pdfScreenShot" time="0.883"/>
  <testcase classname="PESMCOE.PublicationScreenShot.PdfScreenShot" name="pdfScreenShot" time="0.991"/>
  <testcase classname="PESMCOE.PublicationScreenShot.PdfScreenShot" name="pdfScreenShot" time="0.546"/>
  <testcase classname="PESMCOE.PublicationScreenShot.PdfScreenShot" name="pdfScreenShot" time="0.709"/>
  <testcase classname="PESMCOE.PublicationScreenShot.PdfScreenShot" name="pdfScreenShot" time="0.535"/>
  <testcase classname="PESMCOE.PublicationScreenShot.PdfScreenShot" name="pdfScreenShot" time="1.12"/>
  <testcase classname="PESMCOE.PublicationScreenShot.PdfScreenShot" name="pdfScreenShot" time="1.043"/>
  <testcase classname="PESMCOE.PublicationScreenShot.PdfScreenShot" name="pdfScreenShot" time="1.014"/>
  <testcase classname="PESMCOE.PublicationScreenShot.PdfScreenShot" name="pdfScreenShot" time="1.069"/>
  <testcase classname="PESMCOE.PublicationScreenShot.PdfScreenShot" name="pdfScreenShot" time="0.875"/>
  <testcase classname="PESMCOE.PublicationScreenShot.PdfScreenShot" name="pdfScreenShot" time="1.276"/>
  <testcase classname="PESMCOE.PublicationScreenShot.PdfScreenShot" name="pdfScreenShot" time="0.801"/>
  <testcase classname="PESMCOE.PublicationScreenShot.PdfScreenShot" name="pdfScreenShot" time="0.59"/>
  <testcase classname="PESMCOE.PublicationScreenShot.PdfScreenShot" name="pdfScreenShot" time="0.906"/>
  <testcase classname="PESMCOE.PublicationScreenShot.PdfScreenShot" name="pdfScreenShot" time="1.118"/>
  <testcase classname="PESMCOE.PublicationScreenShot.PdfScreenShot" name="pdfScreenShot" time="0.944"/>
  <testcase classname="PESMCOE.PublicationScreenShot.PdfScreenShot" name="pdfScreenShot" time="0.587"/>
  <testcase classname="PESMCOE.PublicationScreenShot.PdfScreenShot" name="pdfScreenShot" time="7.144"/>
  <testcase classname="PESMCOE.PublicationScreenShot.PdfScreenShot" name="pdfScreenShot" time="2.054"/>
  <testcase classname="PESMCOE.PublicationScreenShot.PdfScreenShot" name="pdfScreenShot" time="1.617"/>
  <testcase classname="PESMCOE.PublicationScreenShot.PdfScreenShot" name="pdfScreenShot" time="0.912"/>
  <testcase classname="PESMCOE.PublicationScreenShot.PdfScreenShot" name="pdfScreenShot" time="1.054"/>
  <testcase classname="PESMCOE.PublicationScreenShot.PdfScreenShot" name="pdfScreenShot" time="1.336"/>
  <testcase classname="PESMCOE.PublicationScreenShot.PdfScreenShot" name="pdfScreenShot" time="0.735"/>
  <testcase classname="PESMCOE.PublicationScreenShot.PdfScreenShot" name="pdfScreenShot" time="6.989"/>
  <testcase classname="PESMCOE.PublicationScreenShot.PdfScreenShot" name="pdfScreenShot" time="3.315"/>
  <testcase classname="PESMCOE.PublicationScreenShot.PdfScreenShot" name="pdfScreenShot" time="0.751"/>
  <testcase classname="PESMCOE.PublicationScreenShot.PdfScreenShot" name="pdfScreenShot" time="1.34"/>
  <testcase classname="PESMCOE.PublicationScreenShot.PdfScreenShot" name="pdfScreenShot" time="1.171"/>
  <testcase classname="PESMCOE.PublicationScreenShot.PdfScreenShot" name="pdfScreenShot" time="0.808"/>
  <testcase classname="PESMCOE.PublicationScreenShot.PdfScreenShot" name="pdfScreenShot" time="0.575"/>
  <testcase classname="PESMCOE.PublicationScreenShot.PdfScreenShot" name="pdfScreenShot" time="0.526"/>
  <testcase classname="PESMCOE.PublicationScreenShot.PdfScreenShot" name="pdfScreenShot" time="0.765"/>
  <testcase classname="PESMCOE.PublicationScreenShot.PdfScreenShot" name="pdfScreenShot" time="0.486"/>
  <testcase classname="PESMCOE.PublicationScreenShot.PdfScreenShot" name="pdfScreenShot" time="0.863"/>
  <testcase classname="PESMCOE.PublicationScreenShot.PdfScreenShot" name="pdfScreenShot" time="0.552"/>
  <testcase classname="PESMCOE.PublicationScreenShot.PdfScreenShot" name="pdfScreenShot" time="0.645"/>
  <testcase classname="PESMCOE.PublicationScreenShot.PdfScreenShot" name="pdfScreenShot" time="1.103"/>
  <testcase classname="PESMCOE.PublicationScreenShot.PdfScreenShot" name="pdfScreenShot" time="0.563"/>
  <testcase classname="PESMCOE.PublicationScreenShot.PdfScreenShot" name="pdfScreenShot" time="0.702"/>
  <testcase classname="PESMCOE.PublicationScreenShot.PdfScreenShot" name="pdfScreenShot" time="1.153"/>
  <testcase classname="PESMCOE.PublicationScreenShot.PdfScreenShot" name="pdfScreenShot" time="6.712"/>
  <testcase classname="PESMCOE.PublicationScreenShot.PdfScreenShot" name="pdfScreenShot" time="1.159"/>
  <testcase classname="PESMCOE.PublicationScreenShot.PdfScreenShot" name="pdfScreenShot" time="0.86"/>
  <testcase classname="PESMCOE.PublicationScreenShot.PdfScreenShot" name="pdfScreenShot" time="0.536"/>
  <testcase classname="PESMCOE.PublicationScreenShot.PdfScreenShot" name="pdfScreenShot" time="7.501"/>
  <testcase classname="PESMCOE.PublicationScreenShot.PdfScreenShot" name="pdfScreenShot" time="2.399"/>
  <testcase classname="PESMCOE.PublicationScreenShot.PdfScreenShot" name="pdfScreenShot" time="0.882"/>
  <testcase classname="PESMCOE.PublicationScreenShot.PdfScreenShot" name="pdfScreenShot" time="0.889"/>
  <testcase classname="PESMCOE.PublicationScreenShot.PdfScreenShot" name="pdfScreenShot" time="1.449"/>
  <testcase classname="PESMCOE.PublicationScreenShot.PdfScreenShot" name="pdfScreenShot" time="0.613"/>
  <testcase classname="PESMCOE.PublicationScreenShot.PdfScreenShot" name="pdfScreenShot" time="2.091"/>
  <testcase classname="PESMCOE.PublicationScreenShot.PdfScreenShot" name="pdfScreenShot" time="0.55"/>
  <testcase classname="PESMCOE.PublicationScreenShot.PdfScreenShot" name="pdfScreenShot" time="0.78"/>
  <testcase classname="PESMCOE.PublicationScreenShot.PdfScreenShot" name="pdfScreenShot" time="0.677"/>
  <testcase classname="PESMCOE.PublicationScreenShot.PdfScreenShot" name="pdfScreenShot" time="0.989"/>
  <testcase classname="PESMCOE.PublicationScreenShot.PdfScreenShot" name="pdfScreenShot" time="1.703"/>
  <testcase classname="PESMCOE.PublicationScreenShot.PdfScreenShot" name="pdfScreenShot" time="0.913"/>
  <testcase classname="PESMCOE.PublicationScreenShot.PdfScreenShot" name="pdfScreenShot" time="0.466"/>
  <testcase classname="PESMCOE.PublicationScreenShot.PdfScreenShot" name="pdfScreenShot" time="7.48"/>
  <testcase classname="PESMCOE.PublicationScreenShot.PdfScreenShot" name="pdfScreenShot" time="1.148"/>
  <testcase classname="PESMCOE.PublicationScreenShot.PdfScreenShot" name="pdfScreenShot" time="0.881"/>
  <testcase classname="PESMCOE.PublicationScreenShot.PdfScreenShot" name="pdfScreenShot" time="0.981"/>
  <testcase classname="PESMCOE.PublicationScreenShot.PdfScreenShot" name="pdfScreenShot" time="0.655"/>
  <testcase classname="PESMCOE.PublicationScreenShot.PdfScreenShot" name="pdfScreenShot" time="0.986"/>
  <testcase classname="PESMCOE.PublicationScreenShot.PdfScreenShot" name="pdfScreenShot" time="0.59"/>
  <testcase classname="PESMCOE.PublicationScreenShot.PdfScreenShot" name="pdfScreenShot" time="0.596"/>
  <testcase classname="PESMCOE.PublicationScreenShot.PdfScreenShot" name="pdfScreenShot" time="1.065"/>
  <testcase classname="PESMCOE.PublicationScreenShot.PdfScreenShot" name="pdfScreenShot" time="0.629"/>
  <testcase classname="PESMCOE.PublicationScreenShot.PdfScreenShot" name="pdfScreenShot" time="1.684"/>
  <testcase classname="PESMCOE.PublicationScreenShot.PdfScreenShot" name="pdfScreenShot" time="0.532"/>
  <testcase classname="PESMCOE.PublicationScreenShot.PdfScreenShot" name="pdfScreenShot" time="6.048"/>
  <testcase classname="PESMCOE.PublicationScreenShot.PdfScreenShot" name="pdfScreenShot" time="1.134"/>
  <testcase classname="PESMCOE.PublicationScreenShot.PdfScreenShot" name="pdfScreenShot" time="0.773"/>
  <testcase classname="PESMCOE.PublicationScreenShot.PdfScreenShot" name="pdfScreenShot" time="0.507"/>
  <testcase classname="PESMCOE.PublicationScreenShot.PdfScreenShot" name="pdfScreenShot" time="0.71"/>
  <testcase classname="PESMCOE.PublicationScreenShot.PdfScreenShot" name="pdfScreenShot" time="0.83"/>
  <testcase classname="PESMCOE.PublicationScreenShot.PdfScreenShot" name="pdfScreenShot" time="0.778"/>
  <testcase classname="PESMCOE.PublicationScreenShot.PdfScreenShot" name="pdfScreenShot" time="0.838"/>
  <testcase classname="PESMCOE.PublicationScreenShot.PdfScreenShot" name="pdfScreenShot" time="0.514"/>
  <testcase classname="PESMCOE.PublicationScreenShot.PdfScreenShot" name="pdfScreenShot" time="0.863"/>
  <testcase classname="PESMCOE.PublicationScreenShot.PdfScreenShot" name="pdfScreenShot" time="0.575"/>
  <testcase classname="PESMCOE.PublicationScreenShot.PdfScreenShot" name="pdfScreenShot" time="0.666"/>
  <testcase classname="PESMCOE.PublicationScreenShot.PdfScreenShot" name="pdfScreenShot" time="0.809"/>
  <testcase classname="PESMCOE.PublicationScreenShot.PdfScreenShot" name="pdfScreenShot" time="0.654"/>
  <testcase classname="PESMCOE.PublicationScreenShot.PdfScreenShot" name="pdfScreenShot" time="0.947"/>
  <testcase classname="PESMCOE.PublicationScreenShot.PdfScreenShot" name="pdfScreenShot" time="1.624"/>
  <testcase classname="PESMCOE.PublicationScreenShot.PdfScreenShot" name="pdfScreenShot" time="0.829"/>
  <testcase classname="PESMCOE.PublicationScreenShot.PdfScreenShot" name="pdfScreenShot" time="0.593"/>
  <testcase classname="PESMCOE.PublicationScreenShot.PdfScreenShot" name="pdfScreenShot" time="0.727"/>
  <testcase classname="PESMCOE.PublicationScreenShot.PdfScreenShot" name="pdfScreenShot" time="1.021"/>
  <testcase classname="PESMCOE.PublicationScreenShot.PdfScreenShot" name="pdfScreenShot" time="0.729"/>
  <testcase classname="PESMCOE.PublicationScreenShot.PdfScreenShot" name="pdfScreenShot" time="1.098"/>
  <testcase classname="PESMCOE.PublicationScreenShot.PdfScreenShot" name="pdfScreenShot" time="1.338"/>
  <testcase classname="PESMCOE.PublicationScreenShot.PdfScreenShot" name="pdfScreenShot" time="0.918"/>
  <testcase classname="PESMCOE.PublicationScreenShot.PdfScreenShot" name="pdfScreenShot" time="0.712"/>
  <testcase classname="PESMCOE.PublicationScreenShot.PdfScreenShot" name="pdfScreenShot" time="0.869"/>
  <testcase classname="PESMCOE.PublicationScreenShot.PdfScreenShot" name="pdfScreenShot" time="0.719"/>
  <testcase classname="PESMCOE.PublicationScreenShot.PdfScreenShot" name="pdfScreenShot" time="0.636"/>
  <testcase classname="PESMCOE.PublicationScreenShot.PdfScreenShot" name="pdfScreenShot" time="0.782"/>
  <testcase classname="PESMCOE.PublicationScreenShot.PdfScreenShot" name="pdfScreenShot" time="0.463"/>
  <testcase classname="PESMCOE.PublicationScreenShot.PdfScreenShot" name="pdfScreenShot" time="0.796"/>
  <testcase classname="PESMCOE.PublicationScreenShot.PdfScreenShot" name="pdfScreenShot" time="0.612"/>
  <testcase classname="PESMCOE.PublicationScreenShot.PdfScreenShot" name="pdfScreenShot" time="0.708"/>
  <testcase classname="PESMCOE.PublicationScreenShot.PdfScreenShot" name="pdfScreenShot" time="0.645"/>
  <testcase classname="PESMCOE.PublicationScreenShot.PdfScreenShot" name="pdfScreenShot" time="0.592"/>
  <testcase classname="PESMCOE.PublicationScreenShot.PdfScreenShot" name="pdfScreenShot" time="0.793"/>
  <testcase classname="PESMCOE.PublicationScreenShot.PdfScreenShot" name="pdfScreenShot" time="0.45"/>
  <testcase classname="PESMCOE.PublicationScreenShot.PdfScreenShot" name="pdfScreenShot" time="1.543"/>
  <testcase classname="PESMCOE.PublicationScreenShot.PdfScreenShot" name="pdfScreenShot" time="6.747"/>
  <testcase classname="PESMCOE.PublicationScreenShot.PdfScreenShot" name="pdfScreenShot" time="0.706"/>
  <testcase classname="PESMCOE.PublicationScreenShot.PdfScreenShot" name="pdfScreenShot" time="0.674"/>
  <testcase classname="PESMCOE.PublicationScreenShot.PdfScreenShot" name="pdfScreenShot" time="6.351"/>
  <testcase classname="PESMCOE.PublicationScreenShot.PdfScreenShot" name="pdfScreenShot" time="1.977"/>
  <testcase classname="PESMCOE.PublicationScreenShot.PdfScreenShot" name="pdfScreenShot" time="0.32"/>
  <testcase classname="PESMCOE.PublicationScreenShot.PdfScreenShot" name="pdfScreenShot" time="0.769"/>
  <testcase classname="PESMCOE.PublicationScreenShot.PdfScreenShot" name="pdfScreenShot" time="0.667"/>
  <testcase classname="PESMCOE.PublicationScreenShot.PdfScreenShot" name="pdfScreenShot" time="0.662"/>
  <testcase classname="PESMCOE.PublicationScreenShot.PdfScreenShot" name="pdfScreenShot" time="5.714"/>
</testsuite> <!-- Test -->
