<?xml version="1.0" encoding="UTF-8"?>
<testng-results ignored="0" total="361" passed="361" failed="0" skipped="0">
  <reporter-output>
  </reporter-output>
  <suite started-at="2022-06-07T11:41:56 IST" name="Suite" finished-at="2022-06-07T11:51:02 IST" duration-ms="546653">
    <groups>
    </groups>
    <test started-at="2022-06-07T11:41:56 IST" name="Test" finished-at="2022-06-07T11:51:02 IST" duration-ms="546653">
      <class name="PESMCOE.PublicationScreenShot.PdfScreenShot">
        <test-method signature="pdfScreenShot(java.lang.String,java.lang.String)[pri:0, instance:PESMCOE.PublicationScreenShot.PdfScreenShot@52e6fdee]" started-at="2022-06-07T11:41:58 IST" name="pdfScreenShot" data-provider="pdfpathprovider" finished-at="2022-06-07T11:42:00 IST" duration-ms="2644" status="PASS">
          <params>
            <param index="0">
              <value>
                <![CDATA[1.pdf]]>
              </value>
            </param>
            <param index="1">
              <value>
                <![CDATA[1]]>
              </value>
            </param>
          </params>
          <reporter-output>
          </reporter-output>
        </test-method> <!-- pdfScreenShot -->
        <test-method signature="pdfScreenShot(java.lang.String,java.lang.String)[pri:0, instance:PESMCOE.PublicationScreenShot.PdfScreenShot@52e6fdee]" started-at="2022-06-07T11:42:00 IST" name="pdfScreenShot" data-provider="pdfpathprovider" finished-at="2022-06-07T11:42:04 IST" duration-ms="3751" status="PASS">
          <params>
            <param index="0">
              <value>
                <![CDATA[10.pdf]]>
              </value>
            </param>
            <param index="1">
              <value>
                <![CDATA[10]]>
              </value>
            </param>
          </params>
          <reporter-output>
          </reporter-output>
        </test-method> <!-- pdfScreenShot -->
        <test-method signature="pdfScreenShot(java.lang.String,java.lang.String)[pri:0, instance:PESMCOE.PublicationScreenShot.PdfScreenShot@52e6fdee]" started-at="2022-06-07T11:42:04 IST" name="pdfScreenShot" data-provider="pdfpathprovider" finished-at="2022-06-07T11:42:05 IST" duration-ms="1150" status="PASS">
          <params>
            <param index="0">
              <value>
                <![CDATA[100.pdf]]>
              </value>
            </param>
            <param index="1">
              <value>
                <![CDATA[100]]>
              </value>
            </param>
          </params>
          <reporter-output>
          </reporter-output>
        </test-method> <!-- pdfScreenShot -->
        <test-method signature="pdfScreenShot(java.lang.String,java.lang.String)[pri:0, instance:PESMCOE.PublicationScreenShot.PdfScreenShot@52e6fdee]" started-at="2022-06-07T11:42:05 IST" name="pdfScreenShot" data-provider="pdfpathprovider" finished-at="2022-06-07T11:42:06 IST" duration-ms="1028" status="PASS">
          <params>
            <param index="0">
              <value>
                <![CDATA[101.pdf]]>
              </value>
            </param>
            <param index="1">
              <value>
                <![CDATA[101]]>
              </value>
            </param>
          </params>
          <reporter-output>
          </reporter-output>
        </test-method> <!-- pdfScreenShot -->
        <test-method signature="pdfScreenShot(java.lang.String,java.lang.String)[pri:0, instance:PESMCOE.PublicationScreenShot.PdfScreenShot@52e6fdee]" started-at="2022-06-07T11:42:06 IST" name="pdfScreenShot" data-provider="pdfpathprovider" finished-at="2022-06-07T11:42:08 IST" duration-ms="2157" status="PASS">
          <params>
            <param index="0">
              <value>
                <![CDATA[103.pdf]]>
              </value>
            </param>
            <param index="1">
              <value>
                <![CDATA[103]]>
              </value>
            </param>
          </params>
          <reporter-output>
          </reporter-output>
        </test-method> <!-- pdfScreenShot -->
        <test-method signature="pdfScreenShot(java.lang.String,java.lang.String)[pri:0, instance:PESMCOE.PublicationScreenShot.PdfScreenShot@52e6fdee]" started-at="2022-06-07T11:42:08 IST" name="pdfScreenShot" data-provider="pdfpathprovider" finished-at="2022-06-07T11:42:18 IST" duration-ms="10030" status="PASS">
          <params>
            <param index="0">
              <value>
                <![CDATA[104.pdf]]>
              </value>
            </param>
            <param index="1">
              <value>
                <![CDATA[104]]>
              </value>
            </param>
          </params>
          <reporter-output>
          </reporter-output>
        </test-method> <!-- pdfScreenShot -->
        <test-method signature="pdfScreenShot(java.lang.String,java.lang.String)[pri:0, instance:PESMCOE.PublicationScreenShot.PdfScreenShot@52e6fdee]" started-at="2022-06-07T11:42:18 IST" name="pdfScreenShot" data-provider="pdfpathprovider" finished-at="2022-06-07T11:42:19 IST" duration-ms="793" status="PASS">
          <params>
            <param index="0">
              <value>
                <![CDATA[105.pdf]]>
              </value>
            </param>
            <param index="1">
              <value>
                <![CDATA[105]]>
              </value>
            </param>
          </params>
          <reporter-output>
          </reporter-output>
        </test-method> <!-- pdfScreenShot -->
        <test-method signature="pdfScreenShot(java.lang.String,java.lang.String)[pri:0, instance:PESMCOE.PublicationScreenShot.PdfScreenShot@52e6fdee]" started-at="2022-06-07T11:42:19 IST" name="pdfScreenShot" data-provider="pdfpathprovider" finished-at="2022-06-07T11:42:20 IST" duration-ms="1109" status="PASS">
          <params>
            <param index="0">
              <value>
                <![CDATA[106.pdf]]>
              </value>
            </param>
            <param index="1">
              <value>
                <![CDATA[106]]>
              </value>
            </param>
          </params>
          <reporter-output>
          </reporter-output>
        </test-method> <!-- pdfScreenShot -->
        <test-method signature="pdfScreenShot(java.lang.String,java.lang.String)[pri:0, instance:PESMCOE.PublicationScreenShot.PdfScreenShot@52e6fdee]" started-at="2022-06-07T11:42:20 IST" name="pdfScreenShot" data-provider="pdfpathprovider" finished-at="2022-06-07T11:42:23 IST" duration-ms="2621" status="PASS">
          <params>
            <param index="0">
              <value>
                <![CDATA[107.pdf]]>
              </value>
            </param>
            <param index="1">
              <value>
                <![CDATA[107]]>
              </value>
            </param>
          </params>
          <reporter-output>
          </reporter-output>
        </test-method> <!-- pdfScreenShot -->
        <test-method signature="pdfScreenShot(java.lang.String,java.lang.String)[pri:0, instance:PESMCOE.PublicationScreenShot.PdfScreenShot@52e6fdee]" started-at="2022-06-07T11:42:23 IST" name="pdfScreenShot" data-provider="pdfpathprovider" finished-at="2022-06-07T11:42:25 IST" duration-ms="2202" status="PASS">
          <params>
            <param index="0">
              <value>
                <![CDATA[108.pdf]]>
              </value>
            </param>
            <param index="1">
              <value>
                <![CDATA[108]]>
              </value>
            </param>
          </params>
          <reporter-output>
          </reporter-output>
        </test-method> <!-- pdfScreenShot -->
        <test-method signature="pdfScreenShot(java.lang.String,java.lang.String)[pri:0, instance:PESMCOE.PublicationScreenShot.PdfScreenShot@52e6fdee]" started-at="2022-06-07T11:42:25 IST" name="pdfScreenShot" data-provider="pdfpathprovider" finished-at="2022-06-07T11:42:37 IST" duration-ms="11445" status="PASS">
          <params>
            <param index="0">
              <value>
                <![CDATA[109.pdf]]>
              </value>
            </param>
            <param index="1">
              <value>
                <![CDATA[109]]>
              </value>
            </param>
          </params>
          <reporter-output>
          </reporter-output>
        </test-method> <!-- pdfScreenShot -->
        <test-method signature="pdfScreenShot(java.lang.String,java.lang.String)[pri:0, instance:PESMCOE.PublicationScreenShot.PdfScreenShot@52e6fdee]" started-at="2022-06-07T11:42:37 IST" name="pdfScreenShot" data-provider="pdfpathprovider" finished-at="2022-06-07T11:42:39 IST" duration-ms="2041" status="PASS">
          <params>
            <param index="0">
              <value>
                <![CDATA[11.pdf]]>
              </value>
            </param>
            <param index="1">
              <value>
                <![CDATA[11]]>
              </value>
            </param>
          </params>
          <reporter-output>
          </reporter-output>
        </test-method> <!-- pdfScreenShot -->
        <test-method signature="pdfScreenShot(java.lang.String,java.lang.String)[pri:0, instance:PESMCOE.PublicationScreenShot.PdfScreenShot@52e6fdee]" started-at="2022-06-07T11:42:39 IST" name="pdfScreenShot" data-provider="pdfpathprovider" finished-at="2022-06-07T11:42:41 IST" duration-ms="2486" status="PASS">
          <params>
            <param index="0">
              <value>
                <![CDATA[110.pdf]]>
              </value>
            </param>
            <param index="1">
              <value>
                <![CDATA[110]]>
              </value>
            </param>
          </params>
          <reporter-output>
          </reporter-output>
        </test-method> <!-- pdfScreenShot -->
        <test-method signature="pdfScreenShot(java.lang.String,java.lang.String)[pri:0, instance:PESMCOE.PublicationScreenShot.PdfScreenShot@52e6fdee]" started-at="2022-06-07T11:42:41 IST" name="pdfScreenShot" data-provider="pdfpathprovider" finished-at="2022-06-07T11:42:43 IST" duration-ms="1490" status="PASS">
          <params>
            <param index="0">
              <value>
                <![CDATA[111.pdf]]>
              </value>
            </param>
            <param index="1">
              <value>
                <![CDATA[111]]>
              </value>
            </param>
          </params>
          <reporter-output>
          </reporter-output>
        </test-method> <!-- pdfScreenShot -->
        <test-method signature="pdfScreenShot(java.lang.String,java.lang.String)[pri:0, instance:PESMCOE.PublicationScreenShot.PdfScreenShot@52e6fdee]" started-at="2022-06-07T11:42:43 IST" name="pdfScreenShot" data-provider="pdfpathprovider" finished-at="2022-06-07T11:42:45 IST" duration-ms="1905" status="PASS">
          <params>
            <param index="0">
              <value>
                <![CDATA[113.pdf]]>
              </value>
            </param>
            <param index="1">
              <value>
                <![CDATA[113]]>
              </value>
            </param>
          </params>
          <reporter-output>
          </reporter-output>
        </test-method> <!-- pdfScreenShot -->
        <test-method signature="pdfScreenShot(java.lang.String,java.lang.String)[pri:0, instance:PESMCOE.PublicationScreenShot.PdfScreenShot@52e6fdee]" started-at="2022-06-07T11:42:45 IST" name="pdfScreenShot" data-provider="pdfpathprovider" finished-at="2022-06-07T11:42:46 IST" duration-ms="1689" status="PASS">
          <params>
            <param index="0">
              <value>
                <![CDATA[114.pdf]]>
              </value>
            </param>
            <param index="1">
              <value>
                <![CDATA[114]]>
              </value>
            </param>
          </params>
          <reporter-output>
          </reporter-output>
        </test-method> <!-- pdfScreenShot -->
        <test-method signature="pdfScreenShot(java.lang.String,java.lang.String)[pri:0, instance:PESMCOE.PublicationScreenShot.PdfScreenShot@52e6fdee]" started-at="2022-06-07T11:42:46 IST" name="pdfScreenShot" data-provider="pdfpathprovider" finished-at="2022-06-07T11:42:48 IST" duration-ms="1532" status="PASS">
          <params>
            <param index="0">
              <value>
                <![CDATA[115.pdf]]>
              </value>
            </param>
            <param index="1">
              <value>
                <![CDATA[115]]>
              </value>
            </param>
          </params>
          <reporter-output>
          </reporter-output>
        </test-method> <!-- pdfScreenShot -->
        <test-method signature="pdfScreenShot(java.lang.String,java.lang.String)[pri:0, instance:PESMCOE.PublicationScreenShot.PdfScreenShot@52e6fdee]" started-at="2022-06-07T11:42:48 IST" name="pdfScreenShot" data-provider="pdfpathprovider" finished-at="2022-06-07T11:42:49 IST" duration-ms="1192" status="PASS">
          <params>
            <param index="0">
              <value>
                <![CDATA[116.pdf]]>
              </value>
            </param>
            <param index="1">
              <value>
                <![CDATA[116]]>
              </value>
            </param>
          </params>
          <reporter-output>
          </reporter-output>
        </test-method> <!-- pdfScreenShot -->
        <test-method signature="pdfScreenShot(java.lang.String,java.lang.String)[pri:0, instance:PESMCOE.PublicationScreenShot.PdfScreenShot@52e6fdee]" started-at="2022-06-07T11:42:49 IST" name="pdfScreenShot" data-provider="pdfpathprovider" finished-at="2022-06-07T11:42:52 IST" duration-ms="2776" status="PASS">
          <params>
            <param index="0">
              <value>
                <![CDATA[117.pdf]]>
              </value>
            </param>
            <param index="1">
              <value>
                <![CDATA[117]]>
              </value>
            </param>
          </params>
          <reporter-output>
          </reporter-output>
        </test-method> <!-- pdfScreenShot -->
        <test-method signature="pdfScreenShot(java.lang.String,java.lang.String)[pri:0, instance:PESMCOE.PublicationScreenShot.PdfScreenShot@52e6fdee]" started-at="2022-06-07T11:42:52 IST" name="pdfScreenShot" data-provider="pdfpathprovider" finished-at="2022-06-07T11:42:54 IST" duration-ms="1724" status="PASS">
          <params>
            <param index="0">
              <value>
                <![CDATA[118.pdf]]>
              </value>
            </param>
            <param index="1">
              <value>
                <![CDATA[118]]>
              </value>
            </param>
          </params>
          <reporter-output>
          </reporter-output>
        </test-method> <!-- pdfScreenShot -->
        <test-method signature="pdfScreenShot(java.lang.String,java.lang.String)[pri:0, instance:PESMCOE.PublicationScreenShot.PdfScreenShot@52e6fdee]" started-at="2022-06-07T11:42:54 IST" name="pdfScreenShot" data-provider="pdfpathprovider" finished-at="2022-06-07T11:42:55 IST" duration-ms="1928" status="PASS">
          <params>
            <param index="0">
              <value>
                <![CDATA[119.pdf]]>
              </value>
            </param>
            <param index="1">
              <value>
                <![CDATA[119]]>
              </value>
            </param>
          </params>
          <reporter-output>
          </reporter-output>
        </test-method> <!-- pdfScreenShot -->
        <test-method signature="pdfScreenShot(java.lang.String,java.lang.String)[pri:0, instance:PESMCOE.PublicationScreenShot.PdfScreenShot@52e6fdee]" started-at="2022-06-07T11:42:56 IST" name="pdfScreenShot" data-provider="pdfpathprovider" finished-at="2022-06-07T11:42:57 IST" duration-ms="1224" status="PASS">
          <params>
            <param index="0">
              <value>
                <![CDATA[12.pdf]]>
              </value>
            </param>
            <param index="1">
              <value>
                <![CDATA[12]]>
              </value>
            </param>
          </params>
          <reporter-output>
          </reporter-output>
        </test-method> <!-- pdfScreenShot -->
        <test-method signature="pdfScreenShot(java.lang.String,java.lang.String)[pri:0, instance:PESMCOE.PublicationScreenShot.PdfScreenShot@52e6fdee]" started-at="2022-06-07T11:42:57 IST" name="pdfScreenShot" data-provider="pdfpathprovider" finished-at="2022-06-07T11:42:58 IST" duration-ms="1275" status="PASS">
          <params>
            <param index="0">
              <value>
                <![CDATA[120.pdf]]>
              </value>
            </param>
            <param index="1">
              <value>
                <![CDATA[120]]>
              </value>
            </param>
          </params>
          <reporter-output>
          </reporter-output>
        </test-method> <!-- pdfScreenShot -->
        <test-method signature="pdfScreenShot(java.lang.String,java.lang.String)[pri:0, instance:PESMCOE.PublicationScreenShot.PdfScreenShot@52e6fdee]" started-at="2022-06-07T11:42:58 IST" name="pdfScreenShot" data-provider="pdfpathprovider" finished-at="2022-06-07T11:42:59 IST" duration-ms="773" status="PASS">
          <params>
            <param index="0">
              <value>
                <![CDATA[121.pdf]]>
              </value>
            </param>
            <param index="1">
              <value>
                <![CDATA[121]]>
              </value>
            </param>
          </params>
          <reporter-output>
          </reporter-output>
        </test-method> <!-- pdfScreenShot -->
        <test-method signature="pdfScreenShot(java.lang.String,java.lang.String)[pri:0, instance:PESMCOE.PublicationScreenShot.PdfScreenShot@52e6fdee]" started-at="2022-06-07T11:42:59 IST" name="pdfScreenShot" data-provider="pdfpathprovider" finished-at="2022-06-07T11:43:01 IST" duration-ms="1710" status="PASS">
          <params>
            <param index="0">
              <value>
                <![CDATA[122.pdf]]>
              </value>
            </param>
            <param index="1">
              <value>
                <![CDATA[122]]>
              </value>
            </param>
          </params>
          <reporter-output>
          </reporter-output>
        </test-method> <!-- pdfScreenShot -->
        <test-method signature="pdfScreenShot(java.lang.String,java.lang.String)[pri:0, instance:PESMCOE.PublicationScreenShot.PdfScreenShot@52e6fdee]" started-at="2022-06-07T11:43:01 IST" name="pdfScreenShot" data-provider="pdfpathprovider" finished-at="2022-06-07T11:43:03 IST" duration-ms="2546" status="PASS">
          <params>
            <param index="0">
              <value>
                <![CDATA[123.pdf]]>
              </value>
            </param>
            <param index="1">
              <value>
                <![CDATA[123]]>
              </value>
            </param>
          </params>
          <reporter-output>
          </reporter-output>
        </test-method> <!-- pdfScreenShot -->
        <test-method signature="pdfScreenShot(java.lang.String,java.lang.String)[pri:0, instance:PESMCOE.PublicationScreenShot.PdfScreenShot@52e6fdee]" started-at="2022-06-07T11:43:03 IST" name="pdfScreenShot" data-provider="pdfpathprovider" finished-at="2022-06-07T11:43:04 IST" duration-ms="523" status="PASS">
          <params>
            <param index="0">
              <value>
                <![CDATA[124.pdf]]>
              </value>
            </param>
            <param index="1">
              <value>
                <![CDATA[124]]>
              </value>
            </param>
          </params>
          <reporter-output>
          </reporter-output>
        </test-method> <!-- pdfScreenShot -->
        <test-method signature="pdfScreenShot(java.lang.String,java.lang.String)[pri:0, instance:PESMCOE.PublicationScreenShot.PdfScreenShot@52e6fdee]" started-at="2022-06-07T11:43:04 IST" name="pdfScreenShot" data-provider="pdfpathprovider" finished-at="2022-06-07T11:43:04 IST" duration-ms="894" status="PASS">
          <params>
            <param index="0">
              <value>
                <![CDATA[126.pdf]]>
              </value>
            </param>
            <param index="1">
              <value>
                <![CDATA[126]]>
              </value>
            </param>
          </params>
          <reporter-output>
          </reporter-output>
        </test-method> <!-- pdfScreenShot -->
        <test-method signature="pdfScreenShot(java.lang.String,java.lang.String)[pri:0, instance:PESMCOE.PublicationScreenShot.PdfScreenShot@52e6fdee]" started-at="2022-06-07T11:43:05 IST" name="pdfScreenShot" data-provider="pdfpathprovider" finished-at="2022-06-07T11:43:05 IST" duration-ms="669" status="PASS">
          <params>
            <param index="0">
              <value>
                <![CDATA[127.pdf]]>
              </value>
            </param>
            <param index="1">
              <value>
                <![CDATA[127]]>
              </value>
            </param>
          </params>
          <reporter-output>
          </reporter-output>
        </test-method> <!-- pdfScreenShot -->
        <test-method signature="pdfScreenShot(java.lang.String,java.lang.String)[pri:0, instance:PESMCOE.PublicationScreenShot.PdfScreenShot@52e6fdee]" started-at="2022-06-07T11:43:05 IST" name="pdfScreenShot" data-provider="pdfpathprovider" finished-at="2022-06-07T11:43:07 IST" duration-ms="1822" status="PASS">
          <params>
            <param index="0">
              <value>
                <![CDATA[129.pdf]]>
              </value>
            </param>
            <param index="1">
              <value>
                <![CDATA[129]]>
              </value>
            </param>
          </params>
          <reporter-output>
          </reporter-output>
        </test-method> <!-- pdfScreenShot -->
        <test-method signature="pdfScreenShot(java.lang.String,java.lang.String)[pri:0, instance:PESMCOE.PublicationScreenShot.PdfScreenShot@52e6fdee]" started-at="2022-06-07T11:43:07 IST" name="pdfScreenShot" data-provider="pdfpathprovider" finished-at="2022-06-07T11:43:08 IST" duration-ms="877" status="PASS">
          <params>
            <param index="0">
              <value>
                <![CDATA[13.pdf]]>
              </value>
            </param>
            <param index="1">
              <value>
                <![CDATA[13]]>
              </value>
            </param>
          </params>
          <reporter-output>
          </reporter-output>
        </test-method> <!-- pdfScreenShot -->
        <test-method signature="pdfScreenShot(java.lang.String,java.lang.String)[pri:0, instance:PESMCOE.PublicationScreenShot.PdfScreenShot@52e6fdee]" started-at="2022-06-07T11:43:08 IST" name="pdfScreenShot" data-provider="pdfpathprovider" finished-at="2022-06-07T11:43:09 IST" duration-ms="1078" status="PASS">
          <params>
            <param index="0">
              <value>
                <![CDATA[130.pdf]]>
              </value>
            </param>
            <param index="1">
              <value>
                <![CDATA[130]]>
              </value>
            </param>
          </params>
          <reporter-output>
          </reporter-output>
        </test-method> <!-- pdfScreenShot -->
        <test-method signature="pdfScreenShot(java.lang.String,java.lang.String)[pri:0, instance:PESMCOE.PublicationScreenShot.PdfScreenShot@52e6fdee]" started-at="2022-06-07T11:43:09 IST" name="pdfScreenShot" data-provider="pdfpathprovider" finished-at="2022-06-07T11:43:10 IST" duration-ms="632" status="PASS">
          <params>
            <param index="0">
              <value>
                <![CDATA[131.pdf]]>
              </value>
            </param>
            <param index="1">
              <value>
                <![CDATA[131]]>
              </value>
            </param>
          </params>
          <reporter-output>
          </reporter-output>
        </test-method> <!-- pdfScreenShot -->
        <test-method signature="pdfScreenShot(java.lang.String,java.lang.String)[pri:0, instance:PESMCOE.PublicationScreenShot.PdfScreenShot@52e6fdee]" started-at="2022-06-07T11:43:10 IST" name="pdfScreenShot" data-provider="pdfpathprovider" finished-at="2022-06-07T11:43:10 IST" duration-ms="885" status="PASS">
          <params>
            <param index="0">
              <value>
                <![CDATA[132.pdf]]>
              </value>
            </param>
            <param index="1">
              <value>
                <![CDATA[132]]>
              </value>
            </param>
          </params>
          <reporter-output>
          </reporter-output>
        </test-method> <!-- pdfScreenShot -->
        <test-method signature="pdfScreenShot(java.lang.String,java.lang.String)[pri:0, instance:PESMCOE.PublicationScreenShot.PdfScreenShot@52e6fdee]" started-at="2022-06-07T11:43:10 IST" name="pdfScreenShot" data-provider="pdfpathprovider" finished-at="2022-06-07T11:43:11 IST" duration-ms="706" status="PASS">
          <params>
            <param index="0">
              <value>
                <![CDATA[133.pdf]]>
              </value>
            </param>
            <param index="1">
              <value>
                <![CDATA[133]]>
              </value>
            </param>
          </params>
          <reporter-output>
          </reporter-output>
        </test-method> <!-- pdfScreenShot -->
        <test-method signature="pdfScreenShot(java.lang.String,java.lang.String)[pri:0, instance:PESMCOE.PublicationScreenShot.PdfScreenShot@52e6fdee]" started-at="2022-06-07T11:43:11 IST" name="pdfScreenShot" data-provider="pdfpathprovider" finished-at="2022-06-07T11:43:12 IST" duration-ms="650" status="PASS">
          <params>
            <param index="0">
              <value>
                <![CDATA[134.pdf]]>
              </value>
            </param>
            <param index="1">
              <value>
                <![CDATA[134]]>
              </value>
            </param>
          </params>
          <reporter-output>
          </reporter-output>
        </test-method> <!-- pdfScreenShot -->
        <test-method signature="pdfScreenShot(java.lang.String,java.lang.String)[pri:0, instance:PESMCOE.PublicationScreenShot.PdfScreenShot@52e6fdee]" started-at="2022-06-07T11:43:12 IST" name="pdfScreenShot" data-provider="pdfpathprovider" finished-at="2022-06-07T11:43:14 IST" duration-ms="1803" status="PASS">
          <params>
            <param index="0">
              <value>
                <![CDATA[137.pdf]]>
              </value>
            </param>
            <param index="1">
              <value>
                <![CDATA[137]]>
              </value>
            </param>
          </params>
          <reporter-output>
          </reporter-output>
        </test-method> <!-- pdfScreenShot -->
        <test-method signature="pdfScreenShot(java.lang.String,java.lang.String)[pri:0, instance:PESMCOE.PublicationScreenShot.PdfScreenShot@52e6fdee]" started-at="2022-06-07T11:43:14 IST" name="pdfScreenShot" data-provider="pdfpathprovider" finished-at="2022-06-07T11:43:14 IST" duration-ms="436" status="PASS">
          <params>
            <param index="0">
              <value>
                <![CDATA[138.pdf]]>
              </value>
            </param>
            <param index="1">
              <value>
                <![CDATA[138]]>
              </value>
            </param>
          </params>
          <reporter-output>
          </reporter-output>
        </test-method> <!-- pdfScreenShot -->
        <test-method signature="pdfScreenShot(java.lang.String,java.lang.String)[pri:0, instance:PESMCOE.PublicationScreenShot.PdfScreenShot@52e6fdee]" started-at="2022-06-07T11:43:14 IST" name="pdfScreenShot" data-provider="pdfpathprovider" finished-at="2022-06-07T11:43:15 IST" duration-ms="1078" status="PASS">
          <params>
            <param index="0">
              <value>
                <![CDATA[139.pdf]]>
              </value>
            </param>
            <param index="1">
              <value>
                <![CDATA[139]]>
              </value>
            </param>
          </params>
          <reporter-output>
          </reporter-output>
        </test-method> <!-- pdfScreenShot -->
        <test-method signature="pdfScreenShot(java.lang.String,java.lang.String)[pri:0, instance:PESMCOE.PublicationScreenShot.PdfScreenShot@52e6fdee]" started-at="2022-06-07T11:43:15 IST" name="pdfScreenShot" data-provider="pdfpathprovider" finished-at="2022-06-07T11:43:16 IST" duration-ms="1126" status="PASS">
          <params>
            <param index="0">
              <value>
                <![CDATA[14.pdf]]>
              </value>
            </param>
            <param index="1">
              <value>
                <![CDATA[14]]>
              </value>
            </param>
          </params>
          <reporter-output>
          </reporter-output>
        </test-method> <!-- pdfScreenShot -->
        <test-method signature="pdfScreenShot(java.lang.String,java.lang.String)[pri:0, instance:PESMCOE.PublicationScreenShot.PdfScreenShot@52e6fdee]" started-at="2022-06-07T11:43:16 IST" name="pdfScreenShot" data-provider="pdfpathprovider" finished-at="2022-06-07T11:43:18 IST" duration-ms="1247" status="PASS">
          <params>
            <param index="0">
              <value>
                <![CDATA[140.pdf]]>
              </value>
            </param>
            <param index="1">
              <value>
                <![CDATA[140]]>
              </value>
            </param>
          </params>
          <reporter-output>
          </reporter-output>
        </test-method> <!-- pdfScreenShot -->
        <test-method signature="pdfScreenShot(java.lang.String,java.lang.String)[pri:0, instance:PESMCOE.PublicationScreenShot.PdfScreenShot@52e6fdee]" started-at="2022-06-07T11:43:18 IST" name="pdfScreenShot" data-provider="pdfpathprovider" finished-at="2022-06-07T11:43:18 IST" duration-ms="517" status="PASS">
          <params>
            <param index="0">
              <value>
                <![CDATA[141.pdf]]>
              </value>
            </param>
            <param index="1">
              <value>
                <![CDATA[141]]>
              </value>
            </param>
          </params>
          <reporter-output>
          </reporter-output>
        </test-method> <!-- pdfScreenShot -->
        <test-method signature="pdfScreenShot(java.lang.String,java.lang.String)[pri:0, instance:PESMCOE.PublicationScreenShot.PdfScreenShot@52e6fdee]" started-at="2022-06-07T11:43:18 IST" name="pdfScreenShot" data-provider="pdfpathprovider" finished-at="2022-06-07T11:43:21 IST" duration-ms="2538" status="PASS">
          <params>
            <param index="0">
              <value>
                <![CDATA[142.pdf]]>
              </value>
            </param>
            <param index="1">
              <value>
                <![CDATA[142]]>
              </value>
            </param>
          </params>
          <reporter-output>
          </reporter-output>
        </test-method> <!-- pdfScreenShot -->
        <test-method signature="pdfScreenShot(java.lang.String,java.lang.String)[pri:0, instance:PESMCOE.PublicationScreenShot.PdfScreenShot@52e6fdee]" started-at="2022-06-07T11:43:21 IST" name="pdfScreenShot" data-provider="pdfpathprovider" finished-at="2022-06-07T11:43:27 IST" duration-ms="6192" status="PASS">
          <params>
            <param index="0">
              <value>
                <![CDATA[143.pdf]]>
              </value>
            </param>
            <param index="1">
              <value>
                <![CDATA[143]]>
              </value>
            </param>
          </params>
          <reporter-output>
          </reporter-output>
        </test-method> <!-- pdfScreenShot -->
        <test-method signature="pdfScreenShot(java.lang.String,java.lang.String)[pri:0, instance:PESMCOE.PublicationScreenShot.PdfScreenShot@52e6fdee]" started-at="2022-06-07T11:43:27 IST" name="pdfScreenShot" data-provider="pdfpathprovider" finished-at="2022-06-07T11:43:30 IST" duration-ms="2930" status="PASS">
          <params>
            <param index="0">
              <value>
                <![CDATA[144.pdf]]>
              </value>
            </param>
            <param index="1">
              <value>
                <![CDATA[144]]>
              </value>
            </param>
          </params>
          <reporter-output>
          </reporter-output>
        </test-method> <!-- pdfScreenShot -->
        <test-method signature="pdfScreenShot(java.lang.String,java.lang.String)[pri:0, instance:PESMCOE.PublicationScreenShot.PdfScreenShot@52e6fdee]" started-at="2022-06-07T11:43:30 IST" name="pdfScreenShot" data-provider="pdfpathprovider" finished-at="2022-06-07T11:43:31 IST" duration-ms="874" status="PASS">
          <params>
            <param index="0">
              <value>
                <![CDATA[145.pdf]]>
              </value>
            </param>
            <param index="1">
              <value>
                <![CDATA[145]]>
              </value>
            </param>
          </params>
          <reporter-output>
          </reporter-output>
        </test-method> <!-- pdfScreenShot -->
        <test-method signature="pdfScreenShot(java.lang.String,java.lang.String)[pri:0, instance:PESMCOE.PublicationScreenShot.PdfScreenShot@52e6fdee]" started-at="2022-06-07T11:43:31 IST" name="pdfScreenShot" data-provider="pdfpathprovider" finished-at="2022-06-07T11:43:31 IST" duration-ms="614" status="PASS">
          <params>
            <param index="0">
              <value>
                <![CDATA[146.pdf]]>
              </value>
            </param>
            <param index="1">
              <value>
                <![CDATA[146]]>
              </value>
            </param>
          </params>
          <reporter-output>
          </reporter-output>
        </test-method> <!-- pdfScreenShot -->
        <test-method signature="pdfScreenShot(java.lang.String,java.lang.String)[pri:0, instance:PESMCOE.PublicationScreenShot.PdfScreenShot@52e6fdee]" started-at="2022-06-07T11:43:31 IST" name="pdfScreenShot" data-provider="pdfpathprovider" finished-at="2022-06-07T11:43:32 IST" duration-ms="518" status="PASS">
          <params>
            <param index="0">
              <value>
                <![CDATA[147.pdf]]>
              </value>
            </param>
            <param index="1">
              <value>
                <![CDATA[147]]>
              </value>
            </param>
          </params>
          <reporter-output>
          </reporter-output>
        </test-method> <!-- pdfScreenShot -->
        <test-method signature="pdfScreenShot(java.lang.String,java.lang.String)[pri:0, instance:PESMCOE.PublicationScreenShot.PdfScreenShot@52e6fdee]" started-at="2022-06-07T11:43:32 IST" name="pdfScreenShot" data-provider="pdfpathprovider" finished-at="2022-06-07T11:43:33 IST" duration-ms="1433" status="PASS">
          <params>
            <param index="0">
              <value>
                <![CDATA[148.pdf]]>
              </value>
            </param>
            <param index="1">
              <value>
                <![CDATA[148]]>
              </value>
            </param>
          </params>
          <reporter-output>
          </reporter-output>
        </test-method> <!-- pdfScreenShot -->
        <test-method signature="pdfScreenShot(java.lang.String,java.lang.String)[pri:0, instance:PESMCOE.PublicationScreenShot.PdfScreenShot@52e6fdee]" started-at="2022-06-07T11:43:33 IST" name="pdfScreenShot" data-provider="pdfpathprovider" finished-at="2022-06-07T11:43:34 IST" duration-ms="658" status="PASS">
          <params>
            <param index="0">
              <value>
                <![CDATA[149.pdf]]>
              </value>
            </param>
            <param index="1">
              <value>
                <![CDATA[149]]>
              </value>
            </param>
          </params>
          <reporter-output>
          </reporter-output>
        </test-method> <!-- pdfScreenShot -->
        <test-method signature="pdfScreenShot(java.lang.String,java.lang.String)[pri:0, instance:PESMCOE.PublicationScreenShot.PdfScreenShot@52e6fdee]" started-at="2022-06-07T11:43:34 IST" name="pdfScreenShot" data-provider="pdfpathprovider" finished-at="2022-06-07T11:43:36 IST" duration-ms="2081" status="PASS">
          <params>
            <param index="0">
              <value>
                <![CDATA[15.pdf]]>
              </value>
            </param>
            <param index="1">
              <value>
                <![CDATA[15]]>
              </value>
            </param>
          </params>
          <reporter-output>
          </reporter-output>
        </test-method> <!-- pdfScreenShot -->
        <test-method signature="pdfScreenShot(java.lang.String,java.lang.String)[pri:0, instance:PESMCOE.PublicationScreenShot.PdfScreenShot@52e6fdee]" started-at="2022-06-07T11:43:36 IST" name="pdfScreenShot" data-provider="pdfpathprovider" finished-at="2022-06-07T11:43:38 IST" duration-ms="1683" status="PASS">
          <params>
            <param index="0">
              <value>
                <![CDATA[151.pdf]]>
              </value>
            </param>
            <param index="1">
              <value>
                <![CDATA[151]]>
              </value>
            </param>
          </params>
          <reporter-output>
          </reporter-output>
        </test-method> <!-- pdfScreenShot -->
        <test-method signature="pdfScreenShot(java.lang.String,java.lang.String)[pri:0, instance:PESMCOE.PublicationScreenShot.PdfScreenShot@52e6fdee]" started-at="2022-06-07T11:43:38 IST" name="pdfScreenShot" data-provider="pdfpathprovider" finished-at="2022-06-07T11:43:40 IST" duration-ms="2624" status="PASS">
          <params>
            <param index="0">
              <value>
                <![CDATA[153.pdf]]>
              </value>
            </param>
            <param index="1">
              <value>
                <![CDATA[153]]>
              </value>
            </param>
          </params>
          <reporter-output>
          </reporter-output>
        </test-method> <!-- pdfScreenShot -->
        <test-method signature="pdfScreenShot(java.lang.String,java.lang.String)[pri:0, instance:PESMCOE.PublicationScreenShot.PdfScreenShot@52e6fdee]" started-at="2022-06-07T11:43:40 IST" name="pdfScreenShot" data-provider="pdfpathprovider" finished-at="2022-06-07T11:43:44 IST" duration-ms="3428" status="PASS">
          <params>
            <param index="0">
              <value>
                <![CDATA[154.pdf]]>
              </value>
            </param>
            <param index="1">
              <value>
                <![CDATA[154]]>
              </value>
            </param>
          </params>
          <reporter-output>
          </reporter-output>
        </test-method> <!-- pdfScreenShot -->
        <test-method signature="pdfScreenShot(java.lang.String,java.lang.String)[pri:0, instance:PESMCOE.PublicationScreenShot.PdfScreenShot@52e6fdee]" started-at="2022-06-07T11:43:44 IST" name="pdfScreenShot" data-provider="pdfpathprovider" finished-at="2022-06-07T11:43:45 IST" duration-ms="928" status="PASS">
          <params>
            <param index="0">
              <value>
                <![CDATA[157.pdf]]>
              </value>
            </param>
            <param index="1">
              <value>
                <![CDATA[157]]>
              </value>
            </param>
          </params>
          <reporter-output>
          </reporter-output>
        </test-method> <!-- pdfScreenShot -->
        <test-method signature="pdfScreenShot(java.lang.String,java.lang.String)[pri:0, instance:PESMCOE.PublicationScreenShot.PdfScreenShot@52e6fdee]" started-at="2022-06-07T11:43:45 IST" name="pdfScreenShot" data-provider="pdfpathprovider" finished-at="2022-06-07T11:43:51 IST" duration-ms="5993" status="PASS">
          <params>
            <param index="0">
              <value>
                <![CDATA[158.pdf]]>
              </value>
            </param>
            <param index="1">
              <value>
                <![CDATA[158]]>
              </value>
            </param>
          </params>
          <reporter-output>
          </reporter-output>
        </test-method> <!-- pdfScreenShot -->
        <test-method signature="pdfScreenShot(java.lang.String,java.lang.String)[pri:0, instance:PESMCOE.PublicationScreenShot.PdfScreenShot@52e6fdee]" started-at="2022-06-07T11:43:51 IST" name="pdfScreenShot" data-provider="pdfpathprovider" finished-at="2022-06-07T11:43:51 IST" duration-ms="678" status="PASS">
          <params>
            <param index="0">
              <value>
                <![CDATA[159.pdf]]>
              </value>
            </param>
            <param index="1">
              <value>
                <![CDATA[159]]>
              </value>
            </param>
          </params>
          <reporter-output>
          </reporter-output>
        </test-method> <!-- pdfScreenShot -->
        <test-method signature="pdfScreenShot(java.lang.String,java.lang.String)[pri:0, instance:PESMCOE.PublicationScreenShot.PdfScreenShot@52e6fdee]" started-at="2022-06-07T11:43:51 IST" name="pdfScreenShot" data-provider="pdfpathprovider" finished-at="2022-06-07T11:43:52 IST" duration-ms="641" status="PASS">
          <params>
            <param index="0">
              <value>
                <![CDATA[16.pdf]]>
              </value>
            </param>
            <param index="1">
              <value>
                <![CDATA[16]]>
              </value>
            </param>
          </params>
          <reporter-output>
          </reporter-output>
        </test-method> <!-- pdfScreenShot -->
        <test-method signature="pdfScreenShot(java.lang.String,java.lang.String)[pri:0, instance:PESMCOE.PublicationScreenShot.PdfScreenShot@52e6fdee]" started-at="2022-06-07T11:43:52 IST" name="pdfScreenShot" data-provider="pdfpathprovider" finished-at="2022-06-07T11:43:53 IST" duration-ms="805" status="PASS">
          <params>
            <param index="0">
              <value>
                <![CDATA[160.pdf]]>
              </value>
            </param>
            <param index="1">
              <value>
                <![CDATA[160]]>
              </value>
            </param>
          </params>
          <reporter-output>
          </reporter-output>
        </test-method> <!-- pdfScreenShot -->
        <test-method signature="pdfScreenShot(java.lang.String,java.lang.String)[pri:0, instance:PESMCOE.PublicationScreenShot.PdfScreenShot@52e6fdee]" started-at="2022-06-07T11:43:53 IST" name="pdfScreenShot" data-provider="pdfpathprovider" finished-at="2022-06-07T11:44:04 IST" duration-ms="11630" status="PASS">
          <params>
            <param index="0">
              <value>
                <![CDATA[161.pdf]]>
              </value>
            </param>
            <param index="1">
              <value>
                <![CDATA[161]]>
              </value>
            </param>
          </params>
          <reporter-output>
          </reporter-output>
        </test-method> <!-- pdfScreenShot -->
        <test-method signature="pdfScreenShot(java.lang.String,java.lang.String)[pri:0, instance:PESMCOE.PublicationScreenShot.PdfScreenShot@52e6fdee]" started-at="2022-06-07T11:44:04 IST" name="pdfScreenShot" data-provider="pdfpathprovider" finished-at="2022-06-07T11:44:06 IST" duration-ms="1318" status="PASS">
          <params>
            <param index="0">
              <value>
                <![CDATA[162.pdf]]>
              </value>
            </param>
            <param index="1">
              <value>
                <![CDATA[162]]>
              </value>
            </param>
          </params>
          <reporter-output>
          </reporter-output>
        </test-method> <!-- pdfScreenShot -->
        <test-method signature="pdfScreenShot(java.lang.String,java.lang.String)[pri:0, instance:PESMCOE.PublicationScreenShot.PdfScreenShot@52e6fdee]" started-at="2022-06-07T11:44:06 IST" name="pdfScreenShot" data-provider="pdfpathprovider" finished-at="2022-06-07T11:44:07 IST" duration-ms="880" status="PASS">
          <params>
            <param index="0">
              <value>
                <![CDATA[163.pdf]]>
              </value>
            </param>
            <param index="1">
              <value>
                <![CDATA[163]]>
              </value>
            </param>
          </params>
          <reporter-output>
          </reporter-output>
        </test-method> <!-- pdfScreenShot -->
        <test-method signature="pdfScreenShot(java.lang.String,java.lang.String)[pri:0, instance:PESMCOE.PublicationScreenShot.PdfScreenShot@52e6fdee]" started-at="2022-06-07T11:44:07 IST" name="pdfScreenShot" data-provider="pdfpathprovider" finished-at="2022-06-07T11:44:09 IST" duration-ms="2042" status="PASS">
          <params>
            <param index="0">
              <value>
                <![CDATA[164.pdf]]>
              </value>
            </param>
            <param index="1">
              <value>
                <![CDATA[164]]>
              </value>
            </param>
          </params>
          <reporter-output>
          </reporter-output>
        </test-method> <!-- pdfScreenShot -->
        <test-method signature="pdfScreenShot(java.lang.String,java.lang.String)[pri:0, instance:PESMCOE.PublicationScreenShot.PdfScreenShot@52e6fdee]" started-at="2022-06-07T11:44:09 IST" name="pdfScreenShot" data-provider="pdfpathprovider" finished-at="2022-06-07T11:44:11 IST" duration-ms="2201" status="PASS">
          <params>
            <param index="0">
              <value>
                <![CDATA[165.pdf]]>
              </value>
            </param>
            <param index="1">
              <value>
                <![CDATA[165]]>
              </value>
            </param>
          </params>
          <reporter-output>
          </reporter-output>
        </test-method> <!-- pdfScreenShot -->
        <test-method signature="pdfScreenShot(java.lang.String,java.lang.String)[pri:0, instance:PESMCOE.PublicationScreenShot.PdfScreenShot@52e6fdee]" started-at="2022-06-07T11:44:11 IST" name="pdfScreenShot" data-provider="pdfpathprovider" finished-at="2022-06-07T11:44:12 IST" duration-ms="879" status="PASS">
          <params>
            <param index="0">
              <value>
                <![CDATA[166.pdf]]>
              </value>
            </param>
            <param index="1">
              <value>
                <![CDATA[166]]>
              </value>
            </param>
          </params>
          <reporter-output>
          </reporter-output>
        </test-method> <!-- pdfScreenShot -->
        <test-method signature="pdfScreenShot(java.lang.String,java.lang.String)[pri:0, instance:PESMCOE.PublicationScreenShot.PdfScreenShot@52e6fdee]" started-at="2022-06-07T11:44:12 IST" name="pdfScreenShot" data-provider="pdfpathprovider" finished-at="2022-06-07T11:44:13 IST" duration-ms="448" status="PASS">
          <params>
            <param index="0">
              <value>
                <![CDATA[168.pdf]]>
              </value>
            </param>
            <param index="1">
              <value>
                <![CDATA[168]]>
              </value>
            </param>
          </params>
          <reporter-output>
          </reporter-output>
        </test-method> <!-- pdfScreenShot -->
        <test-method signature="pdfScreenShot(java.lang.String,java.lang.String)[pri:0, instance:PESMCOE.PublicationScreenShot.PdfScreenShot@52e6fdee]" started-at="2022-06-07T11:44:13 IST" name="pdfScreenShot" data-provider="pdfpathprovider" finished-at="2022-06-07T11:44:13 IST" duration-ms="868" status="PASS">
          <params>
            <param index="0">
              <value>
                <![CDATA[17.pdf]]>
              </value>
            </param>
            <param index="1">
              <value>
                <![CDATA[17]]>
              </value>
            </param>
          </params>
          <reporter-output>
          </reporter-output>
        </test-method> <!-- pdfScreenShot -->
        <test-method signature="pdfScreenShot(java.lang.String,java.lang.String)[pri:0, instance:PESMCOE.PublicationScreenShot.PdfScreenShot@52e6fdee]" started-at="2022-06-07T11:44:13 IST" name="pdfScreenShot" data-provider="pdfpathprovider" finished-at="2022-06-07T11:44:14 IST" duration-ms="407" status="PASS">
          <params>
            <param index="0">
              <value>
                <![CDATA[170.pdf]]>
              </value>
            </param>
            <param index="1">
              <value>
                <![CDATA[170]]>
              </value>
            </param>
          </params>
          <reporter-output>
          </reporter-output>
        </test-method> <!-- pdfScreenShot -->
        <test-method signature="pdfScreenShot(java.lang.String,java.lang.String)[pri:0, instance:PESMCOE.PublicationScreenShot.PdfScreenShot@52e6fdee]" started-at="2022-06-07T11:44:14 IST" name="pdfScreenShot" data-provider="pdfpathprovider" finished-at="2022-06-07T11:44:17 IST" duration-ms="2757" status="PASS">
          <params>
            <param index="0">
              <value>
                <![CDATA[171.pdf]]>
              </value>
            </param>
            <param index="1">
              <value>
                <![CDATA[171]]>
              </value>
            </param>
          </params>
          <reporter-output>
          </reporter-output>
        </test-method> <!-- pdfScreenShot -->
        <test-method signature="pdfScreenShot(java.lang.String,java.lang.String)[pri:0, instance:PESMCOE.PublicationScreenShot.PdfScreenShot@52e6fdee]" started-at="2022-06-07T11:44:17 IST" name="pdfScreenShot" data-provider="pdfpathprovider" finished-at="2022-06-07T11:44:17 IST" duration-ms="760" status="PASS">
          <params>
            <param index="0">
              <value>
                <![CDATA[172.pdf]]>
              </value>
            </param>
            <param index="1">
              <value>
                <![CDATA[172]]>
              </value>
            </param>
          </params>
          <reporter-output>
          </reporter-output>
        </test-method> <!-- pdfScreenShot -->
        <test-method signature="pdfScreenShot(java.lang.String,java.lang.String)[pri:0, instance:PESMCOE.PublicationScreenShot.PdfScreenShot@52e6fdee]" started-at="2022-06-07T11:44:17 IST" name="pdfScreenShot" data-provider="pdfpathprovider" finished-at="2022-06-07T11:44:21 IST" duration-ms="3713" status="PASS">
          <params>
            <param index="0">
              <value>
                <![CDATA[173.pdf]]>
              </value>
            </param>
            <param index="1">
              <value>
                <![CDATA[173]]>
              </value>
            </param>
          </params>
          <reporter-output>
          </reporter-output>
        </test-method> <!-- pdfScreenShot -->
        <test-method signature="pdfScreenShot(java.lang.String,java.lang.String)[pri:0, instance:PESMCOE.PublicationScreenShot.PdfScreenShot@52e6fdee]" started-at="2022-06-07T11:44:21 IST" name="pdfScreenShot" data-provider="pdfpathprovider" finished-at="2022-06-07T11:44:22 IST" duration-ms="858" status="PASS">
          <params>
            <param index="0">
              <value>
                <![CDATA[174.pdf]]>
              </value>
            </param>
            <param index="1">
              <value>
                <![CDATA[174]]>
              </value>
            </param>
          </params>
          <reporter-output>
          </reporter-output>
        </test-method> <!-- pdfScreenShot -->
        <test-method signature="pdfScreenShot(java.lang.String,java.lang.String)[pri:0, instance:PESMCOE.PublicationScreenShot.PdfScreenShot@52e6fdee]" started-at="2022-06-07T11:44:22 IST" name="pdfScreenShot" data-provider="pdfpathprovider" finished-at="2022-06-07T11:44:23 IST" duration-ms="865" status="PASS">
          <params>
            <param index="0">
              <value>
                <![CDATA[175.pdf]]>
              </value>
            </param>
            <param index="1">
              <value>
                <![CDATA[175]]>
              </value>
            </param>
          </params>
          <reporter-output>
          </reporter-output>
        </test-method> <!-- pdfScreenShot -->
        <test-method signature="pdfScreenShot(java.lang.String,java.lang.String)[pri:0, instance:PESMCOE.PublicationScreenShot.PdfScreenShot@52e6fdee]" started-at="2022-06-07T11:44:23 IST" name="pdfScreenShot" data-provider="pdfpathprovider" finished-at="2022-06-07T11:44:24 IST" duration-ms="933" status="PASS">
          <params>
            <param index="0">
              <value>
                <![CDATA[176.pdf]]>
              </value>
            </param>
            <param index="1">
              <value>
                <![CDATA[176]]>
              </value>
            </param>
          </params>
          <reporter-output>
          </reporter-output>
        </test-method> <!-- pdfScreenShot -->
        <test-method signature="pdfScreenShot(java.lang.String,java.lang.String)[pri:0, instance:PESMCOE.PublicationScreenShot.PdfScreenShot@52e6fdee]" started-at="2022-06-07T11:44:24 IST" name="pdfScreenShot" data-provider="pdfpathprovider" finished-at="2022-06-07T11:44:26 IST" duration-ms="2201" status="PASS">
          <params>
            <param index="0">
              <value>
                <![CDATA[177.pdf]]>
              </value>
            </param>
            <param index="1">
              <value>
                <![CDATA[177]]>
              </value>
            </param>
          </params>
          <reporter-output>
          </reporter-output>
        </test-method> <!-- pdfScreenShot -->
        <test-method signature="pdfScreenShot(java.lang.String,java.lang.String)[pri:0, instance:PESMCOE.PublicationScreenShot.PdfScreenShot@52e6fdee]" started-at="2022-06-07T11:44:26 IST" name="pdfScreenShot" data-provider="pdfpathprovider" finished-at="2022-06-07T11:44:31 IST" duration-ms="5053" status="PASS">
          <params>
            <param index="0">
              <value>
                <![CDATA[178.pdf]]>
              </value>
            </param>
            <param index="1">
              <value>
                <![CDATA[178]]>
              </value>
            </param>
          </params>
          <reporter-output>
          </reporter-output>
        </test-method> <!-- pdfScreenShot -->
        <test-method signature="pdfScreenShot(java.lang.String,java.lang.String)[pri:0, instance:PESMCOE.PublicationScreenShot.PdfScreenShot@52e6fdee]" started-at="2022-06-07T11:44:31 IST" name="pdfScreenShot" data-provider="pdfpathprovider" finished-at="2022-06-07T11:44:32 IST" duration-ms="750" status="PASS">
          <params>
            <param index="0">
              <value>
                <![CDATA[179.pdf]]>
              </value>
            </param>
            <param index="1">
              <value>
                <![CDATA[179]]>
              </value>
            </param>
          </params>
          <reporter-output>
          </reporter-output>
        </test-method> <!-- pdfScreenShot -->
        <test-method signature="pdfScreenShot(java.lang.String,java.lang.String)[pri:0, instance:PESMCOE.PublicationScreenShot.PdfScreenShot@52e6fdee]" started-at="2022-06-07T11:44:32 IST" name="pdfScreenShot" data-provider="pdfpathprovider" finished-at="2022-06-07T11:44:33 IST" duration-ms="1032" status="PASS">
          <params>
            <param index="0">
              <value>
                <![CDATA[18.pdf]]>
              </value>
            </param>
            <param index="1">
              <value>
                <![CDATA[18]]>
              </value>
            </param>
          </params>
          <reporter-output>
          </reporter-output>
        </test-method> <!-- pdfScreenShot -->
        <test-method signature="pdfScreenShot(java.lang.String,java.lang.String)[pri:0, instance:PESMCOE.PublicationScreenShot.PdfScreenShot@52e6fdee]" started-at="2022-06-07T11:44:33 IST" name="pdfScreenShot" data-provider="pdfpathprovider" finished-at="2022-06-07T11:44:34 IST" duration-ms="1383" status="PASS">
          <params>
            <param index="0">
              <value>
                <![CDATA[180.pdf]]>
              </value>
            </param>
            <param index="1">
              <value>
                <![CDATA[180]]>
              </value>
            </param>
          </params>
          <reporter-output>
          </reporter-output>
        </test-method> <!-- pdfScreenShot -->
        <test-method signature="pdfScreenShot(java.lang.String,java.lang.String)[pri:0, instance:PESMCOE.PublicationScreenShot.PdfScreenShot@52e6fdee]" started-at="2022-06-07T11:44:34 IST" name="pdfScreenShot" data-provider="pdfpathprovider" finished-at="2022-06-07T11:44:37 IST" duration-ms="3165" status="PASS">
          <params>
            <param index="0">
              <value>
                <![CDATA[181.pdf]]>
              </value>
            </param>
            <param index="1">
              <value>
                <![CDATA[181]]>
              </value>
            </param>
          </params>
          <reporter-output>
          </reporter-output>
        </test-method> <!-- pdfScreenShot -->
        <test-method signature="pdfScreenShot(java.lang.String,java.lang.String)[pri:0, instance:PESMCOE.PublicationScreenShot.PdfScreenShot@52e6fdee]" started-at="2022-06-07T11:44:37 IST" name="pdfScreenShot" data-provider="pdfpathprovider" finished-at="2022-06-07T11:44:38 IST" duration-ms="1126" status="PASS">
          <params>
            <param index="0">
              <value>
                <![CDATA[182.pdf]]>
              </value>
            </param>
            <param index="1">
              <value>
                <![CDATA[182]]>
              </value>
            </param>
          </params>
          <reporter-output>
          </reporter-output>
        </test-method> <!-- pdfScreenShot -->
        <test-method signature="pdfScreenShot(java.lang.String,java.lang.String)[pri:0, instance:PESMCOE.PublicationScreenShot.PdfScreenShot@52e6fdee]" started-at="2022-06-07T11:44:38 IST" name="pdfScreenShot" data-provider="pdfpathprovider" finished-at="2022-06-07T11:44:40 IST" duration-ms="1331" status="PASS">
          <params>
            <param index="0">
              <value>
                <![CDATA[19.pdf]]>
              </value>
            </param>
            <param index="1">
              <value>
                <![CDATA[19]]>
              </value>
            </param>
          </params>
          <reporter-output>
          </reporter-output>
        </test-method> <!-- pdfScreenShot -->
        <test-method signature="pdfScreenShot(java.lang.String,java.lang.String)[pri:0, instance:PESMCOE.PublicationScreenShot.PdfScreenShot@52e6fdee]" started-at="2022-06-07T11:44:40 IST" name="pdfScreenShot" data-provider="pdfpathprovider" finished-at="2022-06-07T11:44:41 IST" duration-ms="1179" status="PASS">
          <params>
            <param index="0">
              <value>
                <![CDATA[193.pdf]]>
              </value>
            </param>
            <param index="1">
              <value>
                <![CDATA[193]]>
              </value>
            </param>
          </params>
          <reporter-output>
          </reporter-output>
        </test-method> <!-- pdfScreenShot -->
        <test-method signature="pdfScreenShot(java.lang.String,java.lang.String)[pri:0, instance:PESMCOE.PublicationScreenShot.PdfScreenShot@52e6fdee]" started-at="2022-06-07T11:44:41 IST" name="pdfScreenShot" data-provider="pdfpathprovider" finished-at="2022-06-07T11:44:42 IST" duration-ms="859" status="PASS">
          <params>
            <param index="0">
              <value>
                <![CDATA[194.pdf]]>
              </value>
            </param>
            <param index="1">
              <value>
                <![CDATA[194]]>
              </value>
            </param>
          </params>
          <reporter-output>
          </reporter-output>
        </test-method> <!-- pdfScreenShot -->
        <test-method signature="pdfScreenShot(java.lang.String,java.lang.String)[pri:0, instance:PESMCOE.PublicationScreenShot.PdfScreenShot@52e6fdee]" started-at="2022-06-07T11:44:42 IST" name="pdfScreenShot" data-provider="pdfpathprovider" finished-at="2022-06-07T11:44:43 IST" duration-ms="737" status="PASS">
          <params>
            <param index="0">
              <value>
                <![CDATA[195.pdf]]>
              </value>
            </param>
            <param index="1">
              <value>
                <![CDATA[195]]>
              </value>
            </param>
          </params>
          <reporter-output>
          </reporter-output>
        </test-method> <!-- pdfScreenShot -->
        <test-method signature="pdfScreenShot(java.lang.String,java.lang.String)[pri:0, instance:PESMCOE.PublicationScreenShot.PdfScreenShot@52e6fdee]" started-at="2022-06-07T11:44:43 IST" name="pdfScreenShot" data-provider="pdfpathprovider" finished-at="2022-06-07T11:44:44 IST" duration-ms="997" status="PASS">
          <params>
            <param index="0">
              <value>
                <![CDATA[198.pdf]]>
              </value>
            </param>
            <param index="1">
              <value>
                <![CDATA[198]]>
              </value>
            </param>
          </params>
          <reporter-output>
          </reporter-output>
        </test-method> <!-- pdfScreenShot -->
        <test-method signature="pdfScreenShot(java.lang.String,java.lang.String)[pri:0, instance:PESMCOE.PublicationScreenShot.PdfScreenShot@52e6fdee]" started-at="2022-06-07T11:44:44 IST" name="pdfScreenShot" data-provider="pdfpathprovider" finished-at="2022-06-07T11:44:44 IST" duration-ms="292" status="PASS">
          <params>
            <param index="0">
              <value>
                <![CDATA[199.pdf]]>
              </value>
            </param>
            <param index="1">
              <value>
                <![CDATA[199]]>
              </value>
            </param>
          </params>
          <reporter-output>
          </reporter-output>
        </test-method> <!-- pdfScreenShot -->
        <test-method signature="pdfScreenShot(java.lang.String,java.lang.String)[pri:0, instance:PESMCOE.PublicationScreenShot.PdfScreenShot@52e6fdee]" started-at="2022-06-07T11:44:44 IST" name="pdfScreenShot" data-provider="pdfpathprovider" finished-at="2022-06-07T11:44:45 IST" duration-ms="1313" status="PASS">
          <params>
            <param index="0">
              <value>
                <![CDATA[2.pdf]]>
              </value>
            </param>
            <param index="1">
              <value>
                <![CDATA[2]]>
              </value>
            </param>
          </params>
          <reporter-output>
          </reporter-output>
        </test-method> <!-- pdfScreenShot -->
        <test-method signature="pdfScreenShot(java.lang.String,java.lang.String)[pri:0, instance:PESMCOE.PublicationScreenShot.PdfScreenShot@52e6fdee]" started-at="2022-06-07T11:44:45 IST" name="pdfScreenShot" data-provider="pdfpathprovider" finished-at="2022-06-07T11:44:46 IST" duration-ms="408" status="PASS">
          <params>
            <param index="0">
              <value>
                <![CDATA[20.pdf]]>
              </value>
            </param>
            <param index="1">
              <value>
                <![CDATA[20]]>
              </value>
            </param>
          </params>
          <reporter-output>
          </reporter-output>
        </test-method> <!-- pdfScreenShot -->
        <test-method signature="pdfScreenShot(java.lang.String,java.lang.String)[pri:0, instance:PESMCOE.PublicationScreenShot.PdfScreenShot@52e6fdee]" started-at="2022-06-07T11:44:46 IST" name="pdfScreenShot" data-provider="pdfpathprovider" finished-at="2022-06-07T11:44:46 IST" duration-ms="663" status="PASS">
          <params>
            <param index="0">
              <value>
                <![CDATA[201.pdf]]>
              </value>
            </param>
            <param index="1">
              <value>
                <![CDATA[201]]>
              </value>
            </param>
          </params>
          <reporter-output>
          </reporter-output>
        </test-method> <!-- pdfScreenShot -->
        <test-method signature="pdfScreenShot(java.lang.String,java.lang.String)[pri:0, instance:PESMCOE.PublicationScreenShot.PdfScreenShot@52e6fdee]" started-at="2022-06-07T11:44:46 IST" name="pdfScreenShot" data-provider="pdfpathprovider" finished-at="2022-06-07T11:44:47 IST" duration-ms="1029" status="PASS">
          <params>
            <param index="0">
              <value>
                <![CDATA[202.pdf]]>
              </value>
            </param>
            <param index="1">
              <value>
                <![CDATA[202]]>
              </value>
            </param>
          </params>
          <reporter-output>
          </reporter-output>
        </test-method> <!-- pdfScreenShot -->
        <test-method signature="pdfScreenShot(java.lang.String,java.lang.String)[pri:0, instance:PESMCOE.PublicationScreenShot.PdfScreenShot@52e6fdee]" started-at="2022-06-07T11:44:47 IST" name="pdfScreenShot" data-provider="pdfpathprovider" finished-at="2022-06-07T11:44:48 IST" duration-ms="993" status="PASS">
          <params>
            <param index="0">
              <value>
                <![CDATA[203.pdf]]>
              </value>
            </param>
            <param index="1">
              <value>
                <![CDATA[203]]>
              </value>
            </param>
          </params>
          <reporter-output>
          </reporter-output>
        </test-method> <!-- pdfScreenShot -->
        <test-method signature="pdfScreenShot(java.lang.String,java.lang.String)[pri:0, instance:PESMCOE.PublicationScreenShot.PdfScreenShot@52e6fdee]" started-at="2022-06-07T11:44:48 IST" name="pdfScreenShot" data-provider="pdfpathprovider" finished-at="2022-06-07T11:44:49 IST" duration-ms="1142" status="PASS">
          <params>
            <param index="0">
              <value>
                <![CDATA[204.pdf]]>
              </value>
            </param>
            <param index="1">
              <value>
                <![CDATA[204]]>
              </value>
            </param>
          </params>
          <reporter-output>
          </reporter-output>
        </test-method> <!-- pdfScreenShot -->
        <test-method signature="pdfScreenShot(java.lang.String,java.lang.String)[pri:0, instance:PESMCOE.PublicationScreenShot.PdfScreenShot@52e6fdee]" started-at="2022-06-07T11:44:49 IST" name="pdfScreenShot" data-provider="pdfpathprovider" finished-at="2022-06-07T11:44:51 IST" duration-ms="1891" status="PASS">
          <params>
            <param index="0">
              <value>
                <![CDATA[205.pdf]]>
              </value>
            </param>
            <param index="1">
              <value>
                <![CDATA[205]]>
              </value>
            </param>
          </params>
          <reporter-output>
          </reporter-output>
        </test-method> <!-- pdfScreenShot -->
        <test-method signature="pdfScreenShot(java.lang.String,java.lang.String)[pri:0, instance:PESMCOE.PublicationScreenShot.PdfScreenShot@52e6fdee]" started-at="2022-06-07T11:44:51 IST" name="pdfScreenShot" data-provider="pdfpathprovider" finished-at="2022-06-07T11:44:53 IST" duration-ms="1393" status="PASS">
          <params>
            <param index="0">
              <value>
                <![CDATA[207.pdf]]>
              </value>
            </param>
            <param index="1">
              <value>
                <![CDATA[207]]>
              </value>
            </param>
          </params>
          <reporter-output>
          </reporter-output>
        </test-method> <!-- pdfScreenShot -->
        <test-method signature="pdfScreenShot(java.lang.String,java.lang.String)[pri:0, instance:PESMCOE.PublicationScreenShot.PdfScreenShot@52e6fdee]" started-at="2022-06-07T11:44:53 IST" name="pdfScreenShot" data-provider="pdfpathprovider" finished-at="2022-06-07T11:44:54 IST" duration-ms="933" status="PASS">
          <params>
            <param index="0">
              <value>
                <![CDATA[208.pdf]]>
              </value>
            </param>
            <param index="1">
              <value>
                <![CDATA[208]]>
              </value>
            </param>
          </params>
          <reporter-output>
          </reporter-output>
        </test-method> <!-- pdfScreenShot -->
        <test-method signature="pdfScreenShot(java.lang.String,java.lang.String)[pri:0, instance:PESMCOE.PublicationScreenShot.PdfScreenShot@52e6fdee]" started-at="2022-06-07T11:44:54 IST" name="pdfScreenShot" data-provider="pdfpathprovider" finished-at="2022-06-07T11:44:57 IST" duration-ms="2851" status="PASS">
          <params>
            <param index="0">
              <value>
                <![CDATA[209.pdf]]>
              </value>
            </param>
            <param index="1">
              <value>
                <![CDATA[209]]>
              </value>
            </param>
          </params>
          <reporter-output>
          </reporter-output>
        </test-method> <!-- pdfScreenShot -->
        <test-method signature="pdfScreenShot(java.lang.String,java.lang.String)[pri:0, instance:PESMCOE.PublicationScreenShot.PdfScreenShot@52e6fdee]" started-at="2022-06-07T11:44:58 IST" name="pdfScreenShot" data-provider="pdfpathprovider" finished-at="2022-06-07T11:44:59 IST" duration-ms="1096" status="PASS">
          <params>
            <param index="0">
              <value>
                <![CDATA[21.pdf]]>
              </value>
            </param>
            <param index="1">
              <value>
                <![CDATA[21]]>
              </value>
            </param>
          </params>
          <reporter-output>
          </reporter-output>
        </test-method> <!-- pdfScreenShot -->
        <test-method signature="pdfScreenShot(java.lang.String,java.lang.String)[pri:0, instance:PESMCOE.PublicationScreenShot.PdfScreenShot@52e6fdee]" started-at="2022-06-07T11:44:59 IST" name="pdfScreenShot" data-provider="pdfpathprovider" finished-at="2022-06-07T11:45:00 IST" duration-ms="839" status="PASS">
          <params>
            <param index="0">
              <value>
                <![CDATA[210.pdf]]>
              </value>
            </param>
            <param index="1">
              <value>
                <![CDATA[210]]>
              </value>
            </param>
          </params>
          <reporter-output>
          </reporter-output>
        </test-method> <!-- pdfScreenShot -->
        <test-method signature="pdfScreenShot(java.lang.String,java.lang.String)[pri:0, instance:PESMCOE.PublicationScreenShot.PdfScreenShot@52e6fdee]" started-at="2022-06-07T11:45:00 IST" name="pdfScreenShot" data-provider="pdfpathprovider" finished-at="2022-06-07T11:45:01 IST" duration-ms="1337" status="PASS">
          <params>
            <param index="0">
              <value>
                <![CDATA[211.pdf]]>
              </value>
            </param>
            <param index="1">
              <value>
                <![CDATA[211]]>
              </value>
            </param>
          </params>
          <reporter-output>
          </reporter-output>
        </test-method> <!-- pdfScreenShot -->
        <test-method signature="pdfScreenShot(java.lang.String,java.lang.String)[pri:0, instance:PESMCOE.PublicationScreenShot.PdfScreenShot@52e6fdee]" started-at="2022-06-07T11:45:01 IST" name="pdfScreenShot" data-provider="pdfpathprovider" finished-at="2022-06-07T11:45:03 IST" duration-ms="1361" status="PASS">
          <params>
            <param index="0">
              <value>
                <![CDATA[212.pdf]]>
              </value>
            </param>
            <param index="1">
              <value>
                <![CDATA[212]]>
              </value>
            </param>
          </params>
          <reporter-output>
          </reporter-output>
        </test-method> <!-- pdfScreenShot -->
        <test-method signature="pdfScreenShot(java.lang.String,java.lang.String)[pri:0, instance:PESMCOE.PublicationScreenShot.PdfScreenShot@52e6fdee]" started-at="2022-06-07T11:45:03 IST" name="pdfScreenShot" data-provider="pdfpathprovider" finished-at="2022-06-07T11:45:05 IST" duration-ms="1869" status="PASS">
          <params>
            <param index="0">
              <value>
                <![CDATA[213.pdf]]>
              </value>
            </param>
            <param index="1">
              <value>
                <![CDATA[213]]>
              </value>
            </param>
          </params>
          <reporter-output>
          </reporter-output>
        </test-method> <!-- pdfScreenShot -->
        <test-method signature="pdfScreenShot(java.lang.String,java.lang.String)[pri:0, instance:PESMCOE.PublicationScreenShot.PdfScreenShot@52e6fdee]" started-at="2022-06-07T11:45:05 IST" name="pdfScreenShot" data-provider="pdfpathprovider" finished-at="2022-06-07T11:45:06 IST" duration-ms="1185" status="PASS">
          <params>
            <param index="0">
              <value>
                <![CDATA[214.pdf]]>
              </value>
            </param>
            <param index="1">
              <value>
                <![CDATA[214]]>
              </value>
            </param>
          </params>
          <reporter-output>
          </reporter-output>
        </test-method> <!-- pdfScreenShot -->
        <test-method signature="pdfScreenShot(java.lang.String,java.lang.String)[pri:0, instance:PESMCOE.PublicationScreenShot.PdfScreenShot@52e6fdee]" started-at="2022-06-07T11:45:06 IST" name="pdfScreenShot" data-provider="pdfpathprovider" finished-at="2022-06-07T11:45:07 IST" duration-ms="651" status="PASS">
          <params>
            <param index="0">
              <value>
                <![CDATA[215.pdf]]>
              </value>
            </param>
            <param index="1">
              <value>
                <![CDATA[215]]>
              </value>
            </param>
          </params>
          <reporter-output>
          </reporter-output>
        </test-method> <!-- pdfScreenShot -->
        <test-method signature="pdfScreenShot(java.lang.String,java.lang.String)[pri:0, instance:PESMCOE.PublicationScreenShot.PdfScreenShot@52e6fdee]" started-at="2022-06-07T11:45:07 IST" name="pdfScreenShot" data-provider="pdfpathprovider" finished-at="2022-06-07T11:45:08 IST" duration-ms="928" status="PASS">
          <params>
            <param index="0">
              <value>
                <![CDATA[217.pdf]]>
              </value>
            </param>
            <param index="1">
              <value>
                <![CDATA[217]]>
              </value>
            </param>
          </params>
          <reporter-output>
          </reporter-output>
        </test-method> <!-- pdfScreenShot -->
        <test-method signature="pdfScreenShot(java.lang.String,java.lang.String)[pri:0, instance:PESMCOE.PublicationScreenShot.PdfScreenShot@52e6fdee]" started-at="2022-06-07T11:45:08 IST" name="pdfScreenShot" data-provider="pdfpathprovider" finished-at="2022-06-07T11:45:08 IST" duration-ms="523" status="PASS">
          <params>
            <param index="0">
              <value>
                <![CDATA[218.pdf]]>
              </value>
            </param>
            <param index="1">
              <value>
                <![CDATA[218]]>
              </value>
            </param>
          </params>
          <reporter-output>
          </reporter-output>
        </test-method> <!-- pdfScreenShot -->
        <test-method signature="pdfScreenShot(java.lang.String,java.lang.String)[pri:0, instance:PESMCOE.PublicationScreenShot.PdfScreenShot@52e6fdee]" started-at="2022-06-07T11:45:08 IST" name="pdfScreenShot" data-provider="pdfpathprovider" finished-at="2022-06-07T11:45:09 IST" duration-ms="673" status="PASS">
          <params>
            <param index="0">
              <value>
                <![CDATA[219.pdf]]>
              </value>
            </param>
            <param index="1">
              <value>
                <![CDATA[219]]>
              </value>
            </param>
          </params>
          <reporter-output>
          </reporter-output>
        </test-method> <!-- pdfScreenShot -->
        <test-method signature="pdfScreenShot(java.lang.String,java.lang.String)[pri:0, instance:PESMCOE.PublicationScreenShot.PdfScreenShot@52e6fdee]" started-at="2022-06-07T11:45:09 IST" name="pdfScreenShot" data-provider="pdfpathprovider" finished-at="2022-06-07T11:45:09 IST" duration-ms="670" status="PASS">
          <params>
            <param index="0">
              <value>
                <![CDATA[22.pdf]]>
              </value>
            </param>
            <param index="1">
              <value>
                <![CDATA[22]]>
              </value>
            </param>
          </params>
          <reporter-output>
          </reporter-output>
        </test-method> <!-- pdfScreenShot -->
        <test-method signature="pdfScreenShot(java.lang.String,java.lang.String)[pri:0, instance:PESMCOE.PublicationScreenShot.PdfScreenShot@52e6fdee]" started-at="2022-06-07T11:45:09 IST" name="pdfScreenShot" data-provider="pdfpathprovider" finished-at="2022-06-07T11:45:10 IST" duration-ms="985" status="PASS">
          <params>
            <param index="0">
              <value>
                <![CDATA[220.pdf]]>
              </value>
            </param>
            <param index="1">
              <value>
                <![CDATA[220]]>
              </value>
            </param>
          </params>
          <reporter-output>
          </reporter-output>
        </test-method> <!-- pdfScreenShot -->
        <test-method signature="pdfScreenShot(java.lang.String,java.lang.String)[pri:0, instance:PESMCOE.PublicationScreenShot.PdfScreenShot@52e6fdee]" started-at="2022-06-07T11:45:10 IST" name="pdfScreenShot" data-provider="pdfpathprovider" finished-at="2022-06-07T11:45:11 IST" duration-ms="1004" status="PASS">
          <params>
            <param index="0">
              <value>
                <![CDATA[221.pdf]]>
              </value>
            </param>
            <param index="1">
              <value>
                <![CDATA[221]]>
              </value>
            </param>
          </params>
          <reporter-output>
          </reporter-output>
        </test-method> <!-- pdfScreenShot -->
        <test-method signature="pdfScreenShot(java.lang.String,java.lang.String)[pri:0, instance:PESMCOE.PublicationScreenShot.PdfScreenShot@52e6fdee]" started-at="2022-06-07T11:45:11 IST" name="pdfScreenShot" data-provider="pdfpathprovider" finished-at="2022-06-07T11:45:13 IST" duration-ms="1789" status="PASS">
          <params>
            <param index="0">
              <value>
                <![CDATA[222.pdf]]>
              </value>
            </param>
            <param index="1">
              <value>
                <![CDATA[222]]>
              </value>
            </param>
          </params>
          <reporter-output>
          </reporter-output>
        </test-method> <!-- pdfScreenShot -->
[...]
          <params>
            <param index="0">
              <value>
                <![CDATA[71.pdf]]>
              </value>
            </param>
            <param index="1">
              <value>
                <![CDATA[71]]>
              </value>
            </param>
          </params>
          <reporter-output>
          </reporter-output>
        </test-method> <!-- pdfScreenShot -->
        <test-method signature="pdfScreenShot(java.lang.String,java.lang.String)[pri:0, instance:PESMCOE.PublicationScreenShot.PdfScreenShot@52e6fdee]" started-at="2022-06-07T11:50:24 IST" name="pdfScreenShot" data-provider="pdfpathprovider" finished-at="2022-06-07T11:50:25 IST" duration-ms="1098" status="PASS">
          <params>
            <param index="0">
              <value>
                <![CDATA[72.pdf]]>
              </value>
            </param>
            <param index="1">
              <value>
                <![CDATA[72]]>
              </value>
            </param>
          </params>
          <reporter-output>
          </reporter-output>
        </test-method> <!-- pdfScreenShot -->
        <test-method signature="pdfScreenShot(java.lang.String,java.lang.String)[pri:0, instance:PESMCOE.PublicationScreenShot.PdfScreenShot@52e6fdee]" started-at="2022-06-07T11:50:25 IST" name="pdfScreenShot" data-provider="pdfpathprovider" finished-at="2022-06-07T11:50:26 IST" duration-ms="1338" status="PASS">
          <params>
            <param index="0">
              <value>
                <![CDATA[73.pdf]]>
              </value>
            </param>
            <param index="1">
              <value>
                <![CDATA[73]]>
              </value>
            </param>
          </params>
          <reporter-output>
          </reporter-output>
        </test-method> <!-- pdfScreenShot -->
        <test-method signature="pdfScreenShot(java.lang.String,java.lang.String)[pri:0, instance:PESMCOE.PublicationScreenShot.PdfScreenShot@52e6fdee]" started-at="2022-06-07T11:50:26 IST" name="pdfScreenShot" data-provider="pdfpathprovider" finished-at="2022-06-07T11:50:27 IST" duration-ms="918" status="PASS">
          <params>
            <param index="0">
              <value>
                <![CDATA[75.pdf]]>
              </value>
            </param>
            <param index="1">
              <value>
                <![CDATA[75]]>
              </value>
            </param>
          </params>
          <reporter-output>
          </reporter-output>
        </test-method> <!-- pdfScreenShot -->
        <test-method signature="pdfScreenShot(java.lang.String,java.lang.String)[pri:0, instance:PESMCOE.PublicationScreenShot.PdfScreenShot@52e6fdee]" started-at="2022-06-07T11:50:27 IST" name="pdfScreenShot" data-provider="pdfpathprovider" finished-at="2022-06-07T11:50:28 IST" duration-ms="712" status="PASS">
          <params>
            <param index="0">
              <value>
                <![CDATA[77.pdf]]>
              </value>
            </param>
            <param index="1">
              <value>
                <![CDATA[77]]>
              </value>
            </param>
          </params>
          <reporter-output>
          </reporter-output>
        </test-method> <!-- pdfScreenShot -->
        <test-method signature="pdfScreenShot(java.lang.String,java.lang.String)[pri:0, instance:PESMCOE.PublicationScreenShot.PdfScreenShot@52e6fdee]" started-at="2022-06-07T11:50:28 IST" name="pdfScreenShot" data-provider="pdfpathprovider" finished-at="2022-06-07T11:50:29 IST" duration-ms="869" status="PASS">
          <params>
            <param index="0">
              <value>
                <![CDATA[78.pdf]]>
              </value>
            </param>
            <param index="1">
              <value>
                <![CDATA[78]]>
              </value>
            </param>
          </params>
          <reporter-output>
          </reporter-output>
        </test-method> <!-- pdfScreenShot -->
        <test-method signature="pdfScreenShot(java.lang.String,java.lang.String)[pri:0, instance:PESMCOE.PublicationScreenShot.PdfScreenShot@52e6fdee]" started-at="2022-06-07T11:50:29 IST" name="pdfScreenShot" data-provider="pdfpathprovider" finished-at="2022-06-07T11:50:30 IST" duration-ms="719" status="PASS">
          <params>
            <param index="0">
              <value>
                <![CDATA[79.pdf]]>
              </value>
            </param>
            <param index="1">
              <value>
                <![CDATA[79]]>
              </value>
            </param>
          </params>
          <reporter-output>
          </reporter-output>
        </test-method> <!-- pdfScreenShot -->
        <test-method signature="pdfScreenShot(java.lang.String,java.lang.String)[pri:0, instance:PESMCOE.PublicationScreenShot.PdfScreenShot@52e6fdee]" started-at="2022-06-07T11:50:30 IST" name="pdfScreenShot" data-provider="pdfpathprovider" finished-at="2022-06-07T11:50:30 IST" duration-ms="636" status="PASS">
          <params>
            <param index="0">
              <value>
                <![CDATA[8.pdf]]>
              </value>
            </param>
            <param index="1">
              <value>
                <![CDATA[8]]>
              </value>
            </param>
          </params>
          <reporter-output>
          </reporter-output>
        </test-method> <!-- pdfScreenShot -->
        <test-method signature="pdfScreenShot(java.lang.String,java.lang.String)[pri:0, instance:PESMCOE.PublicationScreenShot.PdfScreenShot@52e6fdee]" started-at="2022-06-07T11:50:30 IST" name="pdfScreenShot" data-provider="pdfpathprovider" finished-at="2022-06-07T11:50:31 IST" duration-ms="782" status="PASS">
          <params>
            <param index="0">
              <value>
                <![CDATA[80.pdf]]>
              </value>
            </param>
            <param index="1">
              <value>
                <![CDATA[80]]>
              </value>
            </param>
          </params>
          <reporter-output>
          </reporter-output>
        </test-method> <!-- pdfScreenShot -->
        <test-method signature="pdfScreenShot(java.lang.String,java.lang.String)[pri:0, instance:PESMCOE.PublicationScreenShot.PdfScreenShot@52e6fdee]" started-at="2022-06-07T11:50:31 IST" name="pdfScreenShot" data-provider="pdfpathprovider" finished-at="2022-06-07T11:50:31 IST" duration-ms="463" status="PASS">
          <params>
            <param index="0">
              <value>
                <![CDATA[81.pdf]]>
              </value>
            </param>
            <param index="1">
              <value>
                <![CDATA[81]]>
              </value>
            </param>
          </params>
          <reporter-output>
          </reporter-output>
        </test-method> <!-- pdfScreenShot -->
        <test-method signature="pdfScreenShot(java.lang.String,java.lang.String)[pri:0, instance:PESMCOE.PublicationScreenShot.PdfScreenShot@52e6fdee]" started-at="2022-06-07T11:50:31 IST" name="pdfScreenShot" data-provider="pdfpathprovider" finished-at="2022-06-07T11:50:32 IST" duration-ms="796" status="PASS">
          <params>
            <param index="0">
              <value>
                <![CDATA[82.pdf]]>
              </value>
            </param>
            <param index="1">
              <value>
                <![CDATA[82]]>
              </value>
            </param>
          </params>
          <reporter-output>
          </reporter-output>
        </test-method> <!-- pdfScreenShot -->
        <test-method signature="pdfScreenShot(java.lang.String,java.lang.String)[pri:0, instance:PESMCOE.PublicationScreenShot.PdfScreenShot@52e6fdee]" started-at="2022-06-07T11:50:32 IST" name="pdfScreenShot" data-provider="pdfpathprovider" finished-at="2022-06-07T11:50:33 IST" duration-ms="612" status="PASS">
          <params>
            <param index="0">
              <value>
                <![CDATA[83.pdf]]>
              </value>
            </param>
            <param index="1">
              <value>
                <![CDATA[83]]>
              </value>
            </param>
          </params>
          <reporter-output>
          </reporter-output>
        </test-method> <!-- pdfScreenShot -->
        <test-method signature="pdfScreenShot(java.lang.String,java.lang.String)[pri:0, instance:PESMCOE.PublicationScreenShot.PdfScreenShot@52e6fdee]" started-at="2022-06-07T11:50:33 IST" name="pdfScreenShot" data-provider="pdfpathprovider" finished-at="2022-06-07T11:50:34 IST" duration-ms="708" status="PASS">
          <params>
            <param index="0">
              <value>
                <![CDATA[84.pdf]]>
              </value>
            </param>
            <param index="1">
              <value>
                <![CDATA[84]]>
              </value>
            </param>
          </params>
          <reporter-output>
          </reporter-output>
        </test-method> <!-- pdfScreenShot -->
        <test-method signature="pdfScreenShot(java.lang.String,java.lang.String)[pri:0, instance:PESMCOE.PublicationScreenShot.PdfScreenShot@52e6fdee]" started-at="2022-06-07T11:50:34 IST" name="pdfScreenShot" data-provider="pdfpathprovider" finished-at="2022-06-07T11:50:34 IST" duration-ms="645" status="PASS">
          <params>
            <param index="0">
              <value>
                <![CDATA[85.pdf]]>
              </value>
            </param>
            <param index="1">
              <value>
                <![CDATA[85]]>
              </value>
            </param>
          </params>
          <reporter-output>
          </reporter-output>
        </test-method> <!-- pdfScreenShot -->
        <test-method signature="pdfScreenShot(java.lang.String,java.lang.String)[pri:0, instance:PESMCOE.PublicationScreenShot.PdfScreenShot@52e6fdee]" started-at="2022-06-07T11:50:34 IST" name="pdfScreenShot" data-provider="pdfpathprovider" finished-at="2022-06-07T11:50:35 IST" duration-ms="592" status="PASS">
          <params>
            <param index="0">
              <value>
                <![CDATA[86.pdf]]>
              </value>
            </param>
            <param index="1">
              <value>
                <![CDATA[86]]>
              </value>
            </param>
          </params>
          <reporter-output>
          </reporter-output>
        </test-method> <!-- pdfScreenShot -->
        <test-method signature="pdfScreenShot(java.lang.String,java.lang.String)[pri:0, instance:PESMCOE.PublicationScreenShot.PdfScreenShot@52e6fdee]" started-at="2022-06-07T11:50:35 IST" name="pdfScreenShot" data-provider="pdfpathprovider" finished-at="2022-06-07T11:50:36 IST" duration-ms="793" status="PASS">
          <params>
            <param index="0">
              <value>
                <![CDATA[87.pdf]]>
              </value>
            </param>
            <param index="1">
              <value>
                <![CDATA[87]]>
              </value>
            </param>
          </params>
          <reporter-output>
          </reporter-output>
        </test-method> <!-- pdfScreenShot -->
        <test-method signature="pdfScreenShot(java.lang.String,java.lang.String)[pri:0, instance:PESMCOE.PublicationScreenShot.PdfScreenShot@52e6fdee]" started-at="2022-06-07T11:50:36 IST" name="pdfScreenShot" data-provider="pdfpathprovider" finished-at="2022-06-07T11:50:36 IST" duration-ms="450" status="PASS">
          <params>
            <param index="0">
              <value>
                <![CDATA[88.pdf]]>
              </value>
            </param>
            <param index="1">
              <value>
                <![CDATA[88]]>
              </value>
            </param>
          </params>
          <reporter-output>
          </reporter-output>
        </test-method> <!-- pdfScreenShot -->
        <test-method signature="pdfScreenShot(java.lang.String,java.lang.String)[pri:0, instance:PESMCOE.PublicationScreenShot.PdfScreenShot@52e6fdee]" started-at="2022-06-07T11:50:36 IST" name="pdfScreenShot" data-provider="pdfpathprovider" finished-at="2022-06-07T11:50:38 IST" duration-ms="1543" status="PASS">
          <params>
            <param index="0">
              <value>
                <![CDATA[89.pdf]]>
              </value>
            </param>
            <param index="1">
              <value>
                <![CDATA[89]]>
              </value>
            </param>
          </params>
          <reporter-output>
          </reporter-output>
        </test-method> <!-- pdfScreenShot -->
        <test-method signature="pdfScreenShot(java.lang.String,java.lang.String)[pri:0, instance:PESMCOE.PublicationScreenShot.PdfScreenShot@52e6fdee]" started-at="2022-06-07T11:50:38 IST" name="pdfScreenShot" data-provider="pdfpathprovider" finished-at="2022-06-07T11:50:44 IST" duration-ms="6747" status="PASS">
          <params>
            <param index="0">
              <value>
                <![CDATA[9.pdf]]>
              </value>
            </param>
            <param index="1">
              <value>
                <![CDATA[9]]>
              </value>
            </param>
          </params>
          <reporter-output>
          </reporter-output>
        </test-method> <!-- pdfScreenShot -->
        <test-method signature="pdfScreenShot(java.lang.String,java.lang.String)[pri:0, instance:PESMCOE.PublicationScreenShot.PdfScreenShot@52e6fdee]" started-at="2022-06-07T11:50:44 IST" name="pdfScreenShot" data-provider="pdfpathprovider" finished-at="2022-06-07T11:50:45 IST" duration-ms="706" status="PASS">
          <params>
            <param index="0">
              <value>
                <![CDATA[90.pdf]]>
              </value>
            </param>
            <param index="1">
              <value>
                <![CDATA[90]]>
              </value>
            </param>
          </params>
          <reporter-output>
          </reporter-output>
        </test-method> <!-- pdfScreenShot -->
        <test-method signature="pdfScreenShot(java.lang.String,java.lang.String)[pri:0, instance:PESMCOE.PublicationScreenShot.PdfScreenShot@52e6fdee]" started-at="2022-06-07T11:50:45 IST" name="pdfScreenShot" data-provider="pdfpathprovider" finished-at="2022-06-07T11:50:46 IST" duration-ms="674" status="PASS">
          <params>
            <param index="0">
              <value>
                <![CDATA[91.pdf]]>
              </value>
            </param>
            <param index="1">
              <value>
                <![CDATA[91]]>
              </value>
            </param>
          </params>
          <reporter-output>
          </reporter-output>
        </test-method> <!-- pdfScreenShot -->
        <test-method signature="pdfScreenShot(java.lang.String,java.lang.String)[pri:0, instance:PESMCOE.PublicationScreenShot.PdfScreenShot@52e6fdee]" started-at="2022-06-07T11:50:46 IST" name="pdfScreenShot" data-provider="pdfpathprovider" finished-at="2022-06-07T11:50:52 IST" duration-ms="6351" status="PASS">
          <params>
            <param index="0">
              <value>
                <![CDATA[92.pdf]]>
              </value>
            </param>
            <param index="1">
              <value>
                <![CDATA[92]]>
              </value>
            </param>
          </params>
          <reporter-output>
          </reporter-output>
        </test-method> <!-- pdfScreenShot -->
        <test-method signature="pdfScreenShot(java.lang.String,java.lang.String)[pri:0, instance:PESMCOE.PublicationScreenShot.PdfScreenShot@52e6fdee]" started-at="2022-06-07T11:50:52 IST" name="pdfScreenShot" data-provider="pdfpathprovider" finished-at="2022-06-07T11:50:54 IST" duration-ms="1977" status="PASS">
          <params>
            <param index="0">
              <value>
                <![CDATA[93.pdf]]>
              </value>
            </param>
            <param index="1">
              <value>
                <![CDATA[93]]>
              </value>
            </param>
          </params>
          <reporter-output>
          </reporter-output>
        </test-method> <!-- pdfScreenShot -->
        <test-method signature="pdfScreenShot(java.lang.String,java.lang.String)[pri:0, instance:PESMCOE.PublicationScreenShot.PdfScreenShot@52e6fdee]" started-at="2022-06-07T11:50:54 IST" name="pdfScreenShot" data-provider="pdfpathprovider" finished-at="2022-06-07T11:50:54 IST" duration-ms="320" status="PASS">
          <params>
            <param index="0">
              <value>
                <![CDATA[94.pdf]]>
              </value>
            </param>
            <param index="1">
              <value>
                <![CDATA[94]]>
              </value>
            </param>
          </params>
          <reporter-output>
          </reporter-output>
        </test-method> <!-- pdfScreenShot -->
        <test-method signature="pdfScreenShot(java.lang.String,java.lang.String)[pri:0, instance:PESMCOE.PublicationScreenShot.PdfScreenShot@52e6fdee]" started-at="2022-06-07T11:50:54 IST" name="pdfScreenShot" data-provider="pdfpathprovider" finished-at="2022-06-07T11:50:55 IST" duration-ms="769" status="PASS">
          <params>
            <param index="0">
              <value>
                <![CDATA[95.pdf]]>
              </value>
            </param>
            <param index="1">
              <value>
                <![CDATA[95]]>
              </value>
            </param>
          </params>
          <reporter-output>
          </reporter-output>
        </test-method> <!-- pdfScreenShot -->
        <test-method signature="pdfScreenShot(java.lang.String,java.lang.String)[pri:0, instance:PESMCOE.PublicationScreenShot.PdfScreenShot@52e6fdee]" started-at="2022-06-07T11:50:55 IST" name="pdfScreenShot" data-provider="pdfpathprovider" finished-at="2022-06-07T11:50:56 IST" duration-ms="667" status="PASS">
          <params>
            <param index="0">
              <value>
                <![CDATA[96.pdf]]>
              </value>
            </param>
            <param index="1">
              <value>
                <![CDATA[96]]>
              </value>
            </param>
          </params>
          <reporter-output>
          </reporter-output>
        </test-method> <!-- pdfScreenShot -->
        <test-method signature="pdfScreenShot(java.lang.String,java.lang.String)[pri:0, instance:PESMCOE.PublicationScreenShot.PdfScreenShot@52e6fdee]" started-at="2022-06-07T11:50:56 IST" name="pdfScreenShot" data-provider="pdfpathprovider" finished-at="2022-06-07T11:50:56 IST" duration-ms="662" status="PASS">
          <params>
            <param index="0">
              <value>
                <![CDATA[97.pdf]]>
              </value>
            </param>
            <param index="1">
              <value>
                <![CDATA[97]]>
              </value>
            </param>
          </params>
          <reporter-output>
          </reporter-output>
        </test-method> <!-- pdfScreenShot -->
        <test-method signature="pdfScreenShot(java.lang.String,java.lang.String)[pri:0, instance:PESMCOE.PublicationScreenShot.PdfScreenShot@52e6fdee]" started-at="2022-06-07T11:50:56 IST" name="pdfScreenShot" data-provider="pdfpathprovider" finished-at="2022-06-07T11:51:02 IST" duration-ms="5714" status="PASS">
          <params>
            <param index="0">
              <value>
                <![CDATA[99.pdf]]>
              </value>
            </param>
            <param index="1">
              <value>
                <![CDATA[99]]>
              </value>
            </param>
          </params>
          <reporter-output>
          </reporter-output>
        </test-method> <!-- pdfScreenShot -->
      </class> <!-- PESMCOE.PublicationScreenShot.PdfScreenShot -->
    </test> <!-- Test -->
  </suite> <!-- Suite -->
</testng-results>
