<?xml version="1.0" encoding="UTF-8"?>
<testng-results skipped="0" failed="0" ignored="0" total="330" passed="330">
  <reporter-output>
  </reporter-output>
  <suite name="Suite" duration-ms="100857" started-at="2022-06-05T23:21:06 IST" finished-at="2022-06-05T23:22:47 IST">
    <groups>
    </groups>
    <test name="Test" duration-ms="100857" started-at="2022-06-05T23:21:06 IST" finished-at="2022-06-05T23:22:47 IST">
      <class name="PESMCOE.PublicationScreenShot.PdfScreenShot">
        <test-method status="PASS" signature="pdfScreenShot(java.lang.String, java.lang.String)[pri:0, instance:PESMCOE.PublicationScreenShot.PdfScreenShot@50d0686]" name="pdfScreenShot" duration-ms="1191" started-at="2022-06-05T23:21:07 IST" data-provider="pdfpathprovider" finished-at="2022-06-05T23:21:08 IST">
          <params>
            <param index="0">
              <value>
                <![CDATA[1.pdf]]>
              </value>
            </param>
            <param index="1">
              <value>
                <![CDATA[1.jpeg]]>
              </value>
            </param>
          </params>
          <reporter-output>
          </reporter-output>
        </test-method> <!-- pdfScreenShot -->
        <test-method status="PASS" signature="pdfScreenShot(java.lang.String, java.lang.String)[pri:0, instance:PESMCOE.PublicationScreenShot.PdfScreenShot@50d0686]" name="pdfScreenShot" duration-ms="834" started-at="2022-06-05T23:21:08 IST" data-provider="pdfpathprovider" finished-at="2022-06-05T23:21:09 IST">
          <params>
            <param index="0">
              <value>
                <![CDATA[10.pdf]]>
              </value>
            </param>
            <param index="1">
              <value>
                <![CDATA[10.jpeg]]>
              </value>
            </param>
          </params>
          <reporter-output>
          </reporter-output>
        </test-method> <!-- pdfScreenShot -->
        <test-method status="PASS" signature="pdfScreenShot(java.lang.String, java.lang.String)[pri:0, instance:PESMCOE.PublicationScreenShot.PdfScreenShot@50d0686]" name="pdfScreenShot" duration-ms="595" started-at="2022-06-05T23:21:09 IST" data-provider="pdfpathprovider" finished-at="2022-06-05T23:21:10 IST">
          <params>
            <param index="0">
              <value>
                <![CDATA[103.pdf]]>
              </value>
            </param>
            <param index="1">
              <value>
                <![CDATA[103.jpeg]]>
              </value>
            </param>
          </params>
          <reporter-output>
          </reporter-output>
        </test-method> <!-- pdfScreenShot -->
        <test-method status="PASS" signature="pdfScreenShot(java.lang.String, java.lang.String)[pri:0, instance:PESMCOE.PublicationScreenShot.PdfScreenShot@50d0686]" name="pdfScreenShot" duration-ms="1939" started-at="2022-06-05T23:21:10 IST" data-provider="pdfpathprovider" finished-at="2022-06-05T23:21:12 IST">
          <params>
            <param index="0">
              <value>
                <![CDATA[104.pdf]]>
              </value>
            </param>
            <param index="1">
              <value>
                <![CDATA[104.jpeg]]>
              </value>
            </param>
          </params>
          <reporter-output>
          </reporter-output>
        </test-method> <!-- pdfScreenShot -->
        <test-method status="PASS" signature="pdfScreenShot(java.lang.String, java.lang.String)[pri:0, instance:PESMCOE.PublicationScreenShot.PdfScreenShot@50d0686]" name="pdfScreenShot" duration-ms="329" started-at="2022-06-05T23:21:12 IST" data-provider="pdfpathprovider" finished-at="2022-06-05T23:21:12 IST">
          <params>
            <param index="0">
              <value>
                <![CDATA[105.pdf]]>
              </value>
            </param>
            <param index="1">
              <value>
                <![CDATA[105.jpeg]]>
              </value>
            </param>
          </params>
          <reporter-output>
          </reporter-output>
        </test-method> <!-- pdfScreenShot -->
        <test-method status="PASS" signature="pdfScreenShot(java.lang.String, java.lang.String)[pri:0, instance:PESMCOE.PublicationScreenShot.PdfScreenShot@50d0686]" name="pdfScreenShot" duration-ms="201" started-at="2022-06-05T23:21:12 IST" data-provider="pdfpathprovider" finished-at="2022-06-05T23:21:12 IST">
          <params>
            <param index="0">
              <value>
                <![CDATA[106.pdf]]>
              </value>
            </param>
            <param index="1">
              <value>
                <![CDATA[106.jpeg]]>
              </value>
            </param>
          </params>
          <reporter-output>
          </reporter-output>
        </test-method> <!-- pdfScreenShot -->
        <test-method status="PASS" signature="pdfScreenShot(java.lang.String, java.lang.String)[pri:0, instance:PESMCOE.PublicationScreenShot.PdfScreenShot@50d0686]" name="pdfScreenShot" duration-ms="605" started-at="2022-06-05T23:21:12 IST" data-provider="pdfpathprovider" finished-at="2022-06-05T23:21:13 IST">
          <params>
            <param index="0">
              <value>
                <![CDATA[107.pdf]]>
              </value>
            </param>
            <param index="1">
              <value>
                <![CDATA[107.jpeg]]>
              </value>
            </param>
          </params>
          <reporter-output>
          </reporter-output>
        </test-method> <!-- pdfScreenShot -->
        <test-method status="PASS" signature="pdfScreenShot(java.lang.String, java.lang.String)[pri:0, instance:PESMCOE.PublicationScreenShot.PdfScreenShot@50d0686]" name="pdfScreenShot" duration-ms="338" started-at="2022-06-05T23:21:13 IST" data-provider="pdfpathprovider" finished-at="2022-06-05T23:21:13 IST">
          <params>
            <param index="0">
              <value>
                <![CDATA[108.pdf]]>
              </value>
            </param>
            <param index="1">
              <value>
                <![CDATA[108.jpeg]]>
              </value>
            </param>
          </params>
          <reporter-output>
          </reporter-output>
        </test-method> <!-- pdfScreenShot -->
        <test-method status="PASS" signature="pdfScreenShot(java.lang.String, java.lang.String)[pri:0, instance:PESMCOE.PublicationScreenShot.PdfScreenShot@50d0686]" name="pdfScreenShot" duration-ms="161" started-at="2022-06-05T23:21:13 IST" data-provider="pdfpathprovider" finished-at="2022-06-05T23:21:13 IST">
          <params>
            <param index="0">
              <value>
                <![CDATA[109.pdf]]>
              </value>
            </param>
            <param index="1">
              <value>
                <![CDATA[109.jpeg]]>
              </value>
            </param>
          </params>
          <reporter-output>
          </reporter-output>
        </test-method> <!-- pdfScreenShot -->
        <test-method status="PASS" signature="pdfScreenShot(java.lang.String, java.lang.String)[pri:0, instance:PESMCOE.PublicationScreenShot.PdfScreenShot@50d0686]" name="pdfScreenShot" duration-ms="278" started-at="2022-06-05T23:21:13 IST" data-provider="pdfpathprovider" finished-at="2022-06-05T23:21:14 IST">
          <params>
            <param index="0">
              <value>
                <![CDATA[11.pdf]]>
              </value>
            </param>
            <param index="1">
              <value>
                <![CDATA[11.jpeg]]>
              </value>
            </param>
          </params>
          <reporter-output>
          </reporter-output>
        </test-method> <!-- pdfScreenShot -->
        <test-method status="PASS" signature="pdfScreenShot(java.lang.String, java.lang.String)[pri:0, instance:PESMCOE.PublicationScreenShot.PdfScreenShot@50d0686]" name="pdfScreenShot" duration-ms="369" started-at="2022-06-05T23:21:14 IST" data-provider="pdfpathprovider" finished-at="2022-06-05T23:21:14 IST">
          <params>
            <param index="0">
              <value>
                <![CDATA[110.pdf]]>
              </value>
            </param>
            <param index="1">
              <value>
                <![CDATA[110.jpeg]]>
              </value>
            </param>
          </params>
          <reporter-output>
          </reporter-output>
        </test-method> <!-- pdfScreenShot -->
        <test-method status="PASS" signature="pdfScreenShot(java.lang.String, java.lang.String)[pri:0, instance:PESMCOE.PublicationScreenShot.PdfScreenShot@50d0686]" name="pdfScreenShot" duration-ms="251" started-at="2022-06-05T23:21:14 IST" data-provider="pdfpathprovider" finished-at="2022-06-05T23:21:14 IST">
          <params>
            <param index="0">
              <value>
                <![CDATA[111.pdf]]>
              </value>
            </param>
            <param index="1">
              <value>
                <![CDATA[111.jpeg]]>
              </value>
            </param>
          </params>
          <reporter-output>
          </reporter-output>
        </test-method> <!-- pdfScreenShot -->
        <test-method status="PASS" signature="pdfScreenShot(java.lang.String, java.lang.String)[pri:0, instance:PESMCOE.PublicationScreenShot.PdfScreenShot@50d0686]" name="pdfScreenShot" duration-ms="236" started-at="2022-06-05T23:21:14 IST" data-provider="pdfpathprovider" finished-at="2022-06-05T23:21:14 IST">
          <params>
            <param index="0">
              <value>
                <![CDATA[113.pdf]]>
              </value>
            </param>
            <param index="1">
              <value>
                <![CDATA[113.jpeg]]>
              </value>
            </param>
          </params>
          <reporter-output>
          </reporter-output>
        </test-method> <!-- pdfScreenShot -->
        <test-method status="PASS" signature="pdfScreenShot(java.lang.String, java.lang.String)[pri:0, instance:PESMCOE.PublicationScreenShot.PdfScreenShot@50d0686]" name="pdfScreenShot" duration-ms="291" started-at="2022-06-05T23:21:14 IST" data-provider="pdfpathprovider" finished-at="2022-06-05T23:21:15 IST">
          <params>
            <param index="0">
              <value>
                <![CDATA[114.pdf]]>
              </value>
            </param>
            <param index="1">
              <value>
                <![CDATA[114.jpeg]]>
              </value>
            </param>
          </params>
          <reporter-output>
          </reporter-output>
        </test-method> <!-- pdfScreenShot -->
        <test-method status="PASS" signature="pdfScreenShot(java.lang.String, java.lang.String)[pri:0, instance:PESMCOE.PublicationScreenShot.PdfScreenShot@50d0686]" name="pdfScreenShot" duration-ms="166" started-at="2022-06-05T23:21:15 IST" data-provider="pdfpathprovider" finished-at="2022-06-05T23:21:15 IST">
          <params>
            <param index="0">
              <value>
                <![CDATA[115.pdf]]>
              </value>
            </param>
            <param index="1">
              <value>
                <![CDATA[115.jpeg]]>
              </value>
            </param>
          </params>
          <reporter-output>
          </reporter-output>
        </test-method> <!-- pdfScreenShot -->
        <test-method status="PASS" signature="pdfScreenShot(java.lang.String, java.lang.String)[pri:0, instance:PESMCOE.PublicationScreenShot.PdfScreenShot@50d0686]" name="pdfScreenShot" duration-ms="132" started-at="2022-06-05T23:21:15 IST" data-provider="pdfpathprovider" finished-at="2022-06-05T23:21:15 IST">
          <params>
            <param index="0">
              <value>
                <![CDATA[116.pdf]]>
              </value>
            </param>
            <param index="1">
              <value>
                <![CDATA[116.jpeg]]>
              </value>
            </param>
          </params>
          <reporter-output>
          </reporter-output>
        </test-method> <!-- pdfScreenShot -->
        <test-method status="PASS" signature="pdfScreenShot(java.lang.String, java.lang.String)[pri:0, instance:PESMCOE.PublicationScreenShot.PdfScreenShot@50d0686]" name="pdfScreenShot" duration-ms="213" started-at="2022-06-05T23:21:15 IST" data-provider="pdfpathprovider" finished-at="2022-06-05T23:21:15 IST">
          <params>
            <param index="0">
              <value>
                <![CDATA[117.pdf]]>
              </value>
            </param>
            <param index="1">
              <value>
                <![CDATA[117.jpeg]]>
              </value>
            </param>
          </params>
          <reporter-output>
          </reporter-output>
        </test-method> <!-- pdfScreenShot -->
        <test-method status="PASS" signature="pdfScreenShot(java.lang.String, java.lang.String)[pri:0, instance:PESMCOE.PublicationScreenShot.PdfScreenShot@50d0686]" name="pdfScreenShot" duration-ms="241" started-at="2022-06-05T23:21:15 IST" data-provider="pdfpathprovider" finished-at="2022-06-05T23:21:15 IST">
          <params>
            <param index="0">
              <value>
                <![CDATA[118.pdf]]>
              </value>
            </param>
            <param index="1">
              <value>
                <![CDATA[118.jpeg]]>
              </value>
            </param>
          </params>
          <reporter-output>
          </reporter-output>
        </test-method> <!-- pdfScreenShot -->
        <test-method status="PASS" signature="pdfScreenShot(java.lang.String, java.lang.String)[pri:0, instance:PESMCOE.PublicationScreenShot.PdfScreenShot@50d0686]" name="pdfScreenShot" duration-ms="227" started-at="2022-06-05T23:21:15 IST" data-provider="pdfpathprovider" finished-at="2022-06-05T23:21:16 IST">
          <params>
            <param index="0">
              <value>
                <![CDATA[119.pdf]]>
              </value>
            </param>
            <param index="1">
              <value>
                <![CDATA[119.jpeg]]>
              </value>
            </param>
          </params>
          <reporter-output>
          </reporter-output>
        </test-method> <!-- pdfScreenShot -->
        <test-method status="PASS" signature="pdfScreenShot(java.lang.String, java.lang.String)[pri:0, instance:PESMCOE.PublicationScreenShot.PdfScreenShot@50d0686]" name="pdfScreenShot" duration-ms="245" started-at="2022-06-05T23:21:16 IST" data-provider="pdfpathprovider" finished-at="2022-06-05T23:21:16 IST">
          <params>
            <param index="0">
              <value>
                <![CDATA[12.pdf]]>
              </value>
            </param>
            <param index="1">
              <value>
                <![CDATA[12.jpeg]]>
              </value>
            </param>
          </params>
          <reporter-output>
          </reporter-output>
        </test-method> <!-- pdfScreenShot -->
        <test-method status="PASS" signature="pdfScreenShot(java.lang.String, java.lang.String)[pri:0, instance:PESMCOE.PublicationScreenShot.PdfScreenShot@50d0686]" name="pdfScreenShot" duration-ms="143" started-at="2022-06-05T23:21:16 IST" data-provider="pdfpathprovider" finished-at="2022-06-05T23:21:16 IST">
          <params>
            <param index="0">
              <value>
                <![CDATA[120.pdf]]>
              </value>
            </param>
            <param index="1">
              <value>
                <![CDATA[120.jpeg]]>
              </value>
            </param>
          </params>
          <reporter-output>
          </reporter-output>
        </test-method> <!-- pdfScreenShot -->
        <test-method status="PASS" signature="pdfScreenShot(java.lang.String, java.lang.String)[pri:0, instance:PESMCOE.PublicationScreenShot.PdfScreenShot@50d0686]" name="pdfScreenShot" duration-ms="137" started-at="2022-06-05T23:21:16 IST" data-provider="pdfpathprovider" finished-at="2022-06-05T23:21:16 IST">
          <params>
            <param index="0">
              <value>
                <![CDATA[121.pdf]]>
              </value>
            </param>
            <param index="1">
              <value>
                <![CDATA[121.jpeg]]>
              </value>
            </param>
          </params>
          <reporter-output>
          </reporter-output>
        </test-method> <!-- pdfScreenShot -->
        <test-method status="PASS" signature="pdfScreenShot(java.lang.String, java.lang.String)[pri:0, instance:PESMCOE.PublicationScreenShot.PdfScreenShot@50d0686]" name="pdfScreenShot" duration-ms="1565" started-at="2022-06-05T23:21:16 IST" data-provider="pdfpathprovider" finished-at="2022-06-05T23:21:18 IST">
          <params>
            <param index="0">
              <value>
                <![CDATA[122.pdf]]>
              </value>
            </param>
            <param index="1">
              <value>
                <![CDATA[122.jpeg]]>
              </value>
            </param>
          </params>
          <reporter-output>
          </reporter-output>
        </test-method> <!-- pdfScreenShot -->
        <test-method status="PASS" signature="pdfScreenShot(java.lang.String, java.lang.String)[pri:0, instance:PESMCOE.PublicationScreenShot.PdfScreenShot@50d0686]" name="pdfScreenShot" duration-ms="213" started-at="2022-06-05T23:21:18 IST" data-provider="pdfpathprovider" finished-at="2022-06-05T23:21:18 IST">
          <params>
            <param index="0">
              <value>
                <![CDATA[123.pdf]]>
              </value>
            </param>
            <param index="1">
              <value>
                <![CDATA[123.jpeg]]>
              </value>
            </param>
          </params>
          <reporter-output>
          </reporter-output>
        </test-method> <!-- pdfScreenShot -->
        <test-method status="PASS" signature="pdfScreenShot(java.lang.String, java.lang.String)[pri:0, instance:PESMCOE.PublicationScreenShot.PdfScreenShot@50d0686]" name="pdfScreenShot" duration-ms="150" started-at="2022-06-05T23:21:18 IST" data-provider="pdfpathprovider" finished-at="2022-06-05T23:21:18 IST">
          <params>
            <param index="0">
              <value>
                <![CDATA[124.pdf]]>
              </value>
            </param>
            <param index="1">
              <value>
                <![CDATA[124.jpeg]]>
              </value>
            </param>
          </params>
          <reporter-output>
          </reporter-output>
        </test-method> <!-- pdfScreenShot -->
        <test-method status="PASS" signature="pdfScreenShot(java.lang.String, java.lang.String)[pri:0, instance:PESMCOE.PublicationScreenShot.PdfScreenShot@50d0686]" name="pdfScreenShot" duration-ms="180" started-at="2022-06-05T23:21:18 IST" data-provider="pdfpathprovider" finished-at="2022-06-05T23:21:18 IST">
          <params>
            <param index="0">
              <value>
                <![CDATA[126.pdf]]>
              </value>
            </param>
            <param index="1">
              <value>
                <![CDATA[126.jpeg]]>
              </value>
            </param>
          </params>
          <reporter-output>
          </reporter-output>
        </test-method> <!-- pdfScreenShot -->
        <test-method status="PASS" signature="pdfScreenShot(java.lang.String, java.lang.String)[pri:0, instance:PESMCOE.PublicationScreenShot.PdfScreenShot@50d0686]" name="pdfScreenShot" duration-ms="172" started-at="2022-06-05T23:21:18 IST" data-provider="pdfpathprovider" finished-at="2022-06-05T23:21:18 IST">
          <params>
            <param index="0">
              <value>
                <![CDATA[127.pdf]]>
              </value>
            </param>
            <param index="1">
              <value>
                <![CDATA[127.jpeg]]>
              </value>
            </param>
          </params>
          <reporter-output>
          </reporter-output>
        </test-method> <!-- pdfScreenShot -->
        <test-method status="PASS" signature="pdfScreenShot(java.lang.String, java.lang.String)[pri:0, instance:PESMCOE.PublicationScreenShot.PdfScreenShot@50d0686]" name="pdfScreenShot" duration-ms="287" started-at="2022-06-05T23:21:18 IST" data-provider="pdfpathprovider" finished-at="2022-06-05T23:21:19 IST">
          <params>
            <param index="0">
              <value>
                <![CDATA[129.pdf]]>
              </value>
            </param>
            <param index="1">
              <value>
                <![CDATA[129.jpeg]]>
              </value>
            </param>
          </params>
          <reporter-output>
          </reporter-output>
        </test-method> <!-- pdfScreenShot -->
        <test-method status="PASS" signature="pdfScreenShot(java.lang.String, java.lang.String)[pri:0, instance:PESMCOE.PublicationScreenShot.PdfScreenShot@50d0686]" name="pdfScreenShot" duration-ms="156" started-at="2022-06-05T23:21:19 IST" data-provider="pdfpathprovider" finished-at="2022-06-05T23:21:19 IST">
          <params>
            <param index="0">
              <value>
                <![CDATA[13.pdf]]>
              </value>
            </param>
            <param index="1">
              <value>
                <![CDATA[13.jpeg]]>
              </value>
            </param>
          </params>
          <reporter-output>
          </reporter-output>
        </test-method> <!-- pdfScreenShot -->
        <test-method status="PASS" signature="pdfScreenShot(java.lang.String, java.lang.String)[pri:0, instance:PESMCOE.PublicationScreenShot.PdfScreenShot@50d0686]" name="pdfScreenShot" duration-ms="149" started-at="2022-06-05T23:21:19 IST" data-provider="pdfpathprovider" finished-at="2022-06-05T23:21:19 IST">
          <params>
            <param index="0">
              <value>
                <![CDATA[130.pdf]]>
              </value>
            </param>
            <param index="1">
              <value>
                <![CDATA[130.jpeg]]>
              </value>
            </param>
          </params>
          <reporter-output>
          </reporter-output>
        </test-method> <!-- pdfScreenShot -->
        <test-method status="PASS" signature="pdfScreenShot(java.lang.String, java.lang.String)[pri:0, instance:PESMCOE.PublicationScreenShot.PdfScreenShot@50d0686]" name="pdfScreenShot" duration-ms="195" started-at="2022-06-05T23:21:19 IST" data-provider="pdfpathprovider" finished-at="2022-06-05T23:21:19 IST">
          <params>
            <param index="0">
              <value>
                <![CDATA[131.pdf]]>
              </value>
            </param>
            <param index="1">
              <value>
                <![CDATA[131.jpeg]]>
              </value>
            </param>
          </params>
          <reporter-output>
          </reporter-output>
        </test-method> <!-- pdfScreenShot -->
        <test-method status="PASS" signature="pdfScreenShot(java.lang.String, java.lang.String)[pri:0, instance:PESMCOE.PublicationScreenShot.PdfScreenShot@50d0686]" name="pdfScreenShot" duration-ms="337" started-at="2022-06-05T23:21:19 IST" data-provider="pdfpathprovider" finished-at="2022-06-05T23:21:20 IST">
          <params>
            <param index="0">
              <value>
                <![CDATA[132.pdf]]>
              </value>
            </param>
            <param index="1">
              <value>
                <![CDATA[132.jpeg]]>
              </value>
            </param>
          </params>
          <reporter-output>
          </reporter-output>
        </test-method> <!-- pdfScreenShot -->
        <test-method status="PASS" signature="pdfScreenShot(java.lang.String, java.lang.String)[pri:0, instance:PESMCOE.PublicationScreenShot.PdfScreenShot@50d0686]" name="pdfScreenShot" duration-ms="304" started-at="2022-06-05T23:21:20 IST" data-provider="pdfpathprovider" finished-at="2022-06-05T23:21:20 IST">
          <params>
            <param index="0">
              <value>
                <![CDATA[133.pdf]]>
              </value>
            </param>
            <param index="1">
              <value>
                <![CDATA[133.jpeg]]>
              </value>
            </param>
          </params>
          <reporter-output>
          </reporter-output>
        </test-method> <!-- pdfScreenShot -->
        <test-method status="PASS" signature="pdfScreenShot(java.lang.String, java.lang.String)[pri:0, instance:PESMCOE.PublicationScreenShot.PdfScreenShot@50d0686]" name="pdfScreenShot" duration-ms="310" started-at="2022-06-05T23:21:20 IST" data-provider="pdfpathprovider" finished-at="2022-06-05T23:21:20 IST">
          <params>
            <param index="0">
              <value>
                <![CDATA[134.pdf]]>
              </value>
            </param>
            <param index="1">
              <value>
                <![CDATA[134.jpeg]]>
              </value>
            </param>
          </params>
          <reporter-output>
          </reporter-output>
        </test-method> <!-- pdfScreenShot -->
        <test-method status="PASS" signature="pdfScreenShot(java.lang.String, java.lang.String)[pri:0, instance:PESMCOE.PublicationScreenShot.PdfScreenShot@50d0686]" name="pdfScreenShot" duration-ms="335" started-at="2022-06-05T23:21:20 IST" data-provider="pdfpathprovider" finished-at="2022-06-05T23:21:21 IST">
          <params>
            <param index="0">
              <value>
                <![CDATA[137.pdf]]>
              </value>
            </param>
            <param index="1">
              <value>
                <![CDATA[137.jpeg]]>
              </value>
            </param>
          </params>
          <reporter-output>
          </reporter-output>
        </test-method> <!-- pdfScreenShot -->
        <test-method status="PASS" signature="pdfScreenShot(java.lang.String, java.lang.String)[pri:0, instance:PESMCOE.PublicationScreenShot.PdfScreenShot@50d0686]" name="pdfScreenShot" duration-ms="216" started-at="2022-06-05T23:21:21 IST" data-provider="pdfpathprovider" finished-at="2022-06-05T23:21:21 IST">
          <params>
            <param index="0">
              <value>
                <![CDATA[138.pdf]]>
              </value>
            </param>
            <param index="1">
              <value>
                <![CDATA[138.jpeg]]>
              </value>
            </param>
          </params>
          <reporter-output>
          </reporter-output>
        </test-method> <!-- pdfScreenShot -->
        <test-method status="PASS" signature="pdfScreenShot(java.lang.String, java.lang.String)[pri:0, instance:PESMCOE.PublicationScreenShot.PdfScreenShot@50d0686]" name="pdfScreenShot" duration-ms="201" started-at="2022-06-05T23:21:21 IST" data-provider="pdfpathprovider" finished-at="2022-06-05T23:21:21 IST">
          <params>
            <param index="0">
              <value>
                <![CDATA[139.pdf]]>
              </value>
            </param>
            <param index="1">
              <value>
                <![CDATA[139.jpeg]]>
              </value>
            </param>
          </params>
          <reporter-output>
          </reporter-output>
        </test-method> <!-- pdfScreenShot -->
        <test-method status="PASS" signature="pdfScreenShot(java.lang.String, java.lang.String)[pri:0, instance:PESMCOE.PublicationScreenShot.PdfScreenShot@50d0686]" name="pdfScreenShot" duration-ms="196" started-at="2022-06-05T23:21:21 IST" data-provider="pdfpathprovider" finished-at="2022-06-05T23:21:21 IST">
          <params>
            <param index="0">
              <value>
                <![CDATA[140.pdf]]>
              </value>
            </param>
            <param index="1">
              <value>
                <![CDATA[140.jpeg]]>
              </value>
            </param>
          </params>
          <reporter-output>
          </reporter-output>
        </test-method> <!-- pdfScreenShot -->
        <test-method status="PASS" signature="pdfScreenShot(java.lang.String, java.lang.String)[pri:0, instance:PESMCOE.PublicationScreenShot.PdfScreenShot@50d0686]" name="pdfScreenShot" duration-ms="179" started-at="2022-06-05T23:21:21 IST" data-provider="pdfpathprovider" finished-at="2022-06-05T23:21:21 IST">
          <params>
            <param index="0">
              <value>
                <![CDATA[141.pdf]]>
              </value>
            </param>
            <param index="1">
              <value>
                <![CDATA[141.jpeg]]>
              </value>
            </param>
          </params>
          <reporter-output>
          </reporter-output>
        </test-method> <!-- pdfScreenShot -->
        <test-method status="PASS" signature="pdfScreenShot(java.lang.String, java.lang.String)[pri:0, instance:PESMCOE.PublicationScreenShot.PdfScreenShot@50d0686]" name="pdfScreenShot" duration-ms="275" started-at="2022-06-05T23:21:21 IST" data-provider="pdfpathprovider" finished-at="2022-06-05T23:21:22 IST">
          <params>
            <param index="0">
              <value>
                <![CDATA[142.pdf]]>
              </value>
            </param>
            <param index="1">
              <value>
                <![CDATA[142.jpeg]]>
              </value>
            </param>
          </params>
          <reporter-output>
          </reporter-output>
        </test-method> <!-- pdfScreenShot -->
        <test-method status="PASS" signature="pdfScreenShot(java.lang.String, java.lang.String)[pri:0, instance:PESMCOE.PublicationScreenShot.PdfScreenShot@50d0686]" name="pdfScreenShot" duration-ms="131" started-at="2022-06-05T23:21:22 IST" data-provider="pdfpathprovider" finished-at="2022-06-05T23:21:22 IST">
          <params>
            <param index="0">
              <value>
                <![CDATA[143.pdf]]>
              </value>
            </param>
            <param index="1">
              <value>
                <![CDATA[143.jpeg]]>
              </value>
            </param>
          </params>
          <reporter-output>
          </reporter-output>
        </test-method> <!-- pdfScreenShot -->
        <test-method status="PASS" signature="pdfScreenShot(java.lang.String, java.lang.String)[pri:0, instance:PESMCOE.PublicationScreenShot.PdfScreenShot@50d0686]" name="pdfScreenShot" duration-ms="218" started-at="2022-06-05T23:21:22 IST" data-provider="pdfpathprovider" finished-at="2022-06-05T23:21:22 IST">
          <params>
            <param index="0">
              <value>
                <![CDATA[144.pdf]]>
              </value>
            </param>
            <param index="1">
              <value>
                <![CDATA[144.jpeg]]>
              </value>
            </param>
          </params>
          <reporter-output>
          </reporter-output>
        </test-method> <!-- pdfScreenShot -->
        <test-method status="PASS" signature="pdfScreenShot(java.lang.String, java.lang.String)[pri:0, instance:PESMCOE.PublicationScreenShot.PdfScreenShot@50d0686]" name="pdfScreenShot" duration-ms="189" started-at="2022-06-05T23:21:22 IST" data-provider="pdfpathprovider" finished-at="2022-06-05T23:21:22 IST">
          <params>
            <param index="0">
              <value>
                <![CDATA[145.pdf]]>
              </value>
            </param>
            <param index="1">
              <value>
                <![CDATA[145.jpeg]]>
              </value>
            </param>
          </params>
          <reporter-output>
          </reporter-output>
        </test-method> <!-- pdfScreenShot -->
        <test-method status="PASS" signature="pdfScreenShot(java.lang.String, java.lang.String)[pri:0, instance:PESMCOE.PublicationScreenShot.PdfScreenShot@50d0686]" name="pdfScreenShot" duration-ms="390" started-at="2022-06-05T23:21:22 IST" data-provider="pdfpathprovider" finished-at="2022-06-05T23:21:23 IST">
          <params>
            <param index="0">
              <value>
                <![CDATA[146.pdf]]>
              </value>
            </param>
            <param index="1">
              <value>
                <![CDATA[146.jpeg]]>
              </value>
            </param>
          </params>
          <reporter-output>
          </reporter-output>
        </test-method> <!-- pdfScreenShot -->
        <test-method status="PASS" signature="pdfScreenShot(java.lang.String, java.lang.String)[pri:0, instance:PESMCOE.PublicationScreenShot.PdfScreenShot@50d0686]" name="pdfScreenShot" duration-ms="421" started-at="2022-06-05T23:21:23 IST" data-provider="pdfpathprovider" finished-at="2022-06-05T23:21:23 IST">
          <params>
            <param index="0">
              <value>
                <![CDATA[147.pdf]]>
              </value>
            </param>
            <param index="1">
              <value>
                <![CDATA[147.jpeg]]>
              </value>
            </param>
          </params>
          <reporter-output>
          </reporter-output>
        </test-method> <!-- pdfScreenShot -->
        <test-method status="PASS" signature="pdfScreenShot(java.lang.String, java.lang.String)[pri:0, instance:PESMCOE.PublicationScreenShot.PdfScreenShot@50d0686]" name="pdfScreenShot" duration-ms="515" started-at="2022-06-05T23:21:23 IST" data-provider="pdfpathprovider" finished-at="2022-06-05T23:21:24 IST">
          <params>
            <param index="0">
              <value>
                <![CDATA[148.pdf]]>
              </value>
            </param>
            <param index="1">
              <value>
                <![CDATA[148.jpeg]]>
              </value>
            </param>
          </params>
          <reporter-output>
          </reporter-output>
        </test-method> <!-- pdfScreenShot -->
        <test-method status="PASS" signature="pdfScreenShot(java.lang.String, java.lang.String)[pri:0, instance:PESMCOE.PublicationScreenShot.PdfScreenShot@50d0686]" name="pdfScreenShot" duration-ms="216" started-at="2022-06-05T23:21:24 IST" data-provider="pdfpathprovider" finished-at="2022-06-05T23:21:24 IST">
          <params>
            <param index="0">
              <value>
                <![CDATA[149.pdf]]>
              </value>
            </param>
            <param index="1">
              <value>
                <![CDATA[149.jpeg]]>
              </value>
            </param>
          </params>
          <reporter-output>
          </reporter-output>
        </test-method> <!-- pdfScreenShot -->
        <test-method status="PASS" signature="pdfScreenShot(java.lang.String, java.lang.String)[pri:0, instance:PESMCOE.PublicationScreenShot.PdfScreenShot@50d0686]" name="pdfScreenShot" duration-ms="244" started-at="2022-06-05T23:21:24 IST" data-provider="pdfpathprovider" finished-at="2022-06-05T23:21:24 IST">
          <params>
            <param index="0">
              <value>
                <![CDATA[15.pdf]]>
              </value>
            </param>
            <param index="1">
              <value>
                <![CDATA[15.jpeg]]>
              </value>
            </param>
          </params>
          <reporter-output>
          </reporter-output>
        </test-method> <!-- pdfScreenShot -->
        <test-method status="PASS" signature="pdfScreenShot(java.lang.String, java.lang.String)[pri:0, instance:PESMCOE.PublicationScreenShot.PdfScreenShot@50d0686]" name="pdfScreenShot" duration-ms="331" started-at="2022-06-05T23:21:24 IST" data-provider="pdfpathprovider" finished-at="2022-06-05T23:21:24 IST">
          <params>
            <param index="0">
              <value>
                <![CDATA[151.pdf]]>
              </value>
            </param>
            <param index="1">
              <value>
                <![CDATA[151.jpeg]]>
              </value>
            </param>
          </params>
          <reporter-output>
          </reporter-output>
        </test-method> <!-- pdfScreenShot -->
        <test-method status="PASS" signature="pdfScreenShot(java.lang.String, java.lang.String)[pri:0, instance:PESMCOE.PublicationScreenShot.PdfScreenShot@50d0686]" name="pdfScreenShot" duration-ms="596" started-at="2022-06-05T23:21:24 IST" data-provider="pdfpathprovider" finished-at="2022-06-05T23:21:25 IST">
          <params>
            <param index="0">
              <value>
                <![CDATA[153.pdf]]>
              </value>
            </param>
            <param index="1">
              <value>
                <![CDATA[153.jpeg]]>
              </value>
            </param>
          </params>
          <reporter-output>
          </reporter-output>
        </test-method> <!-- pdfScreenShot -->
        <test-method status="PASS" signature="pdfScreenShot(java.lang.String, java.lang.String)[pri:0, instance:PESMCOE.PublicationScreenShot.PdfScreenShot@50d0686]" name="pdfScreenShot" duration-ms="1300" started-at="2022-06-05T23:21:25 IST" data-provider="pdfpathprovider" finished-at="2022-06-05T23:21:26 IST">
          <params>
            <param index="0">
              <value>
                <![CDATA[154.pdf]]>
              </value>
            </param>
            <param index="1">
              <value>
                <![CDATA[154.jpeg]]>
              </value>
            </param>
          </params>
          <reporter-output>
          </reporter-output>
        </test-method> <!-- pdfScreenShot -->
        <test-method status="PASS" signature="pdfScreenShot(java.lang.String, java.lang.String)[pri:0, instance:PESMCOE.PublicationScreenShot.PdfScreenShot@50d0686]" name="pdfScreenShot" duration-ms="569" started-at="2022-06-05T23:21:26 IST" data-provider="pdfpathprovider" finished-at="2022-06-05T23:21:27 IST">
          <params>
            <param index="0">
              <value>
                <![CDATA[157.pdf]]>
              </value>
            </param>
            <param index="1">
              <value>
                <![CDATA[157.jpeg]]>
              </value>
            </param>
          </params>
          <reporter-output>
          </reporter-output>
        </test-method> <!-- pdfScreenShot -->
        <test-method status="PASS" signature="pdfScreenShot(java.lang.String, java.lang.String)[pri:0, instance:PESMCOE.PublicationScreenShot.PdfScreenShot@50d0686]" name="pdfScreenShot" duration-ms="647" started-at="2022-06-05T23:21:27 IST" data-provider="pdfpathprovider" finished-at="2022-06-05T23:21:27 IST">
          <params>
            <param index="0">
              <value>
                <![CDATA[158.pdf]]>
              </value>
            </param>
            <param index="1">
              <value>
                <![CDATA[158.jpeg]]>
              </value>
            </param>
          </params>
          <reporter-output>
          </reporter-output>
        </test-method> <!-- pdfScreenShot -->
        <test-method status="PASS" signature="pdfScreenShot(java.lang.String, java.lang.String)[pri:0, instance:PESMCOE.PublicationScreenShot.PdfScreenShot@50d0686]" name="pdfScreenShot" duration-ms="141" started-at="2022-06-05T23:21:27 IST" data-provider="pdfpathprovider" finished-at="2022-06-05T23:21:28 IST">
          <params>
            <param index="0">
              <value>
                <![CDATA[159.pdf]]>
              </value>
            </param>
            <param index="1">
              <value>
                <![CDATA[159.jpeg]]>
              </value>
            </param>
          </params>
          <reporter-output>
          </reporter-output>
        </test-method> <!-- pdfScreenShot -->
        <test-method status="PASS" signature="pdfScreenShot(java.lang.String, java.lang.String)[pri:0, instance:PESMCOE.PublicationScreenShot.PdfScreenShot@50d0686]" name="pdfScreenShot" duration-ms="171" started-at="2022-06-05T23:21:28 IST" data-provider="pdfpathprovider" finished-at="2022-06-05T23:21:28 IST">
          <params>
            <param index="0">
              <value>
                <![CDATA[16.pdf]]>
              </value>
            </param>
            <param index="1">
              <value>
                <![CDATA[16.jpeg]]>
              </value>
            </param>
          </params>
          <reporter-output>
          </reporter-output>
        </test-method> <!-- pdfScreenShot -->
        <test-method status="PASS" signature="pdfScreenShot(java.lang.String, java.lang.String)[pri:0, instance:PESMCOE.PublicationScreenShot.PdfScreenShot@50d0686]" name="pdfScreenShot" duration-ms="173" started-at="2022-06-05T23:21:28 IST" data-provider="pdfpathprovider" finished-at="2022-06-05T23:21:28 IST">
          <params>
            <param index="0">
              <value>
                <![CDATA[160.pdf]]>
              </value>
            </param>
            <param index="1">
              <value>
                <![CDATA[160.jpeg]]>
              </value>
            </param>
          </params>
          <reporter-output>
          </reporter-output>
        </test-method> <!-- pdfScreenShot -->
        <test-method status="PASS" signature="pdfScreenShot(java.lang.String, java.lang.String)[pri:0, instance:PESMCOE.PublicationScreenShot.PdfScreenShot@50d0686]" name="pdfScreenShot" duration-ms="4775" started-at="2022-06-05T23:21:28 IST" data-provider="pdfpathprovider" finished-at="2022-06-05T23:21:33 IST">
          <params>
            <param index="0">
              <value>
                <![CDATA[161.pdf]]>
              </value>
            </param>
            <param index="1">
              <value>
                <![CDATA[161.jpeg]]>
              </value>
            </param>
          </params>
          <reporter-output>
          </reporter-output>
        </test-method> <!-- pdfScreenShot -->
        <test-method status="PASS" signature="pdfScreenShot(java.lang.String, java.lang.String)[pri:0, instance:PESMCOE.PublicationScreenShot.PdfScreenShot@50d0686]" name="pdfScreenShot" duration-ms="1042" started-at="2022-06-05T23:21:33 IST" data-provider="pdfpathprovider" finished-at="2022-06-05T23:21:34 IST">
          <params>
            <param index="0">
              <value>
                <![CDATA[162.pdf]]>
              </value>
            </param>
            <param index="1">
              <value>
                <![CDATA[162.jpeg]]>
              </value>
            </param>
          </params>
          <reporter-output>
          </reporter-output>
        </test-method> <!-- pdfScreenShot -->
        <test-method status="PASS" signature="pdfScreenShot(java.lang.String, java.lang.String)[pri:0, instance:PESMCOE.PublicationScreenShot.PdfScreenShot@50d0686]" name="pdfScreenShot" duration-ms="600" started-at="2022-06-05T23:21:34 IST" data-provider="pdfpathprovider" finished-at="2022-06-05T23:21:34 IST">
          <params>
            <param index="0">
              <value>
                <![CDATA[163.pdf]]>
              </value>
            </param>
            <param index="1">
              <value>
                <![CDATA[163.jpeg]]>
              </value>
            </param>
          </params>
          <reporter-output>
          </reporter-output>
        </test-method> <!-- pdfScreenShot -->
        <test-method status="PASS" signature="pdfScreenShot(java.lang.String, java.lang.String)[pri:0, instance:PESMCOE.PublicationScreenShot.PdfScreenShot@50d0686]" name="pdfScreenShot" duration-ms="255" started-at="2022-06-05T23:21:34 IST" data-provider="pdfpathprovider" finished-at="2022-06-05T23:21:35 IST">
          <params>
            <param index="0">
              <value>
                <![CDATA[164.pdf]]>
              </value>
            </param>
            <param index="1">
              <value>
                <![CDATA[164.jpeg]]>
              </value>
            </param>
          </params>
          <reporter-output>
          </reporter-output>
        </test-method> <!-- pdfScreenShot -->
        <test-method status="PASS" signature="pdfScreenShot(java.lang.String, java.lang.String)[pri:0, instance:PESMCOE.PublicationScreenShot.PdfScreenShot@50d0686]" name="pdfScreenShot" duration-ms="241" started-at="2022-06-05T23:21:35 IST" data-provider="pdfpathprovider" finished-at="2022-06-05T23:21:35 IST">
          <params>
            <param index="0">
              <value>
                <![CDATA[165.pdf]]>
              </value>
            </param>
            <param index="1">
              <value>
                <![CDATA[165.jpeg]]>
              </value>
            </param>
          </params>
          <reporter-output>
          </reporter-output>
        </test-method> <!-- pdfScreenShot -->
        <test-method status="PASS" signature="pdfScreenShot(java.lang.String, java.lang.String)[pri:0, instance:PESMCOE.PublicationScreenShot.PdfScreenShot@50d0686]" name="pdfScreenShot" duration-ms="138" started-at="2022-06-05T23:21:35 IST" data-provider="pdfpathprovider" finished-at="2022-06-05T23:21:35 IST">
          <params>
            <param index="0">
              <value>
                <![CDATA[166.pdf]]>
              </value>
            </param>
            <param index="1">
              <value>
                <![CDATA[166.jpeg]]>
              </value>
            </param>
          </params>
          <reporter-output>
          </reporter-output>
        </test-method> <!-- pdfScreenShot -->
        <test-method status="PASS" signature="pdfScreenShot(java.lang.String, java.lang.String)[pri:0, instance:PESMCOE.PublicationScreenShot.PdfScreenShot@50d0686]" name="pdfScreenShot" duration-ms="219" started-at="2022-06-05T23:21:35 IST" data-provider="pdfpathprovider" finished-at="2022-06-05T23:21:35 IST">
          <params>
            <param index="0">
              <value>
                <![CDATA[168.pdf]]>
              </value>
            </param>
            <param index="1">
              <value>
                <![CDATA[168.jpeg]]>
              </value>
            </param>
          </params>
          <reporter-output>
          </reporter-output>
        </test-method> <!-- pdfScreenShot -->
        <test-method status="PASS" signature="pdfScreenShot(java.lang.String, java.lang.String)[pri:0, instance:PESMCOE.PublicationScreenShot.PdfScreenShot@50d0686]" name="pdfScreenShot" duration-ms="129" started-at="2022-06-05T23:21:35 IST" data-provider="pdfpathprovider" finished-at="2022-06-05T23:21:35 IST">
          <params>
            <param index="0">
              <value>
                <![CDATA[17.pdf]]>
              </value>
            </param>
            <param index="1">
              <value>
                <![CDATA[17.jpeg]]>
              </value>
            </param>
          </params>
          <reporter-output>
          </reporter-output>
        </test-method> <!-- pdfScreenShot -->
        <test-method status="PASS" signature="pdfScreenShot(java.lang.String, java.lang.String)[pri:0, instance:PESMCOE.PublicationScreenShot.PdfScreenShot@50d0686]" name="pdfScreenShot" duration-ms="188" started-at="2022-06-05T23:21:35 IST" data-provider="pdfpathprovider" finished-at="2022-06-05T23:21:36 IST">
          <params>
            <param index="0">
              <value>
                <![CDATA[170.pdf]]>
              </value>
            </param>
            <param index="1">
              <value>
                <![CDATA[170.jpeg]]>
              </value>
            </param>
          </params>
          <reporter-output>
          </reporter-output>
        </test-method> <!-- pdfScreenShot -->
        <test-method status="PASS" signature="pdfScreenShot(java.lang.String, java.lang.String)[pri:0, instance:PESMCOE.PublicationScreenShot.PdfScreenShot@50d0686]" name="pdfScreenShot" duration-ms="1689" started-at="2022-06-05T23:21:36 IST" data-provider="pdfpathprovider" finished-at="2022-06-05T23:21:37 IST">
          <params>
            <param index="0">
              <value>
                <![CDATA[171.pdf]]>
              </value>
            </param>
            <param index="1">
              <value>
                <![CDATA[171.jpeg]]>
              </value>
            </param>
          </params>
          <reporter-output>
          </reporter-output>
        </test-method> <!-- pdfScreenShot -->
        <test-method status="PASS" signature="pdfScreenShot(java.lang.String, java.lang.String)[pri:0, instance:PESMCOE.PublicationScreenShot.PdfScreenShot@50d0686]" name="pdfScreenShot" duration-ms="219" started-at="2022-06-05T23:21:37 IST" data-provider="pdfpathprovider" finished-at="2022-06-05T23:21:37 IST">
          <params>
            <param index="0">
              <value>
                <![CDATA[173.pdf]]>
              </value>
            </param>
            <param index="1">
              <value>
                <![CDATA[173.jpeg]]>
              </value>
            </param>
          </params>
          <reporter-output>
          </reporter-output>
        </test-method> <!-- pdfScreenShot -->
        <test-method status="PASS" signature="pdfScreenShot(java.lang.String, java.lang.String)[pri:0, instance:PESMCOE.PublicationScreenShot.PdfScreenShot@50d0686]" name="pdfScreenShot" duration-ms="241" started-at="2022-06-05T23:21:37 IST" data-provider="pdfpathprovider" finished-at="2022-06-05T23:21:38 IST">
          <params>
            <param index="0">
              <value>
                <![CDATA[174.pdf]]>
              </value>
            </param>
            <param index="1">
              <value>
                <![CDATA[174.jpeg]]>
              </value>
            </param>
          </params>
          <reporter-output>
          </reporter-output>
        </test-method> <!-- pdfScreenShot -->
        <test-method status="PASS" signature="pdfScreenShot(java.lang.String, java.lang.String)[pri:0, instance:PESMCOE.PublicationScreenShot.PdfScreenShot@50d0686]" name="pdfScreenShot" duration-ms="152" started-at="2022-06-05T23:21:38 IST" data-provider="pdfpathprovider" finished-at="2022-06-05T23:21:38 IST">
          <params>
            <param index="0">
              <value>
                <![CDATA[175.pdf]]>
              </value>
            </param>
            <param index="1">
              <value>
                <![CDATA[175.jpeg]]>
              </value>
            </param>
          </params>
          <reporter-output>
          </reporter-output>
        </test-method> <!-- pdfScreenShot -->
        <test-method status="PASS" signature="pdfScreenShot(java.lang.String, java.lang.String)[pri:0, instance:PESMCOE.PublicationScreenShot.PdfScreenShot@50d0686]" name="pdfScreenShot" duration-ms="253" started-at="2022-06-05T23:21:38 IST" data-provider="pdfpathprovider" finished-at="2022-06-05T23:21:38 IST">
          <params>
            <param index="0">
              <value>
                <![CDATA[176.pdf]]>
              </value>
            </param>
            <param index="1">
              <value>
                <![CDATA[176.jpeg]]>
              </value>
            </param>
          </params>
          <reporter-output>
          </reporter-output>
        </test-method> <!-- pdfScreenShot -->
        <test-method status="PASS" signature="pdfScreenShot(java.lang.String, java.lang.String)[pri:0, instance:PESMCOE.PublicationScreenShot.PdfScreenShot@50d0686]" name="pdfScreenShot" duration-ms="892" started-at="2022-06-05T23:21:38 IST" data-provider="pdfpathprovider" finished-at="2022-06-05T23:21:39 IST">
          <params>
            <param index="0">
              <value>
                <![CDATA[177.pdf]]>
              </value>
            </param>
            <param index="1">
              <value>
                <![CDATA[177.jpeg]]>
              </value>
            </param>
          </params>
          <reporter-output>
          </reporter-output>
        </test-method> <!-- pdfScreenShot -->
        <test-method status="PASS" signature="pdfScreenShot(java.lang.String, java.lang.String)[pri:0, instance:PESMCOE.PublicationScreenShot.PdfScreenShot@50d0686]" name="pdfScreenShot" duration-ms="1174" started-at="2022-06-05T23:21:39 IST" data-provider="pdfpathprovider" finished-at="2022-06-05T23:21:40 IST">
          <params>
            <param index="0">
              <value>
                <![CDATA[178.pdf]]>
              </value>
            </param>
            <param index="1">
              <value>
                <![CDATA[178.jpeg]]>
              </value>
            </param>
          </params>
          <reporter-output>
          </reporter-output>
        </test-method> <!-- pdfScreenShot -->
        <test-method status="PASS" signature="pdfScreenShot(java.lang.String, java.lang.String)[pri:0, instance:PESMCOE.PublicationScreenShot.PdfScreenShot@50d0686]" name="pdfScreenShot" duration-ms="527" started-at="2022-06-05T23:21:40 IST" data-provider="pdfpathprovider" finished-at="2022-06-05T23:21:41 IST">
          <params>
            <param index="0">
              <value>
                <![CDATA[179.pdf]]>
              </value>
            </param>
            <param index="1">
              <value>
                <![CDATA[179.jpeg]]>
              </value>
            </param>
          </params>
          <reporter-output>
          </reporter-output>
        </test-method> <!-- pdfScreenShot -->
        <test-method status="PASS" signature="pdfScreenShot(java.lang.String, java.lang.String)[pri:0, instance:PESMCOE.PublicationScreenShot.PdfScreenShot@50d0686]" name="pdfScreenShot" duration-ms="350" started-at="2022-06-05T23:21:41 IST" data-provider="pdfpathprovider" finished-at="2022-06-05T23:21:41 IST">
          <params>
            <param index="0">
              <value>
                <![CDATA[18.pdf]]>
              </value>
            </param>
            <param index="1">
              <value>
                <![CDATA[18.jpeg]]>
              </value>
            </param>
          </params>
          <reporter-output>
          </reporter-output>
        </test-method> <!-- pdfScreenShot -->
        <test-method status="PASS" signature="pdfScreenShot(java.lang.String, java.lang.String)[pri:0, instance:PESMCOE.PublicationScreenShot.PdfScreenShot@50d0686]" name="pdfScreenShot" duration-ms="936" started-at="2022-06-05T23:21:41 IST" data-provider="pdfpathprovider" finished-at="2022-06-05T23:21:42 IST">
          <params>
            <param index="0">
              <value>
                <![CDATA[180.pdf]]>
              </value>
            </param>
            <param index="1">
              <value>
                <![CDATA[180.jpeg]]>
              </value>
            </param>
          </params>
          <reporter-output>
          </reporter-output>
        </test-method> <!-- pdfScreenShot -->
        <test-method status="PASS" signature="pdfScreenShot(java.lang.String, java.lang.String)[pri:0, instance:PESMCOE.PublicationScreenShot.PdfScreenShot@50d0686]" name="pdfScreenShot" duration-ms="1000" started-at="2022-06-05T23:21:42 IST" data-provider="pdfpathprovider" finished-at="2022-06-05T23:21:43 IST">
          <params>
            <param index="0">
              <value>
                <![CDATA[181.pdf]]>
              </value>
            </param>
            <param index="1">
              <value>
                <![CDATA[181.jpeg]]>
              </value>
            </param>
          </params>
          <reporter-output>
          </reporter-output>
        </test-method> <!-- pdfScreenShot -->
        <test-method status="PASS" signature="pdfScreenShot(java.lang.String, java.lang.String)[pri:0, instance:PESMCOE.PublicationScreenShot.PdfScreenShot@50d0686]" name="pdfScreenShot" duration-ms="178" started-at="2022-06-05T23:21:43 IST" data-provider="pdfpathprovider" finished-at="2022-06-05T23:21:43 IST">
          <params>
            <param index="0">
              <value>
                <![CDATA[19.pdf]]>
              </value>
            </param>
            <param index="1">
              <value>
                <![CDATA[19.jpeg]]>
              </value>
            </param>
          </params>
          <reporter-output>
          </reporter-output>
        </test-method> <!-- pdfScreenShot -->
        <test-method status="PASS" signature="pdfScreenShot(java.lang.String, java.lang.String)[pri:0, instance:PESMCOE.PublicationScreenShot.PdfScreenShot@50d0686]" name="pdfScreenShot" duration-ms="162" started-at="2022-06-05T23:21:43 IST" data-provider="pdfpathprovider" finished-at="2022-06-05T23:21:43 IST">
          <params>
            <param index="0">
              <value>
                <![CDATA[193.pdf]]>
              </value>
            </param>
            <param index="1">
              <value>
                <![CDATA[193.jpeg]]>
              </value>
            </param>
          </params>
          <reporter-output>
          </reporter-output>
        </test-method> <!-- pdfScreenShot -->
        <test-method status="PASS" signature="pdfScreenShot(java.lang.String, java.lang.String)[pri:0, instance:PESMCOE.PublicationScreenShot.PdfScreenShot@50d0686]" name="pdfScreenShot" duration-ms="364" started-at="2022-06-05T23:21:43 IST" data-provider="pdfpathprovider" finished-at="2022-06-05T23:21:44 IST">
          <params>
            <param index="0">
              <value>
                <![CDATA[194.pdf]]>
              </value>
            </param>
            <param index="1">
              <value>
                <![CDATA[194.jpeg]]>
              </value>
            </param>
          </params>
          <reporter-output>
          </reporter-output>
        </test-method> <!-- pdfScreenShot -->
        <test-method status="PASS" signature="pdfScreenShot(java.lang.String, java.lang.String)[pri:0, instance:PESMCOE.PublicationScreenShot.PdfScreenShot@50d0686]" name="pdfScreenShot" duration-ms="669" started-at="2022-06-05T23:21:44 IST" data-provider="pdfpathprovider" finished-at="2022-06-05T23:21:44 IST">
          <params>
            <param index="0">
              <value>
                <![CDATA[195.pdf]]>
              </value>
            </param>
            <param index="1">
              <value>
                <![CDATA[195.jpeg]]>
              </value>
            </param>
          </params>
          <reporter-output>
          </reporter-output>
        </test-method> <!-- pdfScreenShot -->
        <test-method status="PASS" signature="pdfScreenShot(java.lang.String, java.lang.String)[pri:0, instance:PESMCOE.PublicationScreenShot.PdfScreenShot@50d0686]" name="pdfScreenShot" duration-ms="217" started-at="2022-06-05T23:21:44 IST" data-provider="pdfpathprovider" finished-at="2022-06-05T23:21:45 IST">
          <params>
            <param index="0">
              <value>
                <![CDATA[198.pdf]]>
              </value>
            </param>
            <param index="1">
              <value>
                <![CDATA[198.jpeg]]>
              </value>
            </param>
          </params>
          <reporter-output>
          </reporter-output>
        </test-method> <!-- pdfScreenShot -->
        <test-method status="PASS" signature="pdfScreenShot(java.lang.String, java.lang.String)[pri:0, instance:PESMCOE.PublicationScreenShot.PdfScreenShot@50d0686]" name="pdfScreenShot" duration-ms="209" started-at="2022-06-05T23:21:45 IST" data-provider="pdfpathprovider" finished-at="2022-06-05T23:21:45 IST">
          <params>
            <param index="0">
              <value>
                <![CDATA[199.pdf]]>
              </value>
            </param>
            <param index="1">
              <value>
                <![CDATA[199.jpeg]]>
              </value>
            </param>
          </params>
          <reporter-output>
          </reporter-output>
        </test-method> <!-- pdfScreenShot -->
        <test-method status="PASS" signature="pdfScreenShot(java.lang.String, java.lang.String)[pri:0, instance:PESMCOE.PublicationScreenShot.PdfScreenShot@50d0686]" name="pdfScreenShot" duration-ms="381" started-at="2022-06-05T23:21:45 IST" data-provider="pdfpathprovider" finished-at="2022-06-05T23:21:45 IST">
          <params>
            <param index="0">
              <value>
                <![CDATA[2.pdf]]>
              </value>
            </param>
            <param index="1">
              <value>
                <![CDATA[2.jpeg]]>
              </value>
            </param>
          </params>
          <reporter-output>
          </reporter-output>
        </test-method> <!-- pdfScreenShot -->
        <test-method status="PASS" signature="pdfScreenShot(java.lang.String, java.lang.String)[pri:0, instance:PESMCOE.PublicationScreenShot.PdfScreenShot@50d0686]" name="pdfScreenShot" duration-ms="242" started-at="2022-06-05T23:21:45 IST" data-provider="pdfpathprovider" finished-at="2022-06-05T23:21:45 IST">
          <params>
            <param index="0">
              <value>
                <![CDATA[201.pdf]]>
              </value>
            </param>
            <param index="1">
              <value>
                <![CDATA[201.jpeg]]>
              </value>
            </param>
          </params>
          <reporter-output>
          </reporter-output>
        </test-method> <!-- pdfScreenShot -->
        <test-method status="PASS" signature="pdfScreenShot(java.lang.String, java.lang.String)[pri:0, instance:PESMCOE.PublicationScreenShot.PdfScreenShot@50d0686]" name="pdfScreenShot" duration-ms="168" started-at="2022-06-05T23:21:45 IST" data-provider="pdfpathprovider" finished-at="2022-06-05T23:21:46 IST">
          <params>
            <param index="0">
              <value>
                <![CDATA[202.pdf]]>
              </value>
            </param>
            <param index="1">
              <value>
                <![CDATA[202.jpeg]]>
              </value>
            </param>
          </params>
          <reporter-output>
          </reporter-output>
        </test-method> <!-- pdfScreenShot -->
        <test-method status="PASS" signature="pdfScreenShot(java.lang.String, java.lang.String)[pri:0, instance:PESMCOE.PublicationScreenShot.PdfScreenShot@50d0686]" name="pdfScreenShot" duration-ms="187" started-at="2022-06-05T23:21:46 IST" data-provider="pdfpathprovider" finished-at="2022-06-05T23:21:46 IST">
          <params>
            <param index="0">
              <value>
                <![CDATA[203.pdf]]>
              </value>
            </param>
            <param index="1">
              <value>
                <![CDATA[203.jpeg]]>
              </value>
            </param>
          </params>
          <reporter-output>
          </reporter-output>
        </test-method> <!-- pdfScreenShot -->
        <test-method status="PASS" signature="pdfScreenShot(java.lang.String, java.lang.String)[pri:0, instance:PESMCOE.PublicationScreenShot.PdfScreenShot@50d0686]" name="pdfScreenShot" duration-ms="124" started-at="2022-06-05T23:21:46 IST" data-provider="pdfpathprovider" finished-at="2022-06-05T23:21:46 IST">
          <params>
            <param index="0">
              <value>
                <![CDATA[204.pdf]]>
              </value>
            </param>
            <param index="1">
              <value>
                <![CDATA[204.jpeg]]>
              </value>
            </param>
          </params>
          <reporter-output>
          </reporter-output>
        </test-method> <!-- pdfScreenShot -->
        <test-method status="PASS" signature="pdfScreenShot(java.lang.String, java.lang.String)[pri:0, instance:PESMCOE.PublicationScreenShot.PdfScreenShot@50d0686]" name="pdfScreenShot" duration-ms="197" started-at="2022-06-05T23:21:46 IST" data-provider="pdfpathprovider" finished-at="2022-06-05T23:21:46 IST">
          <params>
            <param index="0">
              <value>
                <![CDATA[205.pdf]]>
              </value>
            </param>
            <param index="1">
              <value>
                <![CDATA[205.jpeg]]>
              </value>
            </param>
          </params>
          <reporter-output>
          </reporter-output>
        </test-method> <!-- pdfScreenShot -->
        <test-method status="PASS" signature="pdfScreenShot(java.lang.String, java.lang.String)[pri:0, instance:PESMCOE.PublicationScreenShot.PdfScreenShot@50d0686]" name="pdfScreenShot" duration-ms="154" started-at="2022-06-05T23:21:46 IST" data-provider="pdfpathprovider" finished-at="2022-06-05T23:21:46 IST">
          <params>
            <param index="0">
              <value>
                <![CDATA[207.pdf]]>
              </value>
            </param>
            <param index="1">
              <value>
                <![CDATA[207.jpeg]]>
              </value>
            </param>
          </params>
          <reporter-output>
          </reporter-output>
        </test-method> <!-- pdfScreenShot -->
        <test-method status="PASS" signature="pdfScreenShot(java.lang.String, java.lang.String)[pri:0, instance:PESMCOE.PublicationScreenShot.PdfScreenShot@50d0686]" name="pdfScreenShot" duration-ms="141" started-at="2022-06-05T23:21:46 IST" data-provider="pdfpathprovider" finished-at="2022-06-05T23:21:46 IST">
          <params>
            <param index="0">
              <value>
                <![CDATA[208.pdf]]>
              </value>
            </param>
            <param index="1">
              <value>
                <![CDATA[208.jpeg]]>
              </value>
            </param>
          </params>
          <reporter-output>
          </reporter-output>
        </test-method> <!-- pdfScreenShot -->
        <test-method status="PASS" signature="pdfScreenShot(java.lang.String, java.lang.String)[pri:0, instance:PESMCOE.PublicationScreenShot.PdfScreenShot@50d0686]" name="pdfScreenShot" duration-ms="408" started-at="2022-06-05T23:21:46 IST" data-provider="pdfpathprovider" finished-at="2022-06-05T23:21:47 IST">
          <params>
            <param index="0">
              <value>
                <![CDATA[209.pdf]]>
              </value>
            </param>
            <param index="1">
              <value>
                <![CDATA[209.jpeg]]>
              </value>
            </param>
          </params>
          <reporter-output>
          </reporter-output>
        </test-method> <!-- pdfScreenShot -->
        <test-method status="PASS" signature="pdfScreenShot(java.lang.String, java.lang.String)[pri:0, instance:PESMCOE.PublicationScreenShot.PdfScreenShot@50d0686]" name="pdfScreenShot" duration-ms="429" started-at="2022-06-05T23:21:47 IST" data-provider="pdfpathprovider" finished-at="2022-06-05T23:21:47 IST">
          <params>
            <param index="0">
              <value>
                <![CDATA[21.pdf]]>
              </value>
            </param>
            <param index="1">
              <value>
                <![CDATA[21.jpeg]]>
              </value>
            </param>
          </params>
          <reporter-output>
          </reporter-output>
        </test-method> <!-- pdfScreenShot -->
        <test-method status="PASS" signature="pdfScreenShot(java.lang.String, java.lang.String)[pri:0, instance:PESMCOE.PublicationScreenShot.PdfScreenShot@50d0686]" name="pdfScreenShot" duration-ms="84" started-at="2022-06-05T23:21:47 IST" data-provider="pdfpathprovider" finished-at="2022-06-05T23:21:47 IST">
          <params>
            <param index="0">
              <value>
                <![CDATA[210.pdf]]>
              </value>
            </param>
            <param index="1">
              <value>
                <![CDATA[210.jpeg]]>
              </value>
            </param>
          </params>
          <reporter-output>
          </reporter-output>
        </test-method> <!-- pdfScreenShot -->
        <test-method status="PASS" signature="pdfScreenShot(java.lang.String, java.lang.String)[pri:0, instance:PESMCOE.PublicationScreenShot.PdfScreenShot@50d0686]" name="pdfScreenShot" duration-ms="137" started-at="2022-06-05T23:21:47 IST" data-provider="pdfpathprovider" finished-at="2022-06-05T23:21:48 IST">
          <params>
            <param index="0">
              <value>
                <![CDATA[211.pdf]]>
              </value>
            </param>
            <param index="1">
              <value>
                <![CDATA[211.jpeg]]>
              </value>
            </param>
          </params>
          <reporter-output>
          </reporter-output>
        </test-method> <!-- pdfScreenShot -->
        <test-method status="PASS" signature="pdfScreenShot(java.lang.String, java.lang.String)[pri:0, instance:PESMCOE.PublicationScreenShot.PdfScreenShot@50d0686]" name="pdfScreenShot" duration-ms="333" started-at="2022-06-05T23:21:48 IST" data-provider="pdfpathprovider" finished-at="2022-06-05T23:21:48 IST">
          <params>
            <param index="0">
              <value>
                <![CDATA[212.pdf]]>
              </value>
            </param>
            <param index="1">
              <value>
                <![CDATA[212.jpeg]]>
              </value>
            </param>
          </params>
          <reporter-output>
          </reporter-output>
        </test-method> <!-- pdfScreenShot -->
        <test-method status="PASS" signature="pdfScreenShot(java.lang.String, java.lang.String)[pri:0, instance:PESMCOE.PublicationScreenShot.PdfScreenShot@50d0686]" name="pdfScreenShot" duration-ms="124" started-at="2022-06-05T23:21:48 IST" data-provider="pdfpathprovider" finished-at="2022-06-05T23:21:48 IST">
          <params>
            <param index="0">
              <value>
                <![CDATA[213.pdf]]>
              </value>
            </param>
            <param index="1">
              <value>
                <![CDATA[213.jpeg]]>
              </value>
            </param>
          </params>
          <reporter-output>
          </reporter-output>
        </test-method> <!-- pdfScreenShot -->
        <test-method status="PASS" signature="pdfScreenShot(java.lang.String, java.lang.String)[pri:0, instance:PESMCOE.PublicationScreenShot.PdfScreenShot@50d0686]" name="pdfScreenShot" duration-ms="150" started-at="2022-06-05T23:21:48 IST" data-provider="pdfpathprovider" finished-at="2022-06-05T23:21:48 IST">
          <params>
            <param index="0">
              <value>
                <![CDATA[214.pdf]]>
              </value>
            </param>
            <param index="1">
              <value>
                <![CDATA[214.jpeg]]>
              </value>
            </param>
          </params>
          <reporter-output>
          </reporter-output>
        </test-method> <!-- pdfScreenShot -->
        <test-method status="PASS" signature="pdfScreenShot(java.lang.String, java.lang.String)[pri:0, instance:PESMCOE.PublicationScreenShot.PdfScreenShot@50d0686]" name="pdfScreenShot" duration-ms="200" started-at="2022-06-05T23:21:48 IST" data-provider="pdfpathprovider" finished-at="2022-06-05T23:21:48 IST">
          <params>
            <param index="0">
              <value>
                <![CDATA[215.pdf]]>
              </value>
            </param>
            <param index="1">
              <value>
                <![CDATA[215.jpeg]]>
              </value>
            </param>
          </params>
          <reporter-output>
          </reporter-output>
        </test-method> <!-- pdfScreenShot -->
        <test-method status="PASS" signature="pdfScreenShot(java.lang.String, java.lang.String)[pri:0, instance:PESMCOE.PublicationScreenShot.PdfScreenShot@50d0686]" name="pdfScreenShot" duration-ms="284" started-at="2022-06-05T23:21:48 IST" data-provider="pdfpathprovider" finished-at="2022-06-05T23:21:49 IST">
          <params>
            <param index="0">
              <value>
                <![CDATA[217.pdf]]>
              </value>
            </param>
            <param index="1">
              <value>
                <![CDATA[217.jpeg]]>
              </value>
            </param>
          </params>
          <reporter-output>
          </reporter-output>
        </test-method> <!-- pdfScreenShot -->
        <test-method status="PASS" signature="pdfScreenShot(java.lang.String, java.lang.String)[pri:0, instance:PESMCOE.PublicationScreenShot.PdfScreenShot@50d0686]" name="pdfScreenShot" duration-ms="130" started-at="2022-06-05T23:21:49 IST" data-provider="pdfpathprovider" finished-at="2022-06-05T23:21:49 IST">
          <params>
            <param index="0">
              <value>
                <![CDATA[218.pdf]]>
              </value>
            </param>
            <param index="1">
              <value>
                <![CDATA[218.jpeg]]>
              </value>
            </param>
          </params>
          <reporter-output>
          </reporter-output>
        </test-method> <!-- pdfScreenShot -->
        <test-method status="PASS" signature="pdfScreenShot(java.lang.String, java.lang.String)[pri:0, instance:PESMCOE.PublicationScreenShot.PdfScreenShot@50d0686]" name="pdfScreenShot" duration-ms="116" started-at="2022-06-05T23:21:49 IST" data-provider="pdfpathprovider" finished-at="2022-06-05T23:21:49 IST">
          <params>
            <param index="0">
              <value>
                <![CDATA[219.pdf]]>
              </value>
            </param>
            <param index="1">
              <value>
                <![CDATA[219.jpeg]]>
              </value>
            </param>
          </params>
          <reporter-output>
          </reporter-output>
        </test-method> <!-- pdfScreenShot -->
        <test-method status="PASS" signature="pdfScreenShot(java.lang.String, java.lang.String)[pri:0, instance:PESMCOE.PublicationScreenShot.PdfScreenShot@50d0686]" name="pdfScreenShot" duration-ms="127" started-at="2022-06-05T23:21:49 IST" data-provider="pdfpathprovider" finished-at="2022-06-05T23:21:49 IST">
          <params>
            <param index="0">
              <value>
                <![CDATA[22.pdf]]>
              </value>
            </param>
            <param index="1">
              <value>
                <![CDATA[22.jpeg]]>
              </value>
            </param>
          </params>
          <reporter-output>
          </reporter-output>
        </test-method> <!-- pdfScreenShot -->
        <test-method status="PASS" signature="pdfScreenShot(java.lang.String, java.lang.String)[pri:0, instance:PESMCOE.PublicationScreenShot.PdfScreenShot@50d0686]" name="pdfScreenShot" duration-ms="149" started-at="2022-06-05T23:21:49 IST" data-provider="pdfpathprovider" finished-at="2022-06-05T23:21:49 IST">
          <params>
            <param index="0">
              <value>
                <![CDATA[220.pdf]]>
              </value>
            </param>
            <param index="1">
              <value>
                <![CDATA[220.jpeg]]>
              </value>
            </param>
          </params>
          <reporter-output>
          </reporter-output>
        </test-method> <!-- pdfScreenShot -->
        <test-method status="PASS" signature="pdfScreenShot(java.lang.String, java.lang.String)[pri:0, instance:PESMCOE.PublicationScreenShot.PdfScreenShot@50d0686]" name="pdfScreenShot" duration-ms="127" started-at="2022-06-05T23:21:49 IST" data-provider="pdfpathprovider" finished-at="2022-06-05T23:21:49 IST">
          <params>
            <param index="0">
              <value>
                <![CDATA[221.pdf]]>
              </value>
            </param>
            <param index="1">
              <value>
                <![CDATA[221.jpeg]]>
              </value>
            </param>
          </params>
          <reporter-output>
          </reporter-output>
        </test-method> <!-- pdfScreenShot -->
        <test-method status="PASS" signature="pdfScreenShot(java.lang.String, java.lang.String)[pri:0, instance:PESMCOE.PublicationScreenShot.PdfScreenShot@50d0686]" name="pdfScreenShot" duration-ms="256" started-at="2022-06-05T23:21:49 IST" data-provider="pdfpathprovider" finished-at="2022-06-05T23:21:50 IST">
          <params>
            <param index="0">
              <value>
                <![CDATA[222.pdf]]>
              </value>
            </param>
            <param index="1">
              <value>
                <![CDATA[222.jpeg]]>
              </value>
            </param>
          </params>
          <reporter-output>
          </reporter-output>
        </test-method> <!-- pdfScreenShot -->
        <test-method status="PASS" signature="pdfScreenShot(java.lang.String, java.lang.String)[pri:0, instance:PESMCOE.PublicationScreenShot.PdfScreenShot@50d0686]" name="pdfScreenShot" duration-ms="54" started-at="2022-06-05T23:21:50 IST" data-provider="pdfpathprovider" finished-at="2022-06-05T23:21:50 IST">
          <params>
            <param index="0">
              <value>
                <![CDATA[223.pdf]]>
              </value>
            </param>
            <param index="1">
              <value>
                <![CDATA[223.jpeg]]>
              </value>
            </param>
          </params>
          <reporter-output>
          </reporter-output>
        </test-method> <!-- pdfScreenShot -->
        <test-method status="PASS" signature="pdfScreenShot(java.lang.String, java.lang.String)[pri:0, instance:PESMCOE.PublicationScreenShot.PdfScreenShot@50d0686]" name="pdfScreenShot" duration-ms="419" started-at="2022-06-05T23:21:50 IST" data-provider="pdfpathprovider" finished-at="2022-06-05T23:21:50 IST">
          <params>
            <param index="0">
              <value>
                <![CDATA[225.pdf]]>
              </value>
            </param>
            <param index="1">
              <value>
                <![CDATA[225.jpeg]]>
              </value>
            </param>
          </params>
          <reporter-output>
          </reporter-output>
        </test-method> <!-- pdfScreenShot -->
        <test-method status="PASS" signature="pdfScreenShot(java.lang.String, java.lang.String)[pri:0, instance:PESMCOE.PublicationScreenShot.PdfScreenShot@50d0686]" name="pdfScreenShot" duration-ms="1335" started-at="2022-06-05T23:21:50 IST" data-provider="pdfpathprovider" finished-at="2022-06-05T23:21:51 IST">
          <params>
            <param index="0">
              <value>
                <![CDATA[226.pdf]]>
              </value>
            </param>
            <param index="1">
              <value>
                <![CDATA[226.jpeg]]>
              </value>
            </param>
          </params>
          <reporter-output>
          </reporter-output>
        </test-method> <!-- pdfScreenShot -->
        <test-method status="PASS" signature="pdfScreenShot(java.lang.String, java.lang.String)[pri:0, instance:PESMCOE.PublicationScreenShot.PdfScreenShot@50d0686]" name="pdfScreenShot" duration-ms="216" started-at="2022-06-05T23:21:51 IST" data-provider="pdfpathprovider" finished-at="2022-06-05T23:21:52 IST">
          <params>
            <param index="0">
              <value>
                <![CDATA[228.pdf]]>
              </value>
            </param>
            <param index="1">
              <value>
                <![CDATA[228.jpeg]]>
              </value>
            </param>
          </params>
          <reporter-output>
          </reporter-output>
        </test-method> <!-- pdfScreenShot -->
        <test-method status="PASS" signature="pdfScreenShot(java.lang.String, java.lang.String)[pri:0, instance:PESMCOE.PublicationScreenShot.PdfScreenShot@50d0686]" name="pdfScreenShot" duration-ms="189" started-at="2022-06-05T23:21:52 IST" data-provider="pdfpathprovider" finished-at="2022-06-05T23:21:52 IST">
          <params>
            <param index="0">
              <value>
                <![CDATA[229.pdf]]>
              </value>
            </param>
            <param index="1">
              <value>
                <![CDATA[229.jpeg]]>
              </value>
            </param>
          </params>
          <reporter-output>
          </reporter-output>
        </test-method> <!-- pdfScreenShot -->
        <test-method status="PASS" signature="pdfScreenShot(java.lang.String, java.lang.String)[pri:0, instance:PESMCOE.PublicationScreenShot.PdfScreenShot@50d0686]" name="pdfScreenShot" duration-ms="148" started-at="2022-06-05T23:21:52 IST" data-provider="pdfpathprovider" finished-at="2022-06-05T23:21:52 IST">
          <params>
[...]
          <params>
            <param index="0">
              <value>
                <![CDATA[70.pdf]]>
              </value>
            </param>
            <param index="1">
              <value>
                <![CDATA[70.jpeg]]>
              </value>
            </param>
          </params>
          <reporter-output>
          </reporter-output>
        </test-method> <!-- pdfScreenShot -->
        <test-method status="PASS" signature="pdfScreenShot(java.lang.String, java.lang.String)[pri:0, instance:PESMCOE.PublicationScreenShot.PdfScreenShot@50d0686]" name="pdfScreenShot" duration-ms="145" started-at="2022-06-05T23:22:42 IST" data-provider="pdfpathprovider" finished-at="2022-06-05T23:22:42 IST">
          <params>
            <param index="0">
              <value>
                <![CDATA[71.pdf]]>
              </value>
            </param>
            <param index="1">
              <value>
                <![CDATA[71.jpeg]]>
              </value>
            </param>
          </params>
          <reporter-output>
          </reporter-output>
        </test-method> <!-- pdfScreenShot -->
        <test-method status="PASS" signature="pdfScreenShot(java.lang.String, java.lang.String)[pri:0, instance:PESMCOE.PublicationScreenShot.PdfScreenShot@50d0686]" name="pdfScreenShot" duration-ms="79" started-at="2022-06-05T23:22:42 IST" data-provider="pdfpathprovider" finished-at="2022-06-05T23:22:42 IST">
          <params>
            <param index="0">
              <value>
                <![CDATA[72.pdf]]>
              </value>
            </param>
            <param index="1">
              <value>
                <![CDATA[72.jpeg]]>
              </value>
            </param>
          </params>
          <reporter-output>
          </reporter-output>
        </test-method> <!-- pdfScreenShot -->
        <test-method status="PASS" signature="pdfScreenShot(java.lang.String, java.lang.String)[pri:0, instance:PESMCOE.PublicationScreenShot.PdfScreenShot@50d0686]" name="pdfScreenShot" duration-ms="188" started-at="2022-06-05T23:22:42 IST" data-provider="pdfpathprovider" finished-at="2022-06-05T23:22:42 IST">
          <params>
            <param index="0">
              <value>
                <![CDATA[75.pdf]]>
              </value>
            </param>
            <param index="1">
              <value>
                <![CDATA[75.jpeg]]>
              </value>
            </param>
          </params>
          <reporter-output>
          </reporter-output>
        </test-method> <!-- pdfScreenShot -->
        <test-method status="PASS" signature="pdfScreenShot(java.lang.String, java.lang.String)[pri:0, instance:PESMCOE.PublicationScreenShot.PdfScreenShot@50d0686]" name="pdfScreenShot" duration-ms="167" started-at="2022-06-05T23:22:42 IST" data-provider="pdfpathprovider" finished-at="2022-06-05T23:22:42 IST">
          <params>
            <param index="0">
              <value>
                <![CDATA[77.pdf]]>
              </value>
            </param>
            <param index="1">
              <value>
                <![CDATA[77.jpeg]]>
              </value>
            </param>
          </params>
          <reporter-output>
          </reporter-output>
        </test-method> <!-- pdfScreenShot -->
        <test-method status="PASS" signature="pdfScreenShot(java.lang.String, java.lang.String)[pri:0, instance:PESMCOE.PublicationScreenShot.PdfScreenShot@50d0686]" name="pdfScreenShot" duration-ms="178" started-at="2022-06-05T23:22:42 IST" data-provider="pdfpathprovider" finished-at="2022-06-05T23:22:42 IST">
          <params>
            <param index="0">
              <value>
                <![CDATA[78.pdf]]>
              </value>
            </param>
            <param index="1">
              <value>
                <![CDATA[78.jpeg]]>
              </value>
            </param>
          </params>
          <reporter-output>
          </reporter-output>
        </test-method> <!-- pdfScreenShot -->
        <test-method status="PASS" signature="pdfScreenShot(java.lang.String, java.lang.String)[pri:0, instance:PESMCOE.PublicationScreenShot.PdfScreenShot@50d0686]" name="pdfScreenShot" duration-ms="198" started-at="2022-06-05T23:22:42 IST" data-provider="pdfpathprovider" finished-at="2022-06-05T23:22:43 IST">
          <params>
            <param index="0">
              <value>
                <![CDATA[79.pdf]]>
              </value>
            </param>
            <param index="1">
              <value>
                <![CDATA[79.jpeg]]>
              </value>
            </param>
          </params>
          <reporter-output>
          </reporter-output>
        </test-method> <!-- pdfScreenShot -->
        <test-method status="PASS" signature="pdfScreenShot(java.lang.String, java.lang.String)[pri:0, instance:PESMCOE.PublicationScreenShot.PdfScreenShot@50d0686]" name="pdfScreenShot" duration-ms="506" started-at="2022-06-05T23:22:43 IST" data-provider="pdfpathprovider" finished-at="2022-06-05T23:22:43 IST">
          <params>
            <param index="0">
              <value>
                <![CDATA[8.pdf]]>
              </value>
            </param>
            <param index="1">
              <value>
                <![CDATA[8.jpeg]]>
              </value>
            </param>
          </params>
          <reporter-output>
          </reporter-output>
        </test-method> <!-- pdfScreenShot -->
        <test-method status="PASS" signature="pdfScreenShot(java.lang.String, java.lang.String)[pri:0, instance:PESMCOE.PublicationScreenShot.PdfScreenShot@50d0686]" name="pdfScreenShot" duration-ms="284" started-at="2022-06-05T23:22:43 IST" data-provider="pdfpathprovider" finished-at="2022-06-05T23:22:43 IST">
          <params>
            <param index="0">
              <value>
                <![CDATA[80.pdf]]>
              </value>
            </param>
            <param index="1">
              <value>
                <![CDATA[80.jpeg]]>
              </value>
            </param>
          </params>
          <reporter-output>
          </reporter-output>
        </test-method> <!-- pdfScreenShot -->
        <test-method status="PASS" signature="pdfScreenShot(java.lang.String, java.lang.String)[pri:0, instance:PESMCOE.PublicationScreenShot.PdfScreenShot@50d0686]" name="pdfScreenShot" duration-ms="255" started-at="2022-06-05T23:22:43 IST" data-provider="pdfpathprovider" finished-at="2022-06-05T23:22:44 IST">
          <params>
            <param index="0">
              <value>
                <![CDATA[81.pdf]]>
              </value>
            </param>
            <param index="1">
              <value>
                <![CDATA[81.jpeg]]>
              </value>
            </param>
          </params>
          <reporter-output>
          </reporter-output>
        </test-method> <!-- pdfScreenShot -->
        <test-method status="PASS" signature="pdfScreenShot(java.lang.String, java.lang.String)[pri:0, instance:PESMCOE.PublicationScreenShot.PdfScreenShot@50d0686]" name="pdfScreenShot" duration-ms="133" started-at="2022-06-05T23:22:44 IST" data-provider="pdfpathprovider" finished-at="2022-06-05T23:22:44 IST">
          <params>
            <param index="0">
              <value>
                <![CDATA[82.pdf]]>
              </value>
            </param>
            <param index="1">
              <value>
                <![CDATA[82.jpeg]]>
              </value>
            </param>
          </params>
          <reporter-output>
          </reporter-output>
        </test-method> <!-- pdfScreenShot -->
        <test-method status="PASS" signature="pdfScreenShot(java.lang.String, java.lang.String)[pri:0, instance:PESMCOE.PublicationScreenShot.PdfScreenShot@50d0686]" name="pdfScreenShot" duration-ms="150" started-at="2022-06-05T23:22:44 IST" data-provider="pdfpathprovider" finished-at="2022-06-05T23:22:44 IST">
          <params>
            <param index="0">
              <value>
                <![CDATA[83.pdf]]>
              </value>
            </param>
            <param index="1">
              <value>
                <![CDATA[83.jpeg]]>
              </value>
            </param>
          </params>
          <reporter-output>
          </reporter-output>
        </test-method> <!-- pdfScreenShot -->
        <test-method status="PASS" signature="pdfScreenShot(java.lang.String, java.lang.String)[pri:0, instance:PESMCOE.PublicationScreenShot.PdfScreenShot@50d0686]" name="pdfScreenShot" duration-ms="140" started-at="2022-06-05T23:22:44 IST" data-provider="pdfpathprovider" finished-at="2022-06-05T23:22:44 IST">
          <params>
            <param index="0">
              <value>
                <![CDATA[84.pdf]]>
              </value>
            </param>
            <param index="1">
              <value>
                <![CDATA[84.jpeg]]>
              </value>
            </param>
          </params>
          <reporter-output>
          </reporter-output>
        </test-method> <!-- pdfScreenShot -->
        <test-method status="PASS" signature="pdfScreenShot(java.lang.String, java.lang.String)[pri:0, instance:PESMCOE.PublicationScreenShot.PdfScreenShot@50d0686]" name="pdfScreenShot" duration-ms="174" started-at="2022-06-05T23:22:44 IST" data-provider="pdfpathprovider" finished-at="2022-06-05T23:22:44 IST">
          <params>
            <param index="0">
              <value>
                <![CDATA[85.pdf]]>
              </value>
            </param>
            <param index="1">
              <value>
                <![CDATA[85.jpeg]]>
              </value>
            </param>
          </params>
          <reporter-output>
          </reporter-output>
        </test-method> <!-- pdfScreenShot -->
        <test-method status="PASS" signature="pdfScreenShot(java.lang.String, java.lang.String)[pri:0, instance:PESMCOE.PublicationScreenShot.PdfScreenShot@50d0686]" name="pdfScreenShot" duration-ms="160" started-at="2022-06-05T23:22:44 IST" data-provider="pdfpathprovider" finished-at="2022-06-05T23:22:44 IST">
          <params>
            <param index="0">
              <value>
                <![CDATA[86.pdf]]>
              </value>
            </param>
            <param index="1">
              <value>
                <![CDATA[86.jpeg]]>
              </value>
            </param>
          </params>
          <reporter-output>
          </reporter-output>
        </test-method> <!-- pdfScreenShot -->
        <test-method status="PASS" signature="pdfScreenShot(java.lang.String, java.lang.String)[pri:0, instance:PESMCOE.PublicationScreenShot.PdfScreenShot@50d0686]" name="pdfScreenShot" duration-ms="146" started-at="2022-06-05T23:22:44 IST" data-provider="pdfpathprovider" finished-at="2022-06-05T23:22:45 IST">
          <params>
            <param index="0">
              <value>
                <![CDATA[87.pdf]]>
              </value>
            </param>
            <param index="1">
              <value>
                <![CDATA[87.jpeg]]>
              </value>
            </param>
          </params>
          <reporter-output>
          </reporter-output>
        </test-method> <!-- pdfScreenShot -->
        <test-method status="PASS" signature="pdfScreenShot(java.lang.String, java.lang.String)[pri:0, instance:PESMCOE.PublicationScreenShot.PdfScreenShot@50d0686]" name="pdfScreenShot" duration-ms="169" started-at="2022-06-05T23:22:45 IST" data-provider="pdfpathprovider" finished-at="2022-06-05T23:22:45 IST">
          <params>
            <param index="0">
              <value>
                <![CDATA[88.pdf]]>
              </value>
            </param>
            <param index="1">
              <value>
                <![CDATA[88.jpeg]]>
              </value>
            </param>
          </params>
          <reporter-output>
          </reporter-output>
        </test-method> <!-- pdfScreenShot -->
        <test-method status="PASS" signature="pdfScreenShot(java.lang.String, java.lang.String)[pri:0, instance:PESMCOE.PublicationScreenShot.PdfScreenShot@50d0686]" name="pdfScreenShot" duration-ms="142" started-at="2022-06-05T23:22:45 IST" data-provider="pdfpathprovider" finished-at="2022-06-05T23:22:45 IST">
          <params>
            <param index="0">
              <value>
                <![CDATA[89.pdf]]>
              </value>
            </param>
            <param index="1">
              <value>
                <![CDATA[89.jpeg]]>
              </value>
            </param>
          </params>
          <reporter-output>
          </reporter-output>
        </test-method> <!-- pdfScreenShot -->
        <test-method status="PASS" signature="pdfScreenShot(java.lang.String, java.lang.String)[pri:0, instance:PESMCOE.PublicationScreenShot.PdfScreenShot@50d0686]" name="pdfScreenShot" duration-ms="162" started-at="2022-06-05T23:22:45 IST" data-provider="pdfpathprovider" finished-at="2022-06-05T23:22:45 IST">
          <params>
            <param index="0">
              <value>
                <![CDATA[9.pdf]]>
              </value>
            </param>
            <param index="1">
              <value>
                <![CDATA[9.jpeg]]>
              </value>
            </param>
          </params>
          <reporter-output>
          </reporter-output>
        </test-method> <!-- pdfScreenShot -->
        <test-method status="PASS" signature="pdfScreenShot(java.lang.String, java.lang.String)[pri:0, instance:PESMCOE.PublicationScreenShot.PdfScreenShot@50d0686]" name="pdfScreenShot" duration-ms="171" started-at="2022-06-05T23:22:45 IST" data-provider="pdfpathprovider" finished-at="2022-06-05T23:22:45 IST">
          <params>
            <param index="0">
              <value>
                <![CDATA[90.pdf]]>
              </value>
            </param>
            <param index="1">
              <value>
                <![CDATA[90.jpeg]]>
              </value>
            </param>
          </params>
          <reporter-output>
          </reporter-output>
        </test-method> <!-- pdfScreenShot -->
        <test-method status="PASS" signature="pdfScreenShot(java.lang.String, java.lang.String)[pri:0, instance:PESMCOE.PublicationScreenShot.PdfScreenShot@50d0686]" name="pdfScreenShot" duration-ms="111" started-at="2022-06-05T23:22:45 IST" data-provider="pdfpathprovider" finished-at="2022-06-05T23:22:45 IST">
          <params>
            <param index="0">
              <value>
                <![CDATA[91.pdf]]>
              </value>
            </param>
            <param index="1">
              <value>
                <![CDATA[91.jpeg]]>
              </value>
            </param>
          </params>
          <reporter-output>
          </reporter-output>
        </test-method> <!-- pdfScreenShot -->
        <test-method status="PASS" signature="pdfScreenShot(java.lang.String, java.lang.String)[pri:0, instance:PESMCOE.PublicationScreenShot.PdfScreenShot@50d0686]" name="pdfScreenShot" duration-ms="301" started-at="2022-06-05T23:22:45 IST" data-provider="pdfpathprovider" finished-at="2022-06-05T23:22:46 IST">
          <params>
            <param index="0">
              <value>
                <![CDATA[92.pdf]]>
              </value>
            </param>
            <param index="1">
              <value>
                <![CDATA[92.jpeg]]>
              </value>
            </param>
          </params>
          <reporter-output>
          </reporter-output>
        </test-method> <!-- pdfScreenShot -->
        <test-method status="PASS" signature="pdfScreenShot(java.lang.String, java.lang.String)[pri:0, instance:PESMCOE.PublicationScreenShot.PdfScreenShot@50d0686]" name="pdfScreenShot" duration-ms="502" started-at="2022-06-05T23:22:46 IST" data-provider="pdfpathprovider" finished-at="2022-06-05T23:22:46 IST">
          <params>
            <param index="0">
              <value>
                <![CDATA[93.pdf]]>
              </value>
            </param>
            <param index="1">
              <value>
                <![CDATA[93.jpeg]]>
              </value>
            </param>
          </params>
          <reporter-output>
          </reporter-output>
        </test-method> <!-- pdfScreenShot -->
        <test-method status="PASS" signature="pdfScreenShot(java.lang.String, java.lang.String)[pri:0, instance:PESMCOE.PublicationScreenShot.PdfScreenShot@50d0686]" name="pdfScreenShot" duration-ms="251" started-at="2022-06-05T23:22:46 IST" data-provider="pdfpathprovider" finished-at="2022-06-05T23:22:46 IST">
          <params>
            <param index="0">
              <value>
                <![CDATA[94.pdf]]>
              </value>
            </param>
            <param index="1">
              <value>
                <![CDATA[94.jpeg]]>
              </value>
            </param>
          </params>
          <reporter-output>
          </reporter-output>
        </test-method> <!-- pdfScreenShot -->
        <test-method status="PASS" signature="pdfScreenShot(java.lang.String, java.lang.String)[pri:0, instance:PESMCOE.PublicationScreenShot.PdfScreenShot@50d0686]" name="pdfScreenShot" duration-ms="380" started-at="2022-06-05T23:22:46 IST" data-provider="pdfpathprovider" finished-at="2022-06-05T23:22:47 IST">
          <params>
            <param index="0">
              <value>
                <![CDATA[95.pdf]]>
              </value>
            </param>
            <param index="1">
              <value>
                <![CDATA[95.jpeg]]>
              </value>
            </param>
          </params>
          <reporter-output>
          </reporter-output>
        </test-method> <!-- pdfScreenShot -->
        <test-method status="PASS" signature="pdfScreenShot(java.lang.String, java.lang.String)[pri:0, instance:PESMCOE.PublicationScreenShot.PdfScreenShot@50d0686]" name="pdfScreenShot" duration-ms="235" started-at="2022-06-05T23:22:47 IST" data-provider="pdfpathprovider" finished-at="2022-06-05T23:22:47 IST">
          <params>
            <param index="0">
              <value>
                <![CDATA[96.pdf]]>
              </value>
            </param>
            <param index="1">
              <value>
                <![CDATA[96.jpeg]]>
              </value>
            </param>
          </params>
          <reporter-output>
          </reporter-output>
        </test-method> <!-- pdfScreenShot -->
        <test-method status="PASS" signature="pdfScreenShot(java.lang.String, java.lang.String)[pri:0, instance:PESMCOE.PublicationScreenShot.PdfScreenShot@50d0686]" name="pdfScreenShot" duration-ms="157" started-at="2022-06-05T23:22:47 IST" data-provider="pdfpathprovider" finished-at="2022-06-05T23:22:47 IST">
          <params>
            <param index="0">
              <value>
                <![CDATA[97.pdf]]>
              </value>
            </param>
            <param index="1">
              <value>
                <![CDATA[97.jpeg]]>
              </value>
            </param>
          </params>
          <reporter-output>
          </reporter-output>
        </test-method> <!-- pdfScreenShot -->
        <test-method status="PASS" signature="pdfScreenShot(java.lang.String, java.lang.String)[pri:0, instance:PESMCOE.PublicationScreenShot.PdfScreenShot@50d0686]" name="pdfScreenShot" duration-ms="138" started-at="2022-06-05T23:22:47 IST" data-provider="pdfpathprovider" finished-at="2022-06-05T23:22:47 IST">
          <params>
            <param index="0">
              <value>
                <![CDATA[99.pdf]]>
              </value>
            </param>
            <param index="1">
              <value>
                <![CDATA[99.jpeg]]>
              </value>
            </param>
          </params>
          <reporter-output>
          </reporter-output>
        </test-method> <!-- pdfScreenShot -->
      </class> <!-- PESMCOE.PublicationScreenShot.PdfScreenShot -->
    </test> <!-- Test -->
  </suite> <!-- Suite -->
</testng-results>
